[2024-12-21T23:06:05.699+0000] Started a DiskCache2 scour task on /usr/local/tomcat/content/thredds/cache/agg every 1440 minutes for files older than 129600 minutes
[2024-12-21T23:06:05.700+0000] Started a DiskCache2 scour task on /usr/local/tomcat/content/thredds/cache/aggNew/ every 1440 minutes for files older than 129600 minutes
[2024-12-21T23:06:05.785+0000] Started a DiskCache2 scour task on /usr/local/tomcat/content/thredds/cache/ncss every 10 minutes for files older than 5 minutes
[2024-12-21T23:06:08.561+0000] Started a DiskCache2 scour task on /usr/local/tomcat/content/thredds/cache/wcs every 15 minutes for files older than 30 minutes
[2024-12-21T23:09:41.183+0000] Started a DiskCache2 scour task on /usr/local/tomcat/content/thredds/cache/agg every 1440 minutes for files older than 129600 minutes
[2024-12-21T23:09:41.184+0000] Started a DiskCache2 scour task on /usr/local/tomcat/content/thredds/cache/aggNew/ every 1440 minutes for files older than 129600 minutes
[2024-12-21T23:09:41.273+0000] Started a DiskCache2 scour task on /usr/local/tomcat/content/thredds/cache/ncss every 10 minutes for files older than 5 minutes
[2024-12-21T23:09:44.078+0000] Started a DiskCache2 scour task on /usr/local/tomcat/content/thredds/cache/wcs every 15 minutes for files older than 30 minutes
[2024-12-21T23:10:41.704+0000] Started a DiskCache2 scour task on /usr/local/tomcat/content/thredds/cache/agg every 1440 minutes for files older than 129600 minutes
[2024-12-21T23:10:41.704+0000] Started a DiskCache2 scour task on /usr/local/tomcat/content/thredds/cache/aggNew/ every 1440 minutes for files older than 129600 minutes
[2024-12-21T23:10:41.776+0000] Started a DiskCache2 scour task on /usr/local/tomcat/content/thredds/cache/ncss every 10 minutes for files older than 5 minutes
[2024-12-21T23:10:44.463+0000] Started a DiskCache2 scour task on /usr/local/tomcat/content/thredds/cache/wcs every 15 minutes for files older than 30 minutes
[2025-01-14T04:23:30.243+0000] Started a DiskCache2 scour task on /usr/local/tomcat/content/thredds/cache/agg every 1440 minutes for files older than 129600 minutes
[2025-01-14T04:23:30.247+0000] Started a DiskCache2 scour task on /usr/local/tomcat/content/thredds/cache/aggNew/ every 1440 minutes for files older than 129600 minutes
[2025-01-14T04:23:30.404+0000] Started a DiskCache2 scour task on /usr/local/tomcat/content/thredds/cache/ncss every 10 minutes for files older than 5 minutes
[2025-01-14T04:23:34.881+0000] Started a DiskCache2 scour task on /usr/local/tomcat/content/thredds/cache/wcs every 15 minutes for files older than 30 minutes
[2025-01-16T02:13:23.248+0000] Started a DiskCache2 scour task on /usr/local/tomcat/content/thredds/cache/agg every 1440 minutes for files older than 129600 minutes
[2025-01-16T02:13:23.249+0000] Started a DiskCache2 scour task on /usr/local/tomcat/content/thredds/cache/aggNew/ every 1440 minutes for files older than 129600 minutes
[2025-01-16T02:13:23.360+0000] Started a DiskCache2 scour task on /usr/local/tomcat/content/thredds/cache/ncss every 10 minutes for files older than 5 minutes
[2025-01-16T02:13:26.647+0000] Started a DiskCache2 scour task on /usr/local/tomcat/content/thredds/cache/wcs every 15 minutes for files older than 30 minutes
[2025-01-16T02:17:59.309+0000] Started a DiskCache2 scour task on /usr/local/tomcat/content/thredds/cache/agg every 1440 minutes for files older than 129600 minutes
[2025-01-16T02:17:59.310+0000] Started a DiskCache2 scour task on /usr/local/tomcat/content/thredds/cache/aggNew/ every 1440 minutes for files older than 129600 minutes
[2025-01-16T02:17:59.416+0000] Started a DiskCache2 scour task on /usr/local/tomcat/content/thredds/cache/ncss every 10 minutes for files older than 5 minutes
[2025-01-16T02:18:03.328+0000] Started a DiskCache2 scour task on /usr/local/tomcat/content/thredds/cache/wcs every 15 minutes for files older than 30 minutes
[2025-01-16T02:19:17.871+0000] Started a DiskCache2 scour task on /usr/local/tomcat/content/thredds/cache/agg every 1440 minutes for files older than 129600 minutes
[2025-01-16T02:19:17.871+0000] Started a DiskCache2 scour task on /usr/local/tomcat/content/thredds/cache/aggNew/ every 1440 minutes for files older than 129600 minutes
[2025-01-16T02:19:18.041+0000] Started a DiskCache2 scour task on /usr/local/tomcat/content/thredds/cache/ncss every 10 minutes for files older than 5 minutes
[2025-01-16T02:19:21.946+0000] Started a DiskCache2 scour task on /usr/local/tomcat/content/thredds/cache/wcs every 15 minutes for files older than 30 minutes
[2025-01-16T02:22:34.867+0000] Started a DiskCache2 scour task on /usr/local/tomcat/content/thredds/cache/agg every 1440 minutes for files older than 129600 minutes
[2025-01-16T02:22:34.868+0000] Started a DiskCache2 scour task on /usr/local/tomcat/content/thredds/cache/aggNew/ every 1440 minutes for files older than 129600 minutes
[2025-01-16T02:22:34.950+0000] Started a DiskCache2 scour task on /usr/local/tomcat/content/thredds/cache/ncss every 10 minutes for files older than 5 minutes
[2025-01-16T02:22:38.595+0000] Started a DiskCache2 scour task on /usr/local/tomcat/content/thredds/cache/wcs every 15 minutes for files older than 30 minutes
[2025-01-16T02:26:32.136+0000] Started a DiskCache2 scour task on /usr/local/tomcat/content/thredds/cache/agg every 1440 minutes for files older than 129600 minutes
[2025-01-16T02:26:32.136+0000] Started a DiskCache2 scour task on /usr/local/tomcat/content/thredds/cache/aggNew/ every 1440 minutes for files older than 129600 minutes
[2025-01-16T02:26:32.192+0000] Started a DiskCache2 scour task on /usr/local/tomcat/content/thredds/cache/ncss every 10 minutes for files older than 5 minutes
[2025-01-16T02:26:35.111+0000] Started a DiskCache2 scour task on /usr/local/tomcat/content/thredds/cache/wcs every 15 minutes for files older than 30 minutes
[2025-01-16T02:35:21.967+0000] Started a DiskCache2 scour task on /usr/local/tomcat/content/thredds/cache/agg every 1440 minutes for files older than 129600 minutes
[2025-01-16T02:35:21.967+0000] Started a DiskCache2 scour task on /usr/local/tomcat/content/thredds/cache/aggNew/ every 1440 minutes for files older than 129600 minutes
[2025-01-16T02:35:22.083+0000] Started a DiskCache2 scour task on /usr/local/tomcat/content/thredds/cache/ncss every 10 minutes for files older than 5 minutes
[2025-01-16T02:35:24.860+0000] Started a DiskCache2 scour task on /usr/local/tomcat/content/thredds/cache/wcs every 15 minutes for files older than 30 minutes
[2025-01-16T02:39:14.094+0000] Started a DiskCache2 scour task on /usr/local/tomcat/content/thredds/cache/agg every 1440 minutes for files older than 129600 minutes
[2025-01-16T02:39:14.094+0000] Started a DiskCache2 scour task on /usr/local/tomcat/content/thredds/cache/aggNew/ every 1440 minutes for files older than 129600 minutes
[2025-01-16T02:39:14.195+0000] Started a DiskCache2 scour task on /usr/local/tomcat/content/thredds/cache/ncss every 10 minutes for files older than 5 minutes
[2025-01-16T02:39:17.870+0000] Started a DiskCache2 scour task on /usr/local/tomcat/content/thredds/cache/wcs every 15 minutes for files older than 30 minutes
[2025-01-16T03:09:55.443+0000] Started a DiskCache2 scour task on /usr/local/tomcat/content/thredds/cache/agg every 1440 minutes for files older than 129600 minutes
[2025-01-16T03:09:55.444+0000] Started a DiskCache2 scour task on /usr/local/tomcat/content/thredds/cache/aggNew/ every 1440 minutes for files older than 129600 minutes
[2025-01-16T03:09:55.545+0000] Started a DiskCache2 scour task on /usr/local/tomcat/content/thredds/cache/ncss every 10 minutes for files older than 5 minutes
[2025-01-16T03:09:59.336+0000] Started a DiskCache2 scour task on /usr/local/tomcat/content/thredds/cache/wcs every 15 minutes for files older than 30 minutes
[2025-01-16T03:14:16.093+0000] Started a DiskCache2 scour task on /usr/local/tomcat/content/thredds/cache/agg every 1440 minutes for files older than 129600 minutes
[2025-01-16T03:14:16.093+0000] Started a DiskCache2 scour task on /usr/local/tomcat/content/thredds/cache/aggNew/ every 1440 minutes for files older than 129600 minutes
[2025-01-16T03:14:16.216+0000] Started a DiskCache2 scour task on /usr/local/tomcat/content/thredds/cache/ncss every 10 minutes for files older than 5 minutes
[2025-01-16T03:14:18.920+0000] Started a DiskCache2 scour task on /usr/local/tomcat/content/thredds/cache/wcs every 15 minutes for files older than 30 minutes
[2025-01-16T03:16:11.645+0000] Started a DiskCache2 scour task on /usr/local/tomcat/content/thredds/cache/agg every 1440 minutes for files older than 129600 minutes
[2025-01-16T03:16:11.645+0000] Started a DiskCache2 scour task on /usr/local/tomcat/content/thredds/cache/aggNew/ every 1440 minutes for files older than 129600 minutes
[2025-01-16T03:16:11.724+0000] Started a DiskCache2 scour task on /usr/local/tomcat/content/thredds/cache/ncss every 10 minutes for files older than 5 minutes
[2025-01-16T03:16:15.540+0000] Started a DiskCache2 scour task on /usr/local/tomcat/content/thredds/cache/wcs every 15 minutes for files older than 30 minutes
[2025-01-16T03:19:01.639+0000] Started a DiskCache2 scour task on /usr/local/tomcat/content/thredds/cache/agg every 1440 minutes for files older than 129600 minutes
[2025-01-16T03:19:01.640+0000] Started a DiskCache2 scour task on /usr/local/tomcat/content/thredds/cache/aggNew/ every 1440 minutes for files older than 129600 minutes
[2025-01-16T03:19:01.738+0000] Started a DiskCache2 scour task on /usr/local/tomcat/content/thredds/cache/ncss every 10 minutes for files older than 5 minutes
[2025-01-16T03:19:05.356+0000] Started a DiskCache2 scour task on /usr/local/tomcat/content/thredds/cache/wcs every 15 minutes for files older than 30 minutes
[2025-01-16T03:20:39.156+0000] Started a DiskCache2 scour task on /usr/local/tomcat/content/thredds/cache/agg every 1440 minutes for files older than 129600 minutes
[2025-01-16T03:20:39.157+0000] Started a DiskCache2 scour task on /usr/local/tomcat/content/thredds/cache/aggNew/ every 1440 minutes for files older than 129600 minutes
[2025-01-16T03:20:39.275+0000] Started a DiskCache2 scour task on /usr/local/tomcat/content/thredds/cache/ncss every 10 minutes for files older than 5 minutes
[2025-01-16T03:20:42.677+0000] Started a DiskCache2 scour task on /usr/local/tomcat/content/thredds/cache/wcs every 15 minutes for files older than 30 minutes
[2025-01-16T03:23:42.049+0000] Started a DiskCache2 scour task on /usr/local/tomcat/content/thredds/cache/agg every 1440 minutes for files older than 129600 minutes
[2025-01-16T03:23:42.050+0000] Started a DiskCache2 scour task on /usr/local/tomcat/content/thredds/cache/aggNew/ every 1440 minutes for files older than 129600 minutes
[2025-01-16T03:23:42.128+0000] Started a DiskCache2 scour task on /usr/local/tomcat/content/thredds/cache/ncss every 10 minutes for files older than 5 minutes
[2025-01-16T03:23:47.459+0000] Started a DiskCache2 scour task on /usr/local/tomcat/content/thredds/cache/wcs every 15 minutes for files older than 30 minutes
[2025-01-16T03:24:59.032+0000] Started a DiskCache2 scour task on /usr/local/tomcat/content/thredds/cache/agg every 1440 minutes for files older than 129600 minutes
[2025-01-16T03:24:59.033+0000] Started a DiskCache2 scour task on /usr/local/tomcat/content/thredds/cache/aggNew/ every 1440 minutes for files older than 129600 minutes
[2025-01-16T03:24:59.130+0000] Started a DiskCache2 scour task on /usr/local/tomcat/content/thredds/cache/ncss every 10 minutes for files older than 5 minutes
[2025-01-16T03:25:02.298+0000] Started a DiskCache2 scour task on /usr/local/tomcat/content/thredds/cache/wcs every 15 minutes for files older than 30 minutes
[2025-01-16T03:26:01.256+0000] Started a DiskCache2 scour task on /usr/local/tomcat/content/thredds/cache/agg every 1440 minutes for files older than 129600 minutes
[2025-01-16T03:26:01.257+0000] Started a DiskCache2 scour task on /usr/local/tomcat/content/thredds/cache/aggNew/ every 1440 minutes for files older than 129600 minutes
[2025-01-16T03:26:01.337+0000] Started a DiskCache2 scour task on /usr/local/tomcat/content/thredds/cache/ncss every 10 minutes for files older than 5 minutes
[2025-01-16T03:26:05.169+0000] Started a DiskCache2 scour task on /usr/local/tomcat/content/thredds/cache/wcs every 15 minutes for files older than 30 minutes
[2025-01-16T03:27:55.531+0000] Started a DiskCache2 scour task on /usr/local/tomcat/content/thredds/cache/agg every 1440 minutes for files older than 129600 minutes
[2025-01-16T03:27:55.532+0000] Started a DiskCache2 scour task on /usr/local/tomcat/content/thredds/cache/aggNew/ every 1440 minutes for files older than 129600 minutes
[2025-01-16T03:27:55.658+0000] Started a DiskCache2 scour task on /usr/local/tomcat/content/thredds/cache/ncss every 10 minutes for files older than 5 minutes
[2025-01-16T03:28:00.085+0000] Started a DiskCache2 scour task on /usr/local/tomcat/content/thredds/cache/wcs every 15 minutes for files older than 30 minutes
[2025-01-16T03:31:17.976+0000] Started a DiskCache2 scour task on /usr/local/tomcat/content/thredds/cache/agg every 1440 minutes for files older than 129600 minutes
[2025-01-16T03:31:17.977+0000] Started a DiskCache2 scour task on /usr/local/tomcat/content/thredds/cache/aggNew/ every 1440 minutes for files older than 129600 minutes
[2025-01-16T03:31:18.058+0000] Started a DiskCache2 scour task on /usr/local/tomcat/content/thredds/cache/ncss every 10 minutes for files older than 5 minutes
[2025-01-16T03:31:21.233+0000] Started a DiskCache2 scour task on /usr/local/tomcat/content/thredds/cache/wcs every 15 minutes for files older than 30 minutes
[2025-01-16T03:33:11.806+0000] Started a DiskCache2 scour task on /usr/local/tomcat/content/thredds/cache/agg every 1440 minutes for files older than 129600 minutes
[2025-01-16T03:33:11.806+0000] Started a DiskCache2 scour task on /usr/local/tomcat/content/thredds/cache/aggNew/ every 1440 minutes for files older than 129600 minutes
[2025-01-16T03:33:11.925+0000] Started a DiskCache2 scour task on /usr/local/tomcat/content/thredds/cache/ncss every 10 minutes for files older than 5 minutes
[2025-01-16T03:33:15.118+0000] Started a DiskCache2 scour task on /usr/local/tomcat/content/thredds/cache/wcs every 15 minutes for files older than 30 minutes
[2025-01-16T03:36:58.240+0000] Started a DiskCache2 scour task on /usr/local/tomcat/content/thredds/cache/agg every 1440 minutes for files older than 129600 minutes
[2025-01-16T03:36:58.244+0000] Started a DiskCache2 scour task on /usr/local/tomcat/content/thredds/cache/aggNew/ every 1440 minutes for files older than 129600 minutes
[2025-01-16T03:36:58.358+0000] Started a DiskCache2 scour task on /usr/local/tomcat/content/thredds/cache/ncss every 10 minutes for files older than 5 minutes
[2025-01-16T03:37:01.815+0000] Started a DiskCache2 scour task on /usr/local/tomcat/content/thredds/cache/wcs every 15 minutes for files older than 30 minutes
[2025-01-16T03:57:06.344+0000] Started a DiskCache2 scour task on /usr/local/tomcat/content/thredds/cache/agg every 1440 minutes for files older than 129600 minutes
[2025-01-16T03:57:06.345+0000] Started a DiskCache2 scour task on /usr/local/tomcat/content/thredds/cache/aggNew/ every 1440 minutes for files older than 129600 minutes
[2025-01-16T03:57:06.448+0000] Started a DiskCache2 scour task on /usr/local/tomcat/content/thredds/cache/ncss every 10 minutes for files older than 5 minutes
[2025-01-16T03:57:10.818+0000] Started a DiskCache2 scour task on /usr/local/tomcat/content/thredds/cache/wcs every 15 minutes for files older than 30 minutes
[2025-01-16T03:59:00.134+0000] Started a DiskCache2 scour task on /usr/local/tomcat/content/thredds/cache/agg every 1440 minutes for files older than 129600 minutes
[2025-01-16T03:59:00.135+0000] Started a DiskCache2 scour task on /usr/local/tomcat/content/thredds/cache/aggNew/ every 1440 minutes for files older than 129600 minutes
[2025-01-16T03:59:00.201+0000] Started a DiskCache2 scour task on /usr/local/tomcat/content/thredds/cache/ncss every 10 minutes for files older than 5 minutes
[2025-01-16T03:59:03.242+0000] Started a DiskCache2 scour task on /usr/local/tomcat/content/thredds/cache/wcs every 15 minutes for files older than 30 minutes
[2025-01-16T04:04:48.810+0000] Started a DiskCache2 scour task on /usr/local/tomcat/content/thredds/cache/agg every 1440 minutes for files older than 129600 minutes
[2025-01-16T04:04:48.811+0000] Started a DiskCache2 scour task on /usr/local/tomcat/content/thredds/cache/aggNew/ every 1440 minutes for files older than 129600 minutes
[2025-01-16T04:04:48.993+0000] Started a DiskCache2 scour task on /usr/local/tomcat/content/thredds/cache/ncss every 10 minutes for files older than 5 minutes
[2025-01-16T04:04:52.496+0000] Started a DiskCache2 scour task on /usr/local/tomcat/content/thredds/cache/wcs every 15 minutes for files older than 30 minutes
[2025-01-16T04:09:09.992+0000] Started a DiskCache2 scour task on /usr/local/tomcat/content/thredds/cache/agg every 1440 minutes for files older than 129600 minutes
[2025-01-16T04:09:09.992+0000] Started a DiskCache2 scour task on /usr/local/tomcat/content/thredds/cache/aggNew/ every 1440 minutes for files older than 129600 minutes
[2025-01-16T04:09:10.079+0000] Started a DiskCache2 scour task on /usr/local/tomcat/content/thredds/cache/ncss every 10 minutes for files older than 5 minutes
[2025-01-16T04:09:14.264+0000] Started a DiskCache2 scour task on /usr/local/tomcat/content/thredds/cache/wcs every 15 minutes for files older than 30 minutes
[2025-01-16T04:12:01.964+0000] Started a DiskCache2 scour task on /usr/local/tomcat/content/thredds/cache/agg every 1440 minutes for files older than 129600 minutes
[2025-01-16T04:12:01.965+0000] Started a DiskCache2 scour task on /usr/local/tomcat/content/thredds/cache/aggNew/ every 1440 minutes for files older than 129600 minutes
[2025-01-16T04:12:02.038+0000] Started a DiskCache2 scour task on /usr/local/tomcat/content/thredds/cache/ncss every 10 minutes for files older than 5 minutes
[2025-01-16T04:12:05.529+0000] Started a DiskCache2 scour task on /usr/local/tomcat/content/thredds/cache/wcs every 15 minutes for files older than 30 minutes
[2025-01-16T22:52:24.987+0000] Started a DiskCache2 scour task on /usr/local/tomcat/content/thredds/cache/agg every 1440 minutes for files older than 129600 minutes
[2025-01-16T22:52:24.988+0000] Started a DiskCache2 scour task on /usr/local/tomcat/content/thredds/cache/aggNew/ every 1440 minutes for files older than 129600 minutes
[2025-01-16T22:52:25.087+0000] Started a DiskCache2 scour task on /usr/local/tomcat/content/thredds/cache/ncss every 10 minutes for files older than 5 minutes
[2025-01-16T22:52:28.863+0000] Started a DiskCache2 scour task on /usr/local/tomcat/content/thredds/cache/wcs every 15 minutes for files older than 30 minutes
[2025-01-17T00:08:27.591+0000] Started a DiskCache2 scour task on /usr/local/tomcat/content/thredds/cache/agg every 1440 minutes for files older than 129600 minutes
[2025-01-17T00:08:27.593+0000] Started a DiskCache2 scour task on /usr/local/tomcat/content/thredds/cache/aggNew/ every 1440 minutes for files older than 129600 minutes
[2025-01-17T00:08:27.732+0000] Started a DiskCache2 scour task on /usr/local/tomcat/content/thredds/cache/ncss every 10 minutes for files older than 5 minutes
[2025-01-17T00:08:31.743+0000] Started a DiskCache2 scour task on /usr/local/tomcat/content/thredds/cache/wcs every 15 minutes for files older than 30 minutes
[2025-01-17T00:17:03.009+0000] Started a DiskCache2 scour task on /usr/local/tomcat/content/thredds/cache/agg every 1440 minutes for files older than 129600 minutes
[2025-01-17T00:17:03.010+0000] Started a DiskCache2 scour task on /usr/local/tomcat/content/thredds/cache/aggNew/ every 1440 minutes for files older than 129600 minutes
[2025-01-17T00:17:03.159+0000] Started a DiskCache2 scour task on /usr/local/tomcat/content/thredds/cache/ncss every 10 minutes for files older than 5 minutes
[2025-01-17T00:17:07.722+0000] Started a DiskCache2 scour task on /usr/local/tomcat/content/thredds/cache/wcs every 15 minutes for files older than 30 minutes
[2025-01-17T00:33:54.842+0000] Started a DiskCache2 scour task on /usr/local/tomcat/content/thredds/cache/agg every 1440 minutes for files older than 129600 minutes
[2025-01-17T00:33:54.844+0000] Started a DiskCache2 scour task on /usr/local/tomcat/content/thredds/cache/aggNew/ every 1440 minutes for files older than 129600 minutes
[2025-01-17T00:33:54.954+0000] Started a DiskCache2 scour task on /usr/local/tomcat/content/thredds/cache/ncss every 10 minutes for files older than 5 minutes
[2025-01-17T00:33:58.584+0000] Started a DiskCache2 scour task on /usr/local/tomcat/content/thredds/cache/wcs every 15 minutes for files older than 30 minutes
[2025-01-19T22:01:24.896+0000] Started a DiskCache2 scour task on /usr/local/tomcat/content/thredds/cache/agg every 1440 minutes for files older than 129600 minutes
[2025-01-19T22:01:24.899+0000] Started a DiskCache2 scour task on /usr/local/tomcat/content/thredds/cache/aggNew/ every 1440 minutes for files older than 129600 minutes
[2025-01-19T22:01:24.966+0000] Started a DiskCache2 scour task on /usr/local/tomcat/content/thredds/cache/ncss every 10 minutes for files older than 5 minutes
[2025-01-19T22:01:28.993+0000] Started a DiskCache2 scour task on /usr/local/tomcat/content/thredds/cache/wcs every 15 minutes for files older than 30 minutes
[2025-01-19T22:10:32.747+0000] Started a DiskCache2 scour task on /usr/local/tomcat/content/thredds/cache/agg every 1440 minutes for files older than 129600 minutes
[2025-01-19T22:10:32.748+0000] Started a DiskCache2 scour task on /usr/local/tomcat/content/thredds/cache/aggNew/ every 1440 minutes for files older than 129600 minutes
[2025-01-19T22:10:32.861+0000] Started a DiskCache2 scour task on /usr/local/tomcat/content/thredds/cache/ncss every 10 minutes for files older than 5 minutes
[2025-01-19T22:10:37.692+0000] Started a DiskCache2 scour task on /usr/local/tomcat/content/thredds/cache/wcs every 15 minutes for files older than 30 minutes
[2025-01-19T23:08:28.028+0000] Started a DiskCache2 scour task on /usr/local/tomcat/content/thredds/cache/agg every 1440 minutes for files older than 129600 minutes
[2025-01-19T23:08:28.029+0000] Started a DiskCache2 scour task on /usr/local/tomcat/content/thredds/cache/aggNew/ every 1440 minutes for files older than 129600 minutes
[2025-01-19T23:08:28.112+0000] Started a DiskCache2 scour task on /usr/local/tomcat/content/thredds/cache/ncss every 10 minutes for files older than 5 minutes
[2025-01-19T23:08:30.899+0000] Started a DiskCache2 scour task on /usr/local/tomcat/content/thredds/cache/wcs every 15 minutes for files older than 30 minutes
[2025-01-19T23:14:52.726+0000] Started a DiskCache2 scour task on /usr/local/tomcat/content/thredds/cache/agg every 1440 minutes for files older than 129600 minutes
[2025-01-19T23:14:52.727+0000] Started a DiskCache2 scour task on /usr/local/tomcat/content/thredds/cache/aggNew/ every 1440 minutes for files older than 129600 minutes
[2025-01-19T23:14:52.812+0000] Started a DiskCache2 scour task on /usr/local/tomcat/content/thredds/cache/ncss every 10 minutes for files older than 5 minutes
[2025-01-19T23:14:56.114+0000] Started a DiskCache2 scour task on /usr/local/tomcat/content/thredds/cache/wcs every 15 minutes for files older than 30 minutes
[2025-01-20T02:24:50.905+0000] Started a DiskCache2 scour task on /usr/local/tomcat/content/thredds/cache/agg every 1440 minutes for files older than 129600 minutes
[2025-01-20T02:24:50.907+0000] Started a DiskCache2 scour task on /usr/local/tomcat/content/thredds/cache/aggNew/ every 1440 minutes for files older than 129600 minutes
[2025-01-20T02:24:50.994+0000] Started a DiskCache2 scour task on /usr/local/tomcat/content/thredds/cache/ncss every 10 minutes for files older than 5 minutes
[2025-01-20T02:24:55.098+0000] Started a DiskCache2 scour task on /usr/local/tomcat/content/thredds/cache/wcs every 15 minutes for files older than 30 minutes
[2025-01-20T02:30:39.382+0000] Started a DiskCache2 scour task on /usr/local/tomcat/content/thredds/cache/agg every 1440 minutes for files older than 129600 minutes
[2025-01-20T02:30:39.383+0000] Started a DiskCache2 scour task on /usr/local/tomcat/content/thredds/cache/aggNew/ every 1440 minutes for files older than 129600 minutes
[2025-01-20T02:30:39.394+0000] Started a DiskCache2 scour task on /usr/local/tomcat/content/thredds/cache/ncss every 10 minutes for files older than 5 minutes
[2025-01-20T02:30:43.633+0000] Started a DiskCache2 scour task on /usr/local/tomcat/content/thredds/cache/wcs every 15 minutes for files older than 30 minutes
[2025-01-21T00:03:13.565+0000] Started a DiskCache2 scour task on /usr/local/tomcat/content/thredds/cache/agg every 1440 minutes for files older than 129600 minutes
[2025-01-21T00:03:13.567+0000] Started a DiskCache2 scour task on /usr/local/tomcat/content/thredds/cache/aggNew/ every 1440 minutes for files older than 129600 minutes
[2025-01-21T00:03:13.578+0000] Started a DiskCache2 scour task on /usr/local/tomcat/content/thredds/cache/ncss every 10 minutes for files older than 5 minutes
[2025-01-21T00:03:18.361+0000] Started a DiskCache2 scour task on /usr/local/tomcat/content/thredds/cache/wcs every 15 minutes for files older than 30 minutes
[2025-01-21T20:33:23.230+0000] Started a DiskCache2 scour task on /usr/local/tomcat/content/thredds/cache/agg every 1440 minutes for files older than 129600 minutes
[2025-01-21T20:33:23.238+0000] Started a DiskCache2 scour task on /usr/local/tomcat/content/thredds/cache/aggNew/ every 1440 minutes for files older than 129600 minutes
[2025-01-21T20:33:23.267+0000] Started a DiskCache2 scour task on /usr/local/tomcat/content/thredds/cache/ncss every 10 minutes for files older than 5 minutes
[2025-01-21T20:33:29.891+0000] Started a DiskCache2 scour task on /usr/local/tomcat/content/thredds/cache/wcs every 15 minutes for files older than 30 minutes
[2025-01-22T02:12:14.470+0000] Started a DiskCache2 scour task on /usr/local/tomcat/content/thredds/cache/agg every 1440 minutes for files older than 129600 minutes
[2025-01-22T02:12:14.475+0000] Started a DiskCache2 scour task on /usr/local/tomcat/content/thredds/cache/aggNew/ every 1440 minutes for files older than 129600 minutes
[2025-01-22T02:12:14.499+0000] Started a DiskCache2 scour task on /usr/local/tomcat/content/thredds/cache/ncss every 10 minutes for files older than 5 minutes
[2025-01-22T02:12:20.670+0000] Started a DiskCache2 scour task on /usr/local/tomcat/content/thredds/cache/wcs every 15 minutes for files older than 30 minutes
[2025-01-22T03:03:52.438+0000] Started a DiskCache2 scour task on /usr/local/tomcat/content/thredds/cache/agg every 1440 minutes for files older than 129600 minutes
[2025-01-22T03:03:52.441+0000] Started a DiskCache2 scour task on /usr/local/tomcat/content/thredds/cache/aggNew/ every 1440 minutes for files older than 129600 minutes
[2025-01-22T03:03:52.460+0000] Started a DiskCache2 scour task on /usr/local/tomcat/content/thredds/cache/ncss every 10 minutes for files older than 5 minutes
[2025-01-22T03:03:57.096+0000] Started a DiskCache2 scour task on /usr/local/tomcat/content/thredds/cache/wcs every 15 minutes for files older than 30 minutes
[2025-01-22T03:11:02.833+0000] Started a DiskCache2 scour task on /usr/local/tomcat/content/thredds/cache/agg every 1440 minutes for files older than 129600 minutes
[2025-01-22T03:11:02.834+0000] Started a DiskCache2 scour task on /usr/local/tomcat/content/thredds/cache/aggNew/ every 1440 minutes for files older than 129600 minutes
[2025-01-22T03:11:02.844+0000] Started a DiskCache2 scour task on /usr/local/tomcat/content/thredds/cache/ncss every 10 minutes for files older than 5 minutes
[2025-01-22T03:11:05.670+0000] Started a DiskCache2 scour task on /usr/local/tomcat/content/thredds/cache/wcs every 15 minutes for files older than 30 minutes
[2025-01-22T03:11:26.539+0000] Started a DiskCache2 scour task on /usr/local/tomcat/content/thredds/cache/agg every 1440 minutes for files older than 129600 minutes
[2025-01-22T03:11:26.540+0000] Started a DiskCache2 scour task on /usr/local/tomcat/content/thredds/cache/aggNew/ every 1440 minutes for files older than 129600 minutes
[2025-01-22T03:11:26.558+0000] Started a DiskCache2 scour task on /usr/local/tomcat/content/thredds/cache/ncss every 10 minutes for files older than 5 minutes
[2025-01-22T03:11:30.544+0000] Started a DiskCache2 scour task on /usr/local/tomcat/content/thredds/cache/wcs every 15 minutes for files older than 30 minutes
[2025-01-22T03:14:08.906+0000] Started a DiskCache2 scour task on /usr/local/tomcat/content/thredds/cache/agg every 1440 minutes for files older than 129600 minutes
[2025-01-22T03:14:08.908+0000] Started a DiskCache2 scour task on /usr/local/tomcat/content/thredds/cache/aggNew/ every 1440 minutes for files older than 129600 minutes
[2025-01-22T03:14:08.927+0000] Started a DiskCache2 scour task on /usr/local/tomcat/content/thredds/cache/ncss every 10 minutes for files older than 5 minutes
[2025-01-22T03:14:12.053+0000] Started a DiskCache2 scour task on /usr/local/tomcat/content/thredds/cache/wcs every 15 minutes for files older than 30 minutes
[2025-01-22T03:16:29.367+0000] Started a DiskCache2 scour task on /usr/local/tomcat/content/thredds/cache/agg every 1440 minutes for files older than 129600 minutes
[2025-01-22T03:16:29.367+0000] Started a DiskCache2 scour task on /usr/local/tomcat/content/thredds/cache/aggNew/ every 1440 minutes for files older than 129600 minutes
[2025-01-22T03:16:29.386+0000] Started a DiskCache2 scour task on /usr/local/tomcat/content/thredds/cache/ncss every 10 minutes for files older than 5 minutes
[2025-01-22T03:16:32.524+0000] Started a DiskCache2 scour task on /usr/local/tomcat/content/thredds/cache/wcs every 15 minutes for files older than 30 minutes
[2025-01-22T03:20:08.906+0000] Started a DiskCache2 scour task on /usr/local/tomcat/content/thredds/cache/agg every 1440 minutes for files older than 129600 minutes
[2025-01-22T03:20:08.906+0000] Started a DiskCache2 scour task on /usr/local/tomcat/content/thredds/cache/aggNew/ every 1440 minutes for files older than 129600 minutes
[2025-01-22T03:20:08.921+0000] Started a DiskCache2 scour task on /usr/local/tomcat/content/thredds/cache/ncss every 10 minutes for files older than 5 minutes
[2025-01-22T03:20:12.939+0000] Started a DiskCache2 scour task on /usr/local/tomcat/content/thredds/cache/wcs every 15 minutes for files older than 30 minutes
[2025-01-22T03:31:23.939+0000] Started a DiskCache2 scour task on /usr/local/tomcat/content/thredds/cache/agg every 1440 minutes for files older than 129600 minutes
[2025-01-22T03:31:23.940+0000] Started a DiskCache2 scour task on /usr/local/tomcat/content/thredds/cache/aggNew/ every 1440 minutes for files older than 129600 minutes
[2025-01-22T03:31:23.965+0000] Started a DiskCache2 scour task on /usr/local/tomcat/content/thredds/cache/ncss every 10 minutes for files older than 5 minutes
[2025-01-22T03:31:27.701+0000] Started a DiskCache2 scour task on /usr/local/tomcat/content/thredds/cache/wcs every 15 minutes for files older than 30 minutes
[2025-01-22T03:34:38.018+0000] Started a DiskCache2 scour task on /usr/local/tomcat/content/thredds/cache/agg every 1440 minutes for files older than 129600 minutes
[2025-01-22T03:34:38.019+0000] Started a DiskCache2 scour task on /usr/local/tomcat/content/thredds/cache/aggNew/ every 1440 minutes for files older than 129600 minutes
[2025-01-22T03:34:38.048+0000] Started a DiskCache2 scour task on /usr/local/tomcat/content/thredds/cache/ncss every 10 minutes for files older than 5 minutes
[2025-01-22T03:34:42.933+0000] Started a DiskCache2 scour task on /usr/local/tomcat/content/thredds/cache/wcs every 15 minutes for files older than 30 minutes
[2025-01-22T03:44:28.655+0000] Started a DiskCache2 scour task on /usr/local/tomcat/content/thredds/cache/agg every 1440 minutes for files older than 129600 minutes
[2025-01-22T03:44:28.656+0000] Started a DiskCache2 scour task on /usr/local/tomcat/content/thredds/cache/aggNew/ every 1440 minutes for files older than 129600 minutes
[2025-01-22T03:44:28.671+0000] Started a DiskCache2 scour task on /usr/local/tomcat/content/thredds/cache/ncss every 10 minutes for files older than 5 minutes
[2025-01-22T03:44:31.690+0000] Started a DiskCache2 scour task on /usr/local/tomcat/content/thredds/cache/wcs every 15 minutes for files older than 30 minutes
[2025-01-22T03:46:53.281+0000] Started a DiskCache2 scour task on /usr/local/tomcat/content/thredds/cache/agg every 1440 minutes for files older than 129600 minutes
[2025-01-22T03:46:53.281+0000] Started a DiskCache2 scour task on /usr/local/tomcat/content/thredds/cache/aggNew/ every 1440 minutes for files older than 129600 minutes
[2025-01-22T03:46:53.290+0000] Started a DiskCache2 scour task on /usr/local/tomcat/content/thredds/cache/ncss every 10 minutes for files older than 5 minutes
[2025-01-22T03:46:56.138+0000] Started a DiskCache2 scour task on /usr/local/tomcat/content/thredds/cache/wcs every 15 minutes for files older than 30 minutes
[2025-01-22T03:48:22.610+0000] Started a DiskCache2 scour task on /usr/local/tomcat/content/thredds/cache/agg every 1440 minutes for files older than 129600 minutes
[2025-01-22T03:48:22.611+0000] Started a DiskCache2 scour task on /usr/local/tomcat/content/thredds/cache/aggNew/ every 1440 minutes for files older than 129600 minutes
[2025-01-22T03:48:22.625+0000] Started a DiskCache2 scour task on /usr/local/tomcat/content/thredds/cache/ncss every 10 minutes for files older than 5 minutes
[2025-01-22T03:48:26.934+0000] Started a DiskCache2 scour task on /usr/local/tomcat/content/thredds/cache/wcs every 15 minutes for files older than 30 minutes
[2025-01-22T03:53:51.018+0000] Started a DiskCache2 scour task on /usr/local/tomcat/content/thredds/cache/agg every 1440 minutes for files older than 129600 minutes
[2025-01-22T03:53:51.019+0000] Started a DiskCache2 scour task on /usr/local/tomcat/content/thredds/cache/aggNew/ every 1440 minutes for files older than 129600 minutes
[2025-01-22T03:53:51.037+0000] Started a DiskCache2 scour task on /usr/local/tomcat/content/thredds/cache/ncss every 10 minutes for files older than 5 minutes
[2025-01-22T03:53:54.156+0000] Started a DiskCache2 scour task on /usr/local/tomcat/content/thredds/cache/wcs every 15 minutes for files older than 30 minutes
[2025-01-22T03:55:47.470+0000] Started a DiskCache2 scour task on /usr/local/tomcat/content/thredds/cache/agg every 1440 minutes for files older than 129600 minutes
[2025-01-22T03:55:47.471+0000] Started a DiskCache2 scour task on /usr/local/tomcat/content/thredds/cache/aggNew/ every 1440 minutes for files older than 129600 minutes
[2025-01-22T03:55:47.481+0000] Started a DiskCache2 scour task on /usr/local/tomcat/content/thredds/cache/ncss every 10 minutes for files older than 5 minutes
[2025-01-22T03:55:50.545+0000] Started a DiskCache2 scour task on /usr/local/tomcat/content/thredds/cache/wcs every 15 minutes for files older than 30 minutes
[2025-01-22T03:58:40.119+0000] Started a DiskCache2 scour task on /usr/local/tomcat/content/thredds/cache/agg every 1440 minutes for files older than 129600 minutes
[2025-01-22T03:58:40.120+0000] Started a DiskCache2 scour task on /usr/local/tomcat/content/thredds/cache/aggNew/ every 1440 minutes for files older than 129600 minutes
[2025-01-22T03:58:40.136+0000] Started a DiskCache2 scour task on /usr/local/tomcat/content/thredds/cache/ncss every 10 minutes for files older than 5 minutes
[2025-01-22T03:58:43.197+0000] Started a DiskCache2 scour task on /usr/local/tomcat/content/thredds/cache/wcs every 15 minutes for files older than 30 minutes
[2025-01-22T04:01:23.793+0000] Started a DiskCache2 scour task on /usr/local/tomcat/content/thredds/cache/agg every 1440 minutes for files older than 129600 minutes
[2025-01-22T04:01:23.794+0000] Started a DiskCache2 scour task on /usr/local/tomcat/content/thredds/cache/aggNew/ every 1440 minutes for files older than 129600 minutes
[2025-01-22T04:01:23.809+0000] Started a DiskCache2 scour task on /usr/local/tomcat/content/thredds/cache/ncss every 10 minutes for files older than 5 minutes
[2025-01-22T04:01:27.162+0000] Started a DiskCache2 scour task on /usr/local/tomcat/content/thredds/cache/wcs every 15 minutes for files older than 30 minutes
[2025-01-22T04:05:24.872+0000] Started a DiskCache2 scour task on /usr/local/tomcat/content/thredds/cache/agg every 1440 minutes for files older than 129600 minutes
[2025-01-22T04:05:24.872+0000] Started a DiskCache2 scour task on /usr/local/tomcat/content/thredds/cache/aggNew/ every 1440 minutes for files older than 129600 minutes
[2025-01-22T04:05:24.885+0000] Started a DiskCache2 scour task on /usr/local/tomcat/content/thredds/cache/ncss every 10 minutes for files older than 5 minutes
[2025-01-22T04:05:27.762+0000] Started a DiskCache2 scour task on /usr/local/tomcat/content/thredds/cache/wcs every 15 minutes for files older than 30 minutes
[2025-01-22T23:14:10.854+0000] Started a DiskCache2 scour task on /usr/local/tomcat/content/thredds/cache/agg every 1440 minutes for files older than 129600 minutes
[2025-01-22T23:14:10.855+0000] Started a DiskCache2 scour task on /usr/local/tomcat/content/thredds/cache/aggNew/ every 1440 minutes for files older than 129600 minutes
[2025-01-22T23:14:10.864+0000] Started a DiskCache2 scour task on /usr/local/tomcat/content/thredds/cache/ncss every 10 minutes for files older than 5 minutes
[2025-01-22T23:14:14.911+0000] Started a DiskCache2 scour task on /usr/local/tomcat/content/thredds/cache/wcs every 15 minutes for files older than 30 minutes
[2025-01-22T23:15:36.306+0000] Started a DiskCache2 scour task on /usr/local/tomcat/content/thredds/cache/agg every 1440 minutes for files older than 129600 minutes
[2025-01-22T23:15:36.307+0000] Started a DiskCache2 scour task on /usr/local/tomcat/content/thredds/cache/aggNew/ every 1440 minutes for files older than 129600 minutes
[2025-01-22T23:15:36.318+0000] Started a DiskCache2 scour task on /usr/local/tomcat/content/thredds/cache/ncss every 10 minutes for files older than 5 minutes
[2025-01-22T23:15:40.371+0000] Started a DiskCache2 scour task on /usr/local/tomcat/content/thredds/cache/wcs every 15 minutes for files older than 30 minutes
[2025-01-22T23:18:45.154+0000] Started a DiskCache2 scour task on /usr/local/tomcat/content/thredds/cache/agg every 1440 minutes for files older than 129600 minutes
[2025-01-22T23:18:45.155+0000] Started a DiskCache2 scour task on /usr/local/tomcat/content/thredds/cache/aggNew/ every 1440 minutes for files older than 129600 minutes
[2025-01-22T23:18:45.181+0000] Started a DiskCache2 scour task on /usr/local/tomcat/content/thredds/cache/ncss every 10 minutes for files older than 5 minutes
[2025-01-22T23:18:49.432+0000] Started a DiskCache2 scour task on /usr/local/tomcat/content/thredds/cache/wcs every 15 minutes for files older than 30 minutes
[2025-01-22T23:23:18.621+0000] Started a DiskCache2 scour task on /usr/local/tomcat/content/thredds/cache/agg every 1440 minutes for files older than 129600 minutes
[2025-01-22T23:23:18.622+0000] Started a DiskCache2 scour task on /usr/local/tomcat/content/thredds/cache/aggNew/ every 1440 minutes for files older than 129600 minutes
[2025-01-22T23:23:18.639+0000] Started a DiskCache2 scour task on /usr/local/tomcat/content/thredds/cache/ncss every 10 minutes for files older than 5 minutes
[2025-01-22T23:23:22.341+0000] Started a DiskCache2 scour task on /usr/local/tomcat/content/thredds/cache/wcs every 15 minutes for files older than 30 minutes
[2025-01-23T00:50:58.390+0000] Started a DiskCache2 scour task on /usr/local/tomcat/content/thredds/cache/agg every 1440 minutes for files older than 129600 minutes
[2025-01-23T00:50:58.392+0000] Started a DiskCache2 scour task on /usr/local/tomcat/content/thredds/cache/aggNew/ every 1440 minutes for files older than 129600 minutes
[2025-01-23T00:50:58.401+0000] Started a DiskCache2 scour task on /usr/local/tomcat/content/thredds/cache/ncss every 10 minutes for files older than 5 minutes
[2025-01-23T00:51:02.617+0000] Started a DiskCache2 scour task on /usr/local/tomcat/content/thredds/cache/wcs every 15 minutes for files older than 30 minutes
[2025-01-24T00:58:25.564+0000] Started a DiskCache2 scour task on /usr/local/tomcat/content/thredds/cache/agg every 1440 minutes for files older than 129600 minutes
[2025-01-24T00:58:25.566+0000] Started a DiskCache2 scour task on /usr/local/tomcat/content/thredds/cache/aggNew/ every 1440 minutes for files older than 129600 minutes
[2025-01-24T00:58:25.573+0000] Started a DiskCache2 scour task on /usr/local/tomcat/content/thredds/cache/ncss every 10 minutes for files older than 5 minutes
[2025-01-24T00:58:29.127+0000] Started a DiskCache2 scour task on /usr/local/tomcat/content/thredds/cache/wcs every 15 minutes for files older than 30 minutes
[2025-01-24T00:59:51.262+0000] Started a DiskCache2 scour task on /usr/local/tomcat/content/thredds/cache/agg every 1440 minutes for files older than 129600 minutes
[2025-01-24T00:59:51.265+0000] Started a DiskCache2 scour task on /usr/local/tomcat/content/thredds/cache/aggNew/ every 1440 minutes for files older than 129600 minutes
[2025-01-24T00:59:51.283+0000] Started a DiskCache2 scour task on /usr/local/tomcat/content/thredds/cache/ncss every 10 minutes for files older than 5 minutes
[2025-01-24T00:59:54.831+0000] Started a DiskCache2 scour task on /usr/local/tomcat/content/thredds/cache/wcs every 15 minutes for files older than 30 minutes
[2025-01-24T02:07:50.641+0000] Started a DiskCache2 scour task on /usr/local/tomcat/content/thredds/cache/agg every 1440 minutes for files older than 129600 minutes
[2025-01-24T02:07:50.641+0000] Started a DiskCache2 scour task on /usr/local/tomcat/content/thredds/cache/aggNew/ every 1440 minutes for files older than 129600 minutes
[2025-01-24T02:07:50.654+0000] Started a DiskCache2 scour task on /usr/local/tomcat/content/thredds/cache/ncss every 10 minutes for files older than 5 minutes
[2025-01-24T02:07:54.597+0000] Started a DiskCache2 scour task on /usr/local/tomcat/content/thredds/cache/wcs every 15 minutes for files older than 30 minutes
[2025-01-24T02:41:31.547+0000] Started a DiskCache2 scour task on /usr/local/tomcat/content/thredds/cache/agg every 1440 minutes for files older than 129600 minutes
[2025-01-24T02:41:31.548+0000] Started a DiskCache2 scour task on /usr/local/tomcat/content/thredds/cache/aggNew/ every 1440 minutes for files older than 129600 minutes
[2025-01-24T02:41:31.562+0000] Started a DiskCache2 scour task on /usr/local/tomcat/content/thredds/cache/ncss every 10 minutes for files older than 5 minutes
[2025-01-24T02:41:35.139+0000] Started a DiskCache2 scour task on /usr/local/tomcat/content/thredds/cache/wcs every 15 minutes for files older than 30 minutes
[2025-01-24T02:44:23.260+0000] Started a DiskCache2 scour task on /usr/local/tomcat/content/thredds/cache/agg every 1440 minutes for files older than 129600 minutes
[2025-01-24T02:44:23.261+0000] Started a DiskCache2 scour task on /usr/local/tomcat/content/thredds/cache/aggNew/ every 1440 minutes for files older than 129600 minutes
[2025-01-24T02:44:23.271+0000] Started a DiskCache2 scour task on /usr/local/tomcat/content/thredds/cache/ncss every 10 minutes for files older than 5 minutes
[2025-01-24T02:44:26.932+0000] Started a DiskCache2 scour task on /usr/local/tomcat/content/thredds/cache/wcs every 15 minutes for files older than 30 minutes
[2025-01-24T02:46:16.912+0000] Started a DiskCache2 scour task on /usr/local/tomcat/content/thredds/cache/agg every 1440 minutes for files older than 129600 minutes
[2025-01-24T02:46:16.913+0000] Started a DiskCache2 scour task on /usr/local/tomcat/content/thredds/cache/aggNew/ every 1440 minutes for files older than 129600 minutes
[2025-01-24T02:46:16.928+0000] Started a DiskCache2 scour task on /usr/local/tomcat/content/thredds/cache/ncss every 10 minutes for files older than 5 minutes
[2025-01-24T02:46:20.558+0000] Started a DiskCache2 scour task on /usr/local/tomcat/content/thredds/cache/wcs every 15 minutes for files older than 30 minutes
[2025-01-24T02:52:04.282+0000] Started a DiskCache2 scour task on /usr/local/tomcat/content/thredds/cache/agg every 1440 minutes for files older than 129600 minutes
[2025-01-24T02:52:04.283+0000] Started a DiskCache2 scour task on /usr/local/tomcat/content/thredds/cache/aggNew/ every 1440 minutes for files older than 129600 minutes
[2025-01-24T02:52:04.290+0000] Started a DiskCache2 scour task on /usr/local/tomcat/content/thredds/cache/ncss every 10 minutes for files older than 5 minutes
[2025-01-24T02:52:06.989+0000] Started a DiskCache2 scour task on /usr/local/tomcat/content/thredds/cache/wcs every 15 minutes for files older than 30 minutes
[2025-01-24T02:55:09.737+0000] Started a DiskCache2 scour task on /usr/local/tomcat/content/thredds/cache/agg every 1440 minutes for files older than 129600 minutes
[2025-01-24T02:55:09.739+0000] Started a DiskCache2 scour task on /usr/local/tomcat/content/thredds/cache/aggNew/ every 1440 minutes for files older than 129600 minutes
[2025-01-24T02:55:09.775+0000] Started a DiskCache2 scour task on /usr/local/tomcat/content/thredds/cache/ncss every 10 minutes for files older than 5 minutes
[2025-01-24T02:55:12.797+0000] Started a DiskCache2 scour task on /usr/local/tomcat/content/thredds/cache/wcs every 15 minutes for files older than 30 minutes
[2025-01-24T02:57:59.047+0000] Started a DiskCache2 scour task on /usr/local/tomcat/content/thredds/cache/agg every 1440 minutes for files older than 129600 minutes
[2025-01-24T02:57:59.048+0000] Started a DiskCache2 scour task on /usr/local/tomcat/content/thredds/cache/aggNew/ every 1440 minutes for files older than 129600 minutes
[2025-01-24T02:57:59.071+0000] Started a DiskCache2 scour task on /usr/local/tomcat/content/thredds/cache/ncss every 10 minutes for files older than 5 minutes
[2025-01-24T02:58:04.092+0000] Started a DiskCache2 scour task on /usr/local/tomcat/content/thredds/cache/wcs every 15 minutes for files older than 30 minutes
[2025-01-24T03:00:09.009+0000] Started a DiskCache2 scour task on /usr/local/tomcat/content/thredds/cache/agg every 1440 minutes for files older than 129600 minutes
[2025-01-24T03:00:09.009+0000] Started a DiskCache2 scour task on /usr/local/tomcat/content/thredds/cache/aggNew/ every 1440 minutes for files older than 129600 minutes
[2025-01-24T03:00:09.021+0000] Started a DiskCache2 scour task on /usr/local/tomcat/content/thredds/cache/ncss every 10 minutes for files older than 5 minutes
[2025-01-24T03:00:16.183+0000] Started a DiskCache2 scour task on /usr/local/tomcat/content/thredds/cache/wcs every 15 minutes for files older than 30 minutes
[2025-01-24T03:02:43.145+0000] Started a DiskCache2 scour task on /usr/local/tomcat/content/thredds/cache/agg every 1440 minutes for files older than 129600 minutes
[2025-01-24T03:02:43.146+0000] Started a DiskCache2 scour task on /usr/local/tomcat/content/thredds/cache/aggNew/ every 1440 minutes for files older than 129600 minutes
[2025-01-24T03:02:43.161+0000] Started a DiskCache2 scour task on /usr/local/tomcat/content/thredds/cache/ncss every 10 minutes for files older than 5 minutes
[2025-01-24T03:02:47.756+0000] Started a DiskCache2 scour task on /usr/local/tomcat/content/thredds/cache/wcs every 15 minutes for files older than 30 minutes
[2025-01-24T03:09:32.619+0000] Started a DiskCache2 scour task on /usr/local/tomcat/content/thredds/cache/agg every 1440 minutes for files older than 129600 minutes
[2025-01-24T03:09:32.620+0000] Started a DiskCache2 scour task on /usr/local/tomcat/content/thredds/cache/aggNew/ every 1440 minutes for files older than 129600 minutes
[2025-01-24T03:09:32.630+0000] Started a DiskCache2 scour task on /usr/local/tomcat/content/thredds/cache/ncss every 10 minutes for files older than 5 minutes
[2025-01-24T03:09:35.224+0000] Started a DiskCache2 scour task on /usr/local/tomcat/content/thredds/cache/wcs every 15 minutes for files older than 30 minutes
[2025-01-24T03:11:06.998+0000] Started a DiskCache2 scour task on /usr/local/tomcat/content/thredds/cache/agg every 1440 minutes for files older than 129600 minutes
[2025-01-24T03:11:06.999+0000] Started a DiskCache2 scour task on /usr/local/tomcat/content/thredds/cache/aggNew/ every 1440 minutes for files older than 129600 minutes
[2025-01-24T03:11:07.007+0000] Started a DiskCache2 scour task on /usr/local/tomcat/content/thredds/cache/ncss every 10 minutes for files older than 5 minutes
[2025-01-24T03:11:10.478+0000] Started a DiskCache2 scour task on /usr/local/tomcat/content/thredds/cache/wcs every 15 minutes for files older than 30 minutes
[2025-01-24T03:17:23.665+0000] Started a DiskCache2 scour task on /usr/local/tomcat/content/thredds/cache/agg every 1440 minutes for files older than 129600 minutes
[2025-01-24T03:17:23.665+0000] Started a DiskCache2 scour task on /usr/local/tomcat/content/thredds/cache/aggNew/ every 1440 minutes for files older than 129600 minutes
[2025-01-24T03:17:23.690+0000] Started a DiskCache2 scour task on /usr/local/tomcat/content/thredds/cache/ncss every 10 minutes for files older than 5 minutes
[2025-01-24T03:17:26.774+0000] Started a DiskCache2 scour task on /usr/local/tomcat/content/thredds/cache/wcs every 15 minutes for files older than 30 minutes
[2025-01-24T03:20:47.464+0000] Started a DiskCache2 scour task on /usr/local/tomcat/content/thredds/cache/agg every 1440 minutes for files older than 129600 minutes
[2025-01-24T03:20:47.465+0000] Started a DiskCache2 scour task on /usr/local/tomcat/content/thredds/cache/aggNew/ every 1440 minutes for files older than 129600 minutes
[2025-01-24T03:20:47.493+0000] Started a DiskCache2 scour task on /usr/local/tomcat/content/thredds/cache/ncss every 10 minutes for files older than 5 minutes
[2025-01-24T03:20:50.880+0000] Started a DiskCache2 scour task on /usr/local/tomcat/content/thredds/cache/wcs every 15 minutes for files older than 30 minutes
[2025-01-27T03:41:19.337+0000] Started a DiskCache2 scour task on /usr/local/tomcat/content/thredds/cache/agg every 1440 minutes for files older than 129600 minutes
[2025-01-27T03:41:19.340+0000] Started a DiskCache2 scour task on /usr/local/tomcat/content/thredds/cache/aggNew/ every 1440 minutes for files older than 129600 minutes
[2025-01-27T03:41:19.414+0000] Started a DiskCache2 scour task on /usr/local/tomcat/content/thredds/cache/ncss every 10 minutes for files older than 5 minutes
[2025-01-27T03:41:22.596+0000] Started a DiskCache2 scour task on /usr/local/tomcat/content/thredds/cache/wcs every 15 minutes for files older than 30 minutes
[2025-01-27T03:47:24.903+0000] FileCache.shutdown called%n
[2025-01-27T03:47:24.907+0000] DiskCache2.exit()%n
[2025-01-27T03:47:24.909+0000] FileCache RandomAccessFile force close locked file= true 0 2025-01-27T03:42:52.144Z   /usr/local/data/model/regional/bom/forecast/hourly/wavewatch3/latest.nc
[2025-01-27T03:47:24.909+0000] FileCache NetcdfFileCache force close locked file= true 0 2025-01-27T03:42:52.322Z   /usr/local/data/model/regional/bom/forecast/hourly/wavewatch3/latest.nc
[2025-01-27T03:47:24.909+0000] FileCache NetcdfFileCache force close locked file= true 0 2025-01-27T03:42:52.462Z   file:/usr/local/data/model/regional/noaa/hindcast/monthly/ersst/latest.ncml
[2025-01-27T03:47:24.910+0000] FileCache NetcdfFileCache force close locked file= true 0 2025-01-27T03:43:50.329Z   file:/usr/local/data/model/regional/noaa/nrt/daily/coral_bleaching/latest.ncml
[2025-01-27T03:48:25.560+0000] Started a DiskCache2 scour task on /usr/local/tomcat/content/thredds/cache/agg every 1440 minutes for files older than 129600 minutes
[2025-01-27T03:48:25.561+0000] Started a DiskCache2 scour task on /usr/local/tomcat/content/thredds/cache/aggNew/ every 1440 minutes for files older than 129600 minutes
[2025-01-27T03:48:25.645+0000] Started a DiskCache2 scour task on /usr/local/tomcat/content/thredds/cache/ncss every 10 minutes for files older than 5 minutes
[2025-01-27T03:48:29.222+0000] Started a DiskCache2 scour task on /usr/local/tomcat/content/thredds/cache/wcs every 15 minutes for files older than 30 minutes
[2025-01-27T21:35:36.279+0000] Started a DiskCache2 scour task on /usr/local/tomcat/content/thredds/cache/agg every 1440 minutes for files older than 129600 minutes
[2025-01-27T21:35:36.281+0000] Started a DiskCache2 scour task on /usr/local/tomcat/content/thredds/cache/aggNew/ every 1440 minutes for files older than 129600 minutes
[2025-01-27T21:35:36.337+0000] Started a DiskCache2 scour task on /usr/local/tomcat/content/thredds/cache/ncss every 10 minutes for files older than 5 minutes
[2025-01-27T21:35:39.961+0000] Started a DiskCache2 scour task on /usr/local/tomcat/content/thredds/cache/wcs every 15 minutes for files older than 30 minutes
[2025-01-27T21:39:51.205+0000] Started a DiskCache2 scour task on /usr/local/tomcat/content/thredds/cache/agg every 1440 minutes for files older than 129600 minutes
[2025-01-27T21:39:51.206+0000] Started a DiskCache2 scour task on /usr/local/tomcat/content/thredds/cache/aggNew/ every 1440 minutes for files older than 129600 minutes
[2025-01-27T21:39:51.326+0000] Started a DiskCache2 scour task on /usr/local/tomcat/content/thredds/cache/ncss every 10 minutes for files older than 5 minutes
[2025-01-27T21:39:54.099+0000] Started a DiskCache2 scour task on /usr/local/tomcat/content/thredds/cache/wcs every 15 minutes for files older than 30 minutes
[2025-01-27T21:43:14.930+0000] Started a DiskCache2 scour task on /usr/local/tomcat/content/thredds/cache/agg every 1440 minutes for files older than 129600 minutes
[2025-01-27T21:43:14.931+0000] Started a DiskCache2 scour task on /usr/local/tomcat/content/thredds/cache/aggNew/ every 1440 minutes for files older than 129600 minutes
[2025-01-27T21:43:15.047+0000] Started a DiskCache2 scour task on /usr/local/tomcat/content/thredds/cache/ncss every 10 minutes for files older than 5 minutes
[2025-01-27T21:43:18.545+0000] Started a DiskCache2 scour task on /usr/local/tomcat/content/thredds/cache/wcs every 15 minutes for files older than 30 minutes
[2025-01-27T21:46:49.780+0000] Started a DiskCache2 scour task on /usr/local/tomcat/content/thredds/cache/agg every 1440 minutes for files older than 129600 minutes
[2025-01-27T21:46:49.780+0000] Started a DiskCache2 scour task on /usr/local/tomcat/content/thredds/cache/aggNew/ every 1440 minutes for files older than 129600 minutes
[2025-01-27T21:46:49.897+0000] Started a DiskCache2 scour task on /usr/local/tomcat/content/thredds/cache/ncss every 10 minutes for files older than 5 minutes
[2025-01-27T21:46:52.885+0000] Started a DiskCache2 scour task on /usr/local/tomcat/content/thredds/cache/wcs every 15 minutes for files older than 30 minutes
[2025-01-27T21:48:11.833+0000] Started a DiskCache2 scour task on /usr/local/tomcat/content/thredds/cache/agg every 1440 minutes for files older than 129600 minutes
[2025-01-27T21:48:11.834+0000] Started a DiskCache2 scour task on /usr/local/tomcat/content/thredds/cache/aggNew/ every 1440 minutes for files older than 129600 minutes
[2025-01-27T21:48:12.061+0000] Started a DiskCache2 scour task on /usr/local/tomcat/content/thredds/cache/ncss every 10 minutes for files older than 5 minutes
[2025-01-27T21:48:17.033+0000] Started a DiskCache2 scour task on /usr/local/tomcat/content/thredds/cache/wcs every 15 minutes for files older than 30 minutes
[2025-01-27T21:49:27.861+0000] Started a DiskCache2 scour task on /usr/local/tomcat/content/thredds/cache/agg every 1440 minutes for files older than 129600 minutes
[2025-01-27T21:49:27.862+0000] Started a DiskCache2 scour task on /usr/local/tomcat/content/thredds/cache/aggNew/ every 1440 minutes for files older than 129600 minutes
[2025-01-27T21:49:27.944+0000] Started a DiskCache2 scour task on /usr/local/tomcat/content/thredds/cache/ncss every 10 minutes for files older than 5 minutes
[2025-01-27T21:49:31.239+0000] Started a DiskCache2 scour task on /usr/local/tomcat/content/thredds/cache/wcs every 15 minutes for files older than 30 minutes
[2025-01-27T21:52:06.861+0000] Started a DiskCache2 scour task on /usr/local/tomcat/content/thredds/cache/agg every 1440 minutes for files older than 129600 minutes
[2025-01-27T21:52:06.861+0000] Started a DiskCache2 scour task on /usr/local/tomcat/content/thredds/cache/aggNew/ every 1440 minutes for files older than 129600 minutes
[2025-01-27T21:52:06.935+0000] Started a DiskCache2 scour task on /usr/local/tomcat/content/thredds/cache/ncss every 10 minutes for files older than 5 minutes
[2025-01-27T21:52:09.682+0000] Started a DiskCache2 scour task on /usr/local/tomcat/content/thredds/cache/wcs every 15 minutes for files older than 30 minutes
[2025-01-27T21:56:16.301+0000] Started a DiskCache2 scour task on /usr/local/tomcat/content/thredds/cache/agg every 1440 minutes for files older than 129600 minutes
[2025-01-27T21:56:16.302+0000] Started a DiskCache2 scour task on /usr/local/tomcat/content/thredds/cache/aggNew/ every 1440 minutes for files older than 129600 minutes
[2025-01-27T21:56:16.370+0000] Started a DiskCache2 scour task on /usr/local/tomcat/content/thredds/cache/ncss every 10 minutes for files older than 5 minutes
[2025-01-27T21:56:20.888+0000] Started a DiskCache2 scour task on /usr/local/tomcat/content/thredds/cache/wcs every 15 minutes for files older than 30 minutes
[2025-01-27T22:08:28.529+0000] Started a DiskCache2 scour task on /usr/local/tomcat/content/thredds/cache/agg every 1440 minutes for files older than 129600 minutes
[2025-01-27T22:08:28.530+0000] Started a DiskCache2 scour task on /usr/local/tomcat/content/thredds/cache/aggNew/ every 1440 minutes for files older than 129600 minutes
[2025-01-27T22:08:28.713+0000] Started a DiskCache2 scour task on /usr/local/tomcat/content/thredds/cache/ncss every 10 minutes for files older than 5 minutes
[2025-01-27T22:08:33.113+0000] Started a DiskCache2 scour task on /usr/local/tomcat/content/thredds/cache/wcs every 15 minutes for files older than 30 minutes
[2025-01-27T22:09:59.967+0000] Started a DiskCache2 scour task on /usr/local/tomcat/content/thredds/cache/agg every 1440 minutes for files older than 129600 minutes
[2025-01-27T22:09:59.968+0000] Started a DiskCache2 scour task on /usr/local/tomcat/content/thredds/cache/aggNew/ every 1440 minutes for files older than 129600 minutes
[2025-01-27T22:10:00.084+0000] Started a DiskCache2 scour task on /usr/local/tomcat/content/thredds/cache/ncss every 10 minutes for files older than 5 minutes
[2025-01-27T22:10:04.183+0000] Started a DiskCache2 scour task on /usr/local/tomcat/content/thredds/cache/wcs every 15 minutes for files older than 30 minutes
[2025-01-27T22:12:55.279+0000] Started a DiskCache2 scour task on /usr/local/tomcat/content/thredds/cache/agg every 1440 minutes for files older than 129600 minutes
[2025-01-27T22:12:55.280+0000] Started a DiskCache2 scour task on /usr/local/tomcat/content/thredds/cache/aggNew/ every 1440 minutes for files older than 129600 minutes
[2025-01-27T22:12:55.464+0000] Started a DiskCache2 scour task on /usr/local/tomcat/content/thredds/cache/ncss every 10 minutes for files older than 5 minutes
[2025-01-27T22:12:59.145+0000] Started a DiskCache2 scour task on /usr/local/tomcat/content/thredds/cache/wcs every 15 minutes for files older than 30 minutes
[2025-01-28T23:26:14.661+0000] Started a DiskCache2 scour task on /usr/local/tomcat/content/thredds/cache/agg every 1440 minutes for files older than 129600 minutes
[2025-01-28T23:26:14.663+0000] Started a DiskCache2 scour task on /usr/local/tomcat/content/thredds/cache/aggNew/ every 1440 minutes for files older than 129600 minutes
[2025-01-28T23:26:14.803+0000] Started a DiskCache2 scour task on /usr/local/tomcat/content/thredds/cache/ncss every 10 minutes for files older than 5 minutes
[2025-01-28T23:26:18.393+0000] Started a DiskCache2 scour task on /usr/local/tomcat/content/thredds/cache/wcs every 15 minutes for files older than 30 minutes
[2025-01-30T22:13:23.651+0000] Started a DiskCache2 scour task on /usr/local/tomcat/content/thredds/cache/agg every 1440 minutes for files older than 129600 minutes
[2025-01-30T22:13:23.656+0000] Started a DiskCache2 scour task on /usr/local/tomcat/content/thredds/cache/aggNew/ every 1440 minutes for files older than 129600 minutes
[2025-01-30T22:13:23.737+0000] Started a DiskCache2 scour task on /usr/local/tomcat/content/thredds/cache/ncss every 10 minutes for files older than 5 minutes
[2025-01-30T22:13:26.896+0000] Started a DiskCache2 scour task on /usr/local/tomcat/content/thredds/cache/wcs every 15 minutes for files older than 30 minutes
[2025-01-30T22:17:00.498+0000] Started a DiskCache2 scour task on /usr/local/tomcat/content/thredds/cache/agg every 1440 minutes for files older than 129600 minutes
[2025-01-30T22:17:00.498+0000] Started a DiskCache2 scour task on /usr/local/tomcat/content/thredds/cache/aggNew/ every 1440 minutes for files older than 129600 minutes
[2025-01-30T22:17:00.625+0000] Started a DiskCache2 scour task on /usr/local/tomcat/content/thredds/cache/ncss every 10 minutes for files older than 5 minutes
[2025-01-30T22:17:06.021+0000] Started a DiskCache2 scour task on /usr/local/tomcat/content/thredds/cache/wcs every 15 minutes for files older than 30 minutes
[2025-01-31T03:15:40.211+0000] Started a DiskCache2 scour task on /usr/local/tomcat/content/thredds/cache/agg every 1440 minutes for files older than 129600 minutes
[2025-01-31T03:15:40.213+0000] Started a DiskCache2 scour task on /usr/local/tomcat/content/thredds/cache/aggNew/ every 1440 minutes for files older than 129600 minutes
[2025-01-31T03:15:40.219+0000] Started a DiskCache2 scour task on /usr/local/tomcat/content/thredds/cache/ncss every 10 minutes for files older than 5 minutes
[2025-01-31T03:15:44.789+0000] Started a DiskCache2 scour task on /usr/local/tomcat/content/thredds/cache/wcs every 15 minutes for files older than 30 minutes
[2025-01-31T03:35:12.011+0000] Started a DiskCache2 scour task on /usr/local/tomcat/content/thredds/cache/agg every 1440 minutes for files older than 129600 minutes
[2025-01-31T03:35:12.011+0000] Started a DiskCache2 scour task on /usr/local/tomcat/content/thredds/cache/aggNew/ every 1440 minutes for files older than 129600 minutes
[2025-01-31T03:35:12.148+0000] Started a DiskCache2 scour task on /usr/local/tomcat/content/thredds/cache/ncss every 10 minutes for files older than 5 minutes
[2025-01-31T03:35:16.806+0000] Started a DiskCache2 scour task on /usr/local/tomcat/content/thredds/cache/wcs every 15 minutes for files older than 30 minutes
[2025-02-12T23:54:17.641+0000] Started a DiskCache2 scour task on /usr/local/tomcat/content/thredds/cache/agg every 1440 minutes for files older than 129600 minutes
[2025-02-12T23:54:17.644+0000] Started a DiskCache2 scour task on /usr/local/tomcat/content/thredds/cache/aggNew/ every 1440 minutes for files older than 129600 minutes
[2025-02-12T23:54:17.872+0000] Started a DiskCache2 scour task on /usr/local/tomcat/content/thredds/cache/ncss every 10 minutes for files older than 5 minutes
[2025-02-12T23:54:24.601+0000] Started a DiskCache2 scour task on /usr/local/tomcat/content/thredds/cache/wcs every 15 minutes for files older than 30 minutes
[2025-02-13T20:45:55.316+0000] Started a DiskCache2 scour task on /usr/local/tomcat/content/thredds/cache/agg every 1440 minutes for files older than 129600 minutes
[2025-02-13T20:45:55.318+0000] Started a DiskCache2 scour task on /usr/local/tomcat/content/thredds/cache/aggNew/ every 1440 minutes for files older than 129600 minutes
[2025-02-13T20:45:55.390+0000] Started a DiskCache2 scour task on /usr/local/tomcat/content/thredds/cache/ncss every 10 minutes for files older than 5 minutes
[2025-02-13T20:45:59.067+0000] Started a DiskCache2 scour task on /usr/local/tomcat/content/thredds/cache/wcs every 15 minutes for files older than 30 minutes
[2025-02-16T23:41:28.408+0000] Started a DiskCache2 scour task on /usr/local/tomcat/content/thredds/cache/agg every 1440 minutes for files older than 129600 minutes
[2025-02-16T23:41:28.410+0000] Started a DiskCache2 scour task on /usr/local/tomcat/content/thredds/cache/aggNew/ every 1440 minutes for files older than 129600 minutes
[2025-02-16T23:41:28.534+0000] Started a DiskCache2 scour task on /usr/local/tomcat/content/thredds/cache/ncss every 10 minutes for files older than 5 minutes
[2025-02-16T23:41:31.701+0000] Started a DiskCache2 scour task on /usr/local/tomcat/content/thredds/cache/wcs every 15 minutes for files older than 30 minutes
[2025-02-17T00:21:43.056+0000] Started a DiskCache2 scour task on /usr/local/tomcat/content/thredds/cache/agg every 1440 minutes for files older than 129600 minutes
[2025-02-17T00:21:43.057+0000] Started a DiskCache2 scour task on /usr/local/tomcat/content/thredds/cache/aggNew/ every 1440 minutes for files older than 129600 minutes
[2025-02-17T00:21:43.142+0000] Started a DiskCache2 scour task on /usr/local/tomcat/content/thredds/cache/ncss every 10 minutes for files older than 5 minutes
[2025-02-17T00:21:46.327+0000] Started a DiskCache2 scour task on /usr/local/tomcat/content/thredds/cache/wcs every 15 minutes for files older than 30 minutes
[2025-02-18T22:57:47.393+0000] Started a DiskCache2 scour task on /usr/local/tomcat/content/thredds/cache/agg every 1440 minutes for files older than 129600 minutes
[2025-02-18T22:57:47.397+0000] Started a DiskCache2 scour task on /usr/local/tomcat/content/thredds/cache/aggNew/ every 1440 minutes for files older than 129600 minutes
[2025-02-18T22:57:47.572+0000] Started a DiskCache2 scour task on /usr/local/tomcat/content/thredds/cache/ncss every 10 minutes for files older than 5 minutes
[2025-02-18T22:57:51.517+0000] Started a DiskCache2 scour task on /usr/local/tomcat/content/thredds/cache/wcs every 15 minutes for files older than 30 minutes
[2025-02-18T23:04:41.444+0000] Started a DiskCache2 scour task on /usr/local/tomcat/content/thredds/cache/agg every 1440 minutes for files older than 129600 minutes
[2025-02-18T23:04:41.444+0000] Started a DiskCache2 scour task on /usr/local/tomcat/content/thredds/cache/aggNew/ every 1440 minutes for files older than 129600 minutes
[2025-02-18T23:04:41.520+0000] Started a DiskCache2 scour task on /usr/local/tomcat/content/thredds/cache/ncss every 10 minutes for files older than 5 minutes
[2025-02-18T23:04:44.441+0000] Started a DiskCache2 scour task on /usr/local/tomcat/content/thredds/cache/wcs every 15 minutes for files older than 30 minutes
[2025-02-19T00:20:10.566+0000] Started a DiskCache2 scour task on /usr/local/tomcat/content/thredds/cache/agg every 1440 minutes for files older than 129600 minutes
[2025-02-19T00:20:10.566+0000] Started a DiskCache2 scour task on /usr/local/tomcat/content/thredds/cache/aggNew/ every 1440 minutes for files older than 129600 minutes
[2025-02-19T00:20:10.840+0000] Started a DiskCache2 scour task on /usr/local/tomcat/content/thredds/cache/ncss every 10 minutes for files older than 5 minutes
[2025-02-19T00:20:15.500+0000] Started a DiskCache2 scour task on /usr/local/tomcat/content/thredds/cache/wcs every 15 minutes for files older than 30 minutes
[2025-02-20T03:07:53.135+0000] Started a DiskCache2 scour task on /usr/local/tomcat/content/thredds/cache/agg every 1440 minutes for files older than 129600 minutes
[2025-02-20T03:07:53.137+0000] Started a DiskCache2 scour task on /usr/local/tomcat/content/thredds/cache/aggNew/ every 1440 minutes for files older than 129600 minutes
[2025-02-20T03:07:53.222+0000] Started a DiskCache2 scour task on /usr/local/tomcat/content/thredds/cache/ncss every 10 minutes for files older than 5 minutes
[2025-02-20T03:07:58.390+0000] Started a DiskCache2 scour task on /usr/local/tomcat/content/thredds/cache/wcs every 15 minutes for files older than 30 minutes
[2025-02-20T21:01:30.962+0000] Started a DiskCache2 scour task on /usr/local/tomcat/content/thredds/cache/agg every 1440 minutes for files older than 129600 minutes
[2025-02-20T21:01:30.964+0000] Started a DiskCache2 scour task on /usr/local/tomcat/content/thredds/cache/aggNew/ every 1440 minutes for files older than 129600 minutes
[2025-02-20T21:01:31.036+0000] Started a DiskCache2 scour task on /usr/local/tomcat/content/thredds/cache/ncss every 10 minutes for files older than 5 minutes
[2025-02-20T21:01:33.973+0000] Started a DiskCache2 scour task on /usr/local/tomcat/content/thredds/cache/wcs every 15 minutes for files older than 30 minutes
