13-Feb-2025 20:45:37.542 INFO [main] org.apache.catalina.startup.VersionLoggerListener.log Server version name:   Apache Tomcat
13-Feb-2025 20:45:37.554 INFO [main] org.apache.catalina.startup.VersionLoggerListener.log Server built:          Jul 2 2024 12:35:51 UTC
13-Feb-2025 20:45:37.555 INFO [main] org.apache.catalina.startup.VersionLoggerListener.log Server version number: 9.0.91.0
13-Feb-2025 20:45:37.555 INFO [main] org.apache.catalina.startup.VersionLoggerListener.log OS Name:               Linux
13-Feb-2025 20:45:37.557 INFO [main] org.apache.catalina.startup.VersionLoggerListener.log OS Version:            6.8.0-1021-aws
13-Feb-2025 20:45:37.558 INFO [main] org.apache.catalina.startup.VersionLoggerListener.log Architecture:          amd64
13-Feb-2025 20:45:37.558 INFO [main] org.apache.catalina.startup.VersionLoggerListener.log Java Home:             /opt/java/openjdk
13-Feb-2025 20:45:37.558 INFO [main] org.apache.catalina.startup.VersionLoggerListener.log JVM Version:           11.0.24+8
13-Feb-2025 20:45:37.559 INFO [main] org.apache.catalina.startup.VersionLoggerListener.log JVM Vendor:            Eclipse Adoptium
13-Feb-2025 20:45:37.559 INFO [main] org.apache.catalina.startup.VersionLoggerListener.log CATALINA_BASE:         /usr/local/tomcat
13-Feb-2025 20:45:37.560 INFO [main] org.apache.catalina.startup.VersionLoggerListener.log CATALINA_HOME:         /usr/local/tomcat
13-Feb-2025 20:45:37.611 INFO [main] org.apache.catalina.startup.VersionLoggerListener.log Command line argument: --add-opens=java.base/java.lang=ALL-UNNAMED
13-Feb-2025 20:45:37.612 INFO [main] org.apache.catalina.startup.VersionLoggerListener.log Command line argument: --add-opens=java.base/java.io=ALL-UNNAMED
13-Feb-2025 20:45:37.615 INFO [main] org.apache.catalina.startup.VersionLoggerListener.log Command line argument: --add-opens=java.base/java.util=ALL-UNNAMED
13-Feb-2025 20:45:37.616 INFO [main] org.apache.catalina.startup.VersionLoggerListener.log Command line argument: --add-opens=java.base/java.util.concurrent=ALL-UNNAMED
13-Feb-2025 20:45:37.616 INFO [main] org.apache.catalina.startup.VersionLoggerListener.log Command line argument: --add-opens=java.rmi/sun.rmi.transport=ALL-UNNAMED
13-Feb-2025 20:45:37.617 INFO [main] org.apache.catalina.startup.VersionLoggerListener.log Command line argument: -Djava.util.logging.config.file=/usr/local/tomcat/conf/logging.properties
13-Feb-2025 20:45:37.617 INFO [main] org.apache.catalina.startup.VersionLoggerListener.log Command line argument: -Djava.util.logging.manager=org.apache.juli.ClassLoaderLogManager
13-Feb-2025 20:45:37.618 INFO [main] org.apache.catalina.startup.VersionLoggerListener.log Command line argument: -Dtds.content.root.path=/usr/local/tomcat/content/
13-Feb-2025 20:45:37.619 INFO [main] org.apache.catalina.startup.VersionLoggerListener.log Command line argument: -Djava.util.prefs.systemRoot=/usr/local/tomcat/javaUtilPrefs
13-Feb-2025 20:45:37.619 INFO [main] org.apache.catalina.startup.VersionLoggerListener.log Command line argument: -Djava.util.prefs.userRoot=/usr/local/tomcat/javaUtilPrefs
13-Feb-2025 20:45:37.620 INFO [main] org.apache.catalina.startup.VersionLoggerListener.log Command line argument: -Xms4G
13-Feb-2025 20:45:37.620 INFO [main] org.apache.catalina.startup.VersionLoggerListener.log Command line argument: -Xmx4G
13-Feb-2025 20:45:37.622 INFO [main] org.apache.catalina.startup.VersionLoggerListener.log Command line argument: -XX:+HeapDumpOnOutOfMemoryError
13-Feb-2025 20:45:37.622 INFO [main] org.apache.catalina.startup.VersionLoggerListener.log Command line argument: -Djava.awt.headless=true
13-Feb-2025 20:45:37.622 INFO [main] org.apache.catalina.startup.VersionLoggerListener.log Command line argument: -Djna.tmpdir=/tmp/
13-Feb-2025 20:45:37.622 INFO [main] org.apache.catalina.startup.VersionLoggerListener.log Command line argument: -Djdk.tls.ephemeralDHKeySize=2048
13-Feb-2025 20:45:37.623 INFO [main] org.apache.catalina.startup.VersionLoggerListener.log Command line argument: -Djava.protocol.handler.pkgs=org.apache.catalina.webresources
13-Feb-2025 20:45:37.623 INFO [main] org.apache.catalina.startup.VersionLoggerListener.log Command line argument: -Dorg.apache.catalina.security.SecurityListener.UMASK=0027
13-Feb-2025 20:45:37.623 INFO [main] org.apache.catalina.startup.VersionLoggerListener.log Command line argument: -Dignore.endorsed.dirs=
13-Feb-2025 20:45:37.623 INFO [main] org.apache.catalina.startup.VersionLoggerListener.log Command line argument: -Dcatalina.base=/usr/local/tomcat
13-Feb-2025 20:45:37.623 INFO [main] org.apache.catalina.startup.VersionLoggerListener.log Command line argument: -Dcatalina.home=/usr/local/tomcat
13-Feb-2025 20:45:37.623 INFO [main] org.apache.catalina.startup.VersionLoggerListener.log Command line argument: -Djava.io.tmpdir=/usr/local/tomcat/temp
13-Feb-2025 20:45:37.659 INFO [main] org.apache.catalina.core.AprLifecycleListener.lifecycleEvent Loaded Apache Tomcat Native library [1.3.0] using APR version [1.7.0].
13-Feb-2025 20:45:37.660 INFO [main] org.apache.catalina.core.AprLifecycleListener.lifecycleEvent APR capabilities: IPv6 [true], sendfile [true], accept filters [false], random [true], UDS [true].
13-Feb-2025 20:45:37.660 INFO [main] org.apache.catalina.core.AprLifecycleListener.lifecycleEvent APR/OpenSSL configuration: useAprConnector [false], useOpenSSL [true]
13-Feb-2025 20:45:37.691 INFO [main] org.apache.catalina.core.AprLifecycleListener.initializeSSL OpenSSL successfully initialized [OpenSSL 3.0.2 15 Mar 2022]
13-Feb-2025 20:45:38.456 INFO [main] org.apache.coyote.AbstractProtocol.init Initializing ProtocolHandler ["http-nio-8080"]
13-Feb-2025 20:45:38.564 INFO [main] org.apache.catalina.startup.Catalina.load Server initialization in [1818] milliseconds
13-Feb-2025 20:45:38.788 INFO [main] org.apache.catalina.core.StandardService.startInternal Starting service [Catalina]
13-Feb-2025 20:45:38.791 INFO [main] org.apache.catalina.core.StandardEngine.startInternal Starting Servlet engine: [Apache Tomcat]
13-Feb-2025 20:45:38.806 INFO [main] org.apache.catalina.startup.HostConfig.deployDirectory Deploying web application directory [/usr/local/tomcat/webapps/thredds]
13-Feb-2025 20:45:46.433 INFO [main] org.apache.jasper.servlet.TldScanner.scanJars At least one JAR was scanned for TLDs yet contained no TLDs. Enable debug logging for this logger for a complete list of JARs that were scanned but no TLDs were found in them. Skipping unneeded JARs during scanning can improve startup time and JSP compilation time.
13-Feb-2025 20:45:57.341 WARNING [main] net.openhft.chronicle.core.internal.cleaner.ReflectionBasedByteBufferCleanerService.<clinit> Make sure you have set the command line option "--illegal-access=permit --add-exports java.base/jdk.internal.ref=ALL-UNNAMED" to enable ReflectionBasedByteBufferCleanerService
13-Feb-2025 20:45:59.576 INFO [main] org.apache.catalina.startup.HostConfig.deployDirectory Deployment of web application directory [/usr/local/tomcat/webapps/thredds] has finished in [20,770] ms
13-Feb-2025 20:45:59.582 INFO [main] org.apache.coyote.AbstractProtocol.start Starting ProtocolHandler ["http-nio-8080"]
13-Feb-2025 20:45:59.602 INFO [main] org.apache.catalina.startup.Catalina.start Server startup in [21035] milliseconds
