23-Jan-2025 00:02:41.264 SEVERE [http-nio-8080-exec-114] org.apache.coyote.AbstractProtocol$ConnectionHandler.process Failed to complete processing of a request
	java.lang.OutOfMemoryError: Java heap space
23-Jan-2025 00:06:08.276 SEVERE [http-nio-8080-exec-116] org.apache.coyote.AbstractProtocol$ConnectionHandler.process Failed to complete processing of a request
	java.lang.OutOfMemoryError: Java heap space
23-Jan-2025 00:13:55.103 SEVERE [http-nio-8080-exec-119] org.apache.coyote.AbstractProtocol$ConnectionHandler.process Failed to complete processing of a request
	java.lang.OutOfMemoryError: Java heap space
23-Jan-2025 00:20:56.838 SEVERE [http-nio-8080-exec-79] org.apache.coyote.AbstractProtocol$ConnectionHandler.process Failed to complete processing of a request
	java.lang.OutOfMemoryError: Java heap space
23-Jan-2025 00:20:56.850 SEVERE [http-nio-8080-exec-102] org.apache.coyote.AbstractProtocol$ConnectionHandler.process Failed to complete processing of a request
	java.lang.OutOfMemoryError: Java heap space
23-Jan-2025 00:23:17.329 SEVERE [http-nio-8080-exec-82] org.apache.coyote.AbstractProtocol$ConnectionHandler.process Failed to complete processing of a request
	java.lang.OutOfMemoryError: Java heap space
23-Jan-2025 00:24:47.703 SEVERE [http-nio-8080-exec-92] org.apache.coyote.AbstractProtocol$ConnectionHandler.process Failed to complete processing of a request
	java.lang.OutOfMemoryError: Java heap space
23-Jan-2025 00:33:44.693 SEVERE [http-nio-8080-exec-68] org.apache.coyote.AbstractProtocol$ConnectionHandler.process Failed to complete processing of a request
	java.lang.OutOfMemoryError: Java heap space
23-Jan-2025 00:33:44.694 SEVERE [http-nio-8080-exec-106] org.apache.coyote.AbstractProtocol$ConnectionHandler.process Failed to complete processing of a request
	java.lang.OutOfMemoryError: Java heap space
23-Jan-2025 00:44:16.654 SEVERE [http-nio-8080-exec-111] org.apache.coyote.AbstractProtocol$ConnectionHandler.process Failed to complete processing of a request
	java.lang.OutOfMemoryError: Java heap space
23-Jan-2025 00:44:28.670 SEVERE [http-nio-8080-exec-88] org.apache.coyote.AbstractProtocol$ConnectionHandler.process Failed to complete processing of a request
	java.lang.OutOfMemoryError: Java heap space
23-Jan-2025 00:45:02.224 SEVERE [http-nio-8080-exec-93] org.apache.coyote.AbstractProtocol$ConnectionHandler.process Failed to complete processing of a request
	java.lang.OutOfMemoryError: Java heap space
23-Jan-2025 00:45:36.519 SEVERE [http-nio-8080-exec-96] org.apache.coyote.AbstractProtocol$ConnectionHandler.process Failed to complete processing of a request
	java.lang.OutOfMemoryError: Java heap space
23-Jan-2025 00:46:34.276 SEVERE [http-nio-8080-exec-71] org.apache.coyote.AbstractProtocol$ConnectionHandler.process Failed to complete processing of a request
	java.lang.OutOfMemoryError: Java heap space
23-Jan-2025 00:49:30.162 SEVERE [http-nio-8080-exec-64] org.apache.coyote.AbstractProtocol$ConnectionHandler.process Failed to complete processing of a request
	java.lang.OutOfMemoryError: Java heap space
23-Jan-2025 00:50:37.489 INFO [main] org.apache.catalina.startup.VersionLoggerListener.log Server version name:   Apache Tomcat
23-Jan-2025 00:50:37.494 INFO [main] org.apache.catalina.startup.VersionLoggerListener.log Server built:          Jul 2 2024 12:35:51 UTC
23-Jan-2025 00:50:37.495 INFO [main] org.apache.catalina.startup.VersionLoggerListener.log Server version number: 9.0.91.0
23-Jan-2025 00:50:37.495 INFO [main] org.apache.catalina.startup.VersionLoggerListener.log OS Name:               Linux
23-Jan-2025 00:50:37.498 INFO [main] org.apache.catalina.startup.VersionLoggerListener.log OS Version:            6.8.0-1021-aws
23-Jan-2025 00:50:37.498 INFO [main] org.apache.catalina.startup.VersionLoggerListener.log Architecture:          amd64
23-Jan-2025 00:50:37.498 INFO [main] org.apache.catalina.startup.VersionLoggerListener.log Java Home:             /opt/java/openjdk
23-Jan-2025 00:50:37.499 INFO [main] org.apache.catalina.startup.VersionLoggerListener.log JVM Version:           11.0.24+8
23-Jan-2025 00:50:37.499 INFO [main] org.apache.catalina.startup.VersionLoggerListener.log JVM Vendor:            Eclipse Adoptium
23-Jan-2025 00:50:37.499 INFO [main] org.apache.catalina.startup.VersionLoggerListener.log CATALINA_BASE:         /usr/local/tomcat
23-Jan-2025 00:50:37.499 INFO [main] org.apache.catalina.startup.VersionLoggerListener.log CATALINA_HOME:         /usr/local/tomcat
23-Jan-2025 00:50:37.533 INFO [main] org.apache.catalina.startup.VersionLoggerListener.log Command line argument: --add-opens=java.base/java.lang=ALL-UNNAMED
23-Jan-2025 00:50:37.533 INFO [main] org.apache.catalina.startup.VersionLoggerListener.log Command line argument: --add-opens=java.base/java.io=ALL-UNNAMED
23-Jan-2025 00:50:37.534 INFO [main] org.apache.catalina.startup.VersionLoggerListener.log Command line argument: --add-opens=java.base/java.util=ALL-UNNAMED
23-Jan-2025 00:50:37.534 INFO [main] org.apache.catalina.startup.VersionLoggerListener.log Command line argument: --add-opens=java.base/java.util.concurrent=ALL-UNNAMED
23-Jan-2025 00:50:37.534 INFO [main] org.apache.catalina.startup.VersionLoggerListener.log Command line argument: --add-opens=java.rmi/sun.rmi.transport=ALL-UNNAMED
23-Jan-2025 00:50:37.534 INFO [main] org.apache.catalina.startup.VersionLoggerListener.log Command line argument: -Djava.util.logging.config.file=/usr/local/tomcat/conf/logging.properties
23-Jan-2025 00:50:37.535 INFO [main] org.apache.catalina.startup.VersionLoggerListener.log Command line argument: -Djava.util.logging.manager=org.apache.juli.ClassLoaderLogManager
23-Jan-2025 00:50:37.535 INFO [main] org.apache.catalina.startup.VersionLoggerListener.log Command line argument: -Dtds.content.root.path=/usr/local/tomcat/content/
23-Jan-2025 00:50:37.535 INFO [main] org.apache.catalina.startup.VersionLoggerListener.log Command line argument: -Djava.util.prefs.systemRoot=/usr/local/tomcat/javaUtilPrefs
23-Jan-2025 00:50:37.535 INFO [main] org.apache.catalina.startup.VersionLoggerListener.log Command line argument: -Djava.util.prefs.userRoot=/usr/local/tomcat/javaUtilPrefs
23-Jan-2025 00:50:37.535 INFO [main] org.apache.catalina.startup.VersionLoggerListener.log Command line argument: -Xms4G
23-Jan-2025 00:50:37.535 INFO [main] org.apache.catalina.startup.VersionLoggerListener.log Command line argument: -Xmx4G
23-Jan-2025 00:50:37.536 INFO [main] org.apache.catalina.startup.VersionLoggerListener.log Command line argument: -XX:+HeapDumpOnOutOfMemoryError
23-Jan-2025 00:50:37.536 INFO [main] org.apache.catalina.startup.VersionLoggerListener.log Command line argument: -Djava.awt.headless=true
23-Jan-2025 00:50:37.536 INFO [main] org.apache.catalina.startup.VersionLoggerListener.log Command line argument: -Djna.tmpdir=/tmp/
23-Jan-2025 00:50:37.536 INFO [main] org.apache.catalina.startup.VersionLoggerListener.log Command line argument: -Djdk.tls.ephemeralDHKeySize=2048
23-Jan-2025 00:50:37.536 INFO [main] org.apache.catalina.startup.VersionLoggerListener.log Command line argument: -Djava.protocol.handler.pkgs=org.apache.catalina.webresources
23-Jan-2025 00:50:37.536 INFO [main] org.apache.catalina.startup.VersionLoggerListener.log Command line argument: -Dorg.apache.catalina.security.SecurityListener.UMASK=0027
23-Jan-2025 00:50:37.537 INFO [main] org.apache.catalina.startup.VersionLoggerListener.log Command line argument: -Dignore.endorsed.dirs=
23-Jan-2025 00:50:37.537 INFO [main] org.apache.catalina.startup.VersionLoggerListener.log Command line argument: -Dcatalina.base=/usr/local/tomcat
23-Jan-2025 00:50:37.537 INFO [main] org.apache.catalina.startup.VersionLoggerListener.log Command line argument: -Dcatalina.home=/usr/local/tomcat
23-Jan-2025 00:50:37.537 INFO [main] org.apache.catalina.startup.VersionLoggerListener.log Command line argument: -Djava.io.tmpdir=/usr/local/tomcat/temp
23-Jan-2025 00:50:37.550 INFO [main] org.apache.catalina.core.AprLifecycleListener.lifecycleEvent Loaded Apache Tomcat Native library [1.3.0] using APR version [1.7.0].
23-Jan-2025 00:50:37.550 INFO [main] org.apache.catalina.core.AprLifecycleListener.lifecycleEvent APR capabilities: IPv6 [true], sendfile [true], accept filters [false], random [true], UDS [true].
23-Jan-2025 00:50:37.550 INFO [main] org.apache.catalina.core.AprLifecycleListener.lifecycleEvent APR/OpenSSL configuration: useAprConnector [false], useOpenSSL [true]
23-Jan-2025 00:50:37.560 INFO [main] org.apache.catalina.core.AprLifecycleListener.initializeSSL OpenSSL successfully initialized [OpenSSL 3.0.2 15 Mar 2022]
23-Jan-2025 00:50:38.214 INFO [main] org.apache.coyote.AbstractProtocol.init Initializing ProtocolHandler ["http-nio-8080"]
23-Jan-2025 00:50:38.286 INFO [main] org.apache.catalina.startup.Catalina.load Server initialization in [1291] milliseconds
23-Jan-2025 00:50:38.428 INFO [main] org.apache.catalina.core.StandardService.startInternal Starting service [Catalina]
23-Jan-2025 00:50:38.430 INFO [main] org.apache.catalina.core.StandardEngine.startInternal Starting Servlet engine: [Apache Tomcat]
23-Jan-2025 00:50:38.446 INFO [main] org.apache.catalina.startup.HostConfig.deployDirectory Deploying web application directory [/usr/local/tomcat/webapps/thredds]
23-Jan-2025 00:50:46.600 INFO [main] org.apache.jasper.servlet.TldScanner.scanJars At least one JAR was scanned for TLDs yet contained no TLDs. Enable debug logging for this logger for a complete list of JARs that were scanned but no TLDs were found in them. Skipping unneeded JARs during scanning can improve startup time and JSP compilation time.
23-Jan-2025 00:51:00.783 WARNING [main] net.openhft.chronicle.core.internal.cleaner.ReflectionBasedByteBufferCleanerService.<clinit> Make sure you have set the command line option "--illegal-access=permit --add-exports java.base/jdk.internal.ref=ALL-UNNAMED" to enable ReflectionBasedByteBufferCleanerService
23-Jan-2025 00:51:03.137 INFO [main] org.apache.catalina.startup.HostConfig.deployDirectory Deployment of web application directory [/usr/local/tomcat/webapps/thredds] has finished in [24,692] ms
23-Jan-2025 00:51:03.144 INFO [main] org.apache.coyote.AbstractProtocol.start Starting ProtocolHandler ["http-nio-8080"]
23-Jan-2025 00:51:03.175 INFO [main] org.apache.catalina.startup.Catalina.start Server startup in [24888] milliseconds
