14-Jan-2025 04:23:11.339 INFO [main] org.apache.catalina.startup.VersionLoggerListener.log Server version name:   Apache Tomcat
14-Jan-2025 04:23:11.343 INFO [main] org.apache.catalina.startup.VersionLoggerListener.log Server built:          Jul 2 2024 12:35:51 UTC
14-Jan-2025 04:23:11.344 INFO [main] org.apache.catalina.startup.VersionLoggerListener.log Server version number: 9.0.91.0
14-Jan-2025 04:23:11.345 INFO [main] org.apache.catalina.startup.VersionLoggerListener.log OS Name:               Linux
14-Jan-2025 04:23:11.345 INFO [main] org.apache.catalina.startup.VersionLoggerListener.log OS Version:            6.8.0-1014-aws
14-Jan-2025 04:23:11.345 INFO [main] org.apache.catalina.startup.VersionLoggerListener.log Architecture:          amd64
14-Jan-2025 04:23:11.345 INFO [main] org.apache.catalina.startup.VersionLoggerListener.log Java Home:             /opt/java/openjdk
14-Jan-2025 04:23:11.345 INFO [main] org.apache.catalina.startup.VersionLoggerListener.log JVM Version:           11.0.24+8
14-Jan-2025 04:23:11.346 INFO [main] org.apache.catalina.startup.VersionLoggerListener.log JVM Vendor:            Eclipse Adoptium
14-Jan-2025 04:23:11.346 INFO [main] org.apache.catalina.startup.VersionLoggerListener.log CATALINA_BASE:         /usr/local/tomcat
14-Jan-2025 04:23:11.346 INFO [main] org.apache.catalina.startup.VersionLoggerListener.log CATALINA_HOME:         /usr/local/tomcat
14-Jan-2025 04:23:11.382 INFO [main] org.apache.catalina.startup.VersionLoggerListener.log Command line argument: --add-opens=java.base/java.lang=ALL-UNNAMED
14-Jan-2025 04:23:11.383 INFO [main] org.apache.catalina.startup.VersionLoggerListener.log Command line argument: --add-opens=java.base/java.io=ALL-UNNAMED
14-Jan-2025 04:23:11.383 INFO [main] org.apache.catalina.startup.VersionLoggerListener.log Command line argument: --add-opens=java.base/java.util=ALL-UNNAMED
14-Jan-2025 04:23:11.383 INFO [main] org.apache.catalina.startup.VersionLoggerListener.log Command line argument: --add-opens=java.base/java.util.concurrent=ALL-UNNAMED
14-Jan-2025 04:23:11.384 INFO [main] org.apache.catalina.startup.VersionLoggerListener.log Command line argument: --add-opens=java.rmi/sun.rmi.transport=ALL-UNNAMED
14-Jan-2025 04:23:11.384 INFO [main] org.apache.catalina.startup.VersionLoggerListener.log Command line argument: -Djava.util.logging.config.file=/usr/local/tomcat/conf/logging.properties
14-Jan-2025 04:23:11.384 INFO [main] org.apache.catalina.startup.VersionLoggerListener.log Command line argument: -Djava.util.logging.manager=org.apache.juli.ClassLoaderLogManager
14-Jan-2025 04:23:11.384 INFO [main] org.apache.catalina.startup.VersionLoggerListener.log Command line argument: -Dtds.content.root.path=/usr/local/tomcat/content/
14-Jan-2025 04:23:11.385 INFO [main] org.apache.catalina.startup.VersionLoggerListener.log Command line argument: -Djava.util.prefs.systemRoot=/usr/local/tomcat/javaUtilPrefs
14-Jan-2025 04:23:11.385 INFO [main] org.apache.catalina.startup.VersionLoggerListener.log Command line argument: -Djava.util.prefs.userRoot=/usr/local/tomcat/javaUtilPrefs
14-Jan-2025 04:23:11.385 INFO [main] org.apache.catalina.startup.VersionLoggerListener.log Command line argument: -Xms4G
14-Jan-2025 04:23:11.385 INFO [main] org.apache.catalina.startup.VersionLoggerListener.log Command line argument: -Xmx4G
14-Jan-2025 04:23:11.385 INFO [main] org.apache.catalina.startup.VersionLoggerListener.log Command line argument: -XX:+HeapDumpOnOutOfMemoryError
14-Jan-2025 04:23:11.385 INFO [main] org.apache.catalina.startup.VersionLoggerListener.log Command line argument: -Djava.awt.headless=true
14-Jan-2025 04:23:11.386 INFO [main] org.apache.catalina.startup.VersionLoggerListener.log Command line argument: -Djna.tmpdir=/tmp/
14-Jan-2025 04:23:11.386 INFO [main] org.apache.catalina.startup.VersionLoggerListener.log Command line argument: -Djdk.tls.ephemeralDHKeySize=2048
14-Jan-2025 04:23:11.386 INFO [main] org.apache.catalina.startup.VersionLoggerListener.log Command line argument: -Djava.protocol.handler.pkgs=org.apache.catalina.webresources
14-Jan-2025 04:23:11.386 INFO [main] org.apache.catalina.startup.VersionLoggerListener.log Command line argument: -Dorg.apache.catalina.security.SecurityListener.UMASK=0027
14-Jan-2025 04:23:11.386 INFO [main] org.apache.catalina.startup.VersionLoggerListener.log Command line argument: -Dignore.endorsed.dirs=
14-Jan-2025 04:23:11.386 INFO [main] org.apache.catalina.startup.VersionLoggerListener.log Command line argument: -Dcatalina.base=/usr/local/tomcat
14-Jan-2025 04:23:11.386 INFO [main] org.apache.catalina.startup.VersionLoggerListener.log Command line argument: -Dcatalina.home=/usr/local/tomcat
14-Jan-2025 04:23:11.386 INFO [main] org.apache.catalina.startup.VersionLoggerListener.log Command line argument: -Djava.io.tmpdir=/usr/local/tomcat/temp
14-Jan-2025 04:23:11.416 INFO [main] org.apache.catalina.core.AprLifecycleListener.lifecycleEvent Loaded Apache Tomcat Native library [1.3.0] using APR version [1.7.0].
14-Jan-2025 04:23:11.416 INFO [main] org.apache.catalina.core.AprLifecycleListener.lifecycleEvent APR capabilities: IPv6 [true], sendfile [true], accept filters [false], random [true], UDS [true].
14-Jan-2025 04:23:11.417 INFO [main] org.apache.catalina.core.AprLifecycleListener.lifecycleEvent APR/OpenSSL configuration: useAprConnector [false], useOpenSSL [true]
14-Jan-2025 04:23:11.442 INFO [main] org.apache.catalina.core.AprLifecycleListener.initializeSSL OpenSSL successfully initialized [OpenSSL 3.0.2 15 Mar 2022]
14-Jan-2025 04:23:12.058 INFO [main] org.apache.coyote.AbstractProtocol.init Initializing ProtocolHandler ["http-nio-8080"]
14-Jan-2025 04:23:12.160 INFO [main] org.apache.catalina.startup.Catalina.load Server initialization in [1319] milliseconds
14-Jan-2025 04:23:12.313 INFO [main] org.apache.catalina.core.StandardService.startInternal Starting service [Catalina]
14-Jan-2025 04:23:12.313 INFO [main] org.apache.catalina.core.StandardEngine.startInternal Starting Servlet engine: [Apache Tomcat]
14-Jan-2025 04:23:12.327 INFO [main] org.apache.catalina.startup.HostConfig.deployDirectory Deploying web application directory [/usr/local/tomcat/webapps/thredds]
14-Jan-2025 04:23:19.485 INFO [main] org.apache.jasper.servlet.TldScanner.scanJars At least one JAR was scanned for TLDs yet contained no TLDs. Enable debug logging for this logger for a complete list of JARs that were scanned but no TLDs were found in them. Skipping unneeded JARs during scanning can improve startup time and JSP compilation time.
14-Jan-2025 04:23:33.366 WARNING [main] net.openhft.chronicle.core.internal.cleaner.ReflectionBasedByteBufferCleanerService.<clinit> Make sure you have set the command line option "--illegal-access=permit --add-exports java.base/jdk.internal.ref=ALL-UNNAMED" to enable ReflectionBasedByteBufferCleanerService
14-Jan-2025 04:23:35.435 INFO [main] org.apache.catalina.startup.HostConfig.deployDirectory Deployment of web application directory [/usr/local/tomcat/webapps/thredds] has finished in [23,109] ms
14-Jan-2025 04:23:35.442 INFO [main] org.apache.coyote.AbstractProtocol.start Starting ProtocolHandler ["http-nio-8080"]
14-Jan-2025 04:23:35.466 INFO [main] org.apache.catalina.startup.Catalina.start Server startup in [23305] milliseconds
