21-Jan-2025 00:02:53.605 INFO [main] org.apache.catalina.startup.VersionLoggerListener.log Server version name:   Apache Tomcat
21-Jan-2025 00:02:53.610 INFO [main] org.apache.catalina.startup.VersionLoggerListener.log Server built:          Jul 2 2024 12:35:51 UTC
21-Jan-2025 00:02:53.611 INFO [main] org.apache.catalina.startup.VersionLoggerListener.log Server version number: 9.0.91.0
21-Jan-2025 00:02:53.611 INFO [main] org.apache.catalina.startup.VersionLoggerListener.log OS Name:               Linux
21-Jan-2025 00:02:53.612 INFO [main] org.apache.catalina.startup.VersionLoggerListener.log OS Version:            6.8.0-1014-aws
21-Jan-2025 00:02:53.612 INFO [main] org.apache.catalina.startup.VersionLoggerListener.log Architecture:          amd64
21-Jan-2025 00:02:53.612 INFO [main] org.apache.catalina.startup.VersionLoggerListener.log Java Home:             /opt/java/openjdk
21-Jan-2025 00:02:53.613 INFO [main] org.apache.catalina.startup.VersionLoggerListener.log JVM Version:           11.0.24+8
21-Jan-2025 00:02:53.613 INFO [main] org.apache.catalina.startup.VersionLoggerListener.log JVM Vendor:            Eclipse Adoptium
21-Jan-2025 00:02:53.613 INFO [main] org.apache.catalina.startup.VersionLoggerListener.log CATALINA_BASE:         /usr/local/tomcat
21-Jan-2025 00:02:53.613 INFO [main] org.apache.catalina.startup.VersionLoggerListener.log CATALINA_HOME:         /usr/local/tomcat
21-Jan-2025 00:02:53.648 INFO [main] org.apache.catalina.startup.VersionLoggerListener.log Command line argument: --add-opens=java.base/java.lang=ALL-UNNAMED
21-Jan-2025 00:02:53.648 INFO [main] org.apache.catalina.startup.VersionLoggerListener.log Command line argument: --add-opens=java.base/java.io=ALL-UNNAMED
21-Jan-2025 00:02:53.648 INFO [main] org.apache.catalina.startup.VersionLoggerListener.log Command line argument: --add-opens=java.base/java.util=ALL-UNNAMED
21-Jan-2025 00:02:53.649 INFO [main] org.apache.catalina.startup.VersionLoggerListener.log Command line argument: --add-opens=java.base/java.util.concurrent=ALL-UNNAMED
21-Jan-2025 00:02:53.649 INFO [main] org.apache.catalina.startup.VersionLoggerListener.log Command line argument: --add-opens=java.rmi/sun.rmi.transport=ALL-UNNAMED
21-Jan-2025 00:02:53.649 INFO [main] org.apache.catalina.startup.VersionLoggerListener.log Command line argument: -Djava.util.logging.config.file=/usr/local/tomcat/conf/logging.properties
21-Jan-2025 00:02:53.649 INFO [main] org.apache.catalina.startup.VersionLoggerListener.log Command line argument: -Djava.util.logging.manager=org.apache.juli.ClassLoaderLogManager
21-Jan-2025 00:02:53.650 INFO [main] org.apache.catalina.startup.VersionLoggerListener.log Command line argument: -Dtds.content.root.path=/usr/local/tomcat/content/
21-Jan-2025 00:02:53.650 INFO [main] org.apache.catalina.startup.VersionLoggerListener.log Command line argument: -Djava.util.prefs.systemRoot=/usr/local/tomcat/javaUtilPrefs
21-Jan-2025 00:02:53.650 INFO [main] org.apache.catalina.startup.VersionLoggerListener.log Command line argument: -Djava.util.prefs.userRoot=/usr/local/tomcat/javaUtilPrefs
21-Jan-2025 00:02:53.650 INFO [main] org.apache.catalina.startup.VersionLoggerListener.log Command line argument: -Xms4G
21-Jan-2025 00:02:53.650 INFO [main] org.apache.catalina.startup.VersionLoggerListener.log Command line argument: -Xmx4G
21-Jan-2025 00:02:53.650 INFO [main] org.apache.catalina.startup.VersionLoggerListener.log Command line argument: -XX:+HeapDumpOnOutOfMemoryError
21-Jan-2025 00:02:53.650 INFO [main] org.apache.catalina.startup.VersionLoggerListener.log Command line argument: -Djava.awt.headless=true
21-Jan-2025 00:02:53.651 INFO [main] org.apache.catalina.startup.VersionLoggerListener.log Command line argument: -Djna.tmpdir=/tmp/
21-Jan-2025 00:02:53.651 INFO [main] org.apache.catalina.startup.VersionLoggerListener.log Command line argument: -Djdk.tls.ephemeralDHKeySize=2048
21-Jan-2025 00:02:53.651 INFO [main] org.apache.catalina.startup.VersionLoggerListener.log Command line argument: -Djava.protocol.handler.pkgs=org.apache.catalina.webresources
21-Jan-2025 00:02:53.651 INFO [main] org.apache.catalina.startup.VersionLoggerListener.log Command line argument: -Dorg.apache.catalina.security.SecurityListener.UMASK=0027
21-Jan-2025 00:02:53.651 INFO [main] org.apache.catalina.startup.VersionLoggerListener.log Command line argument: -Dignore.endorsed.dirs=
21-Jan-2025 00:02:53.651 INFO [main] org.apache.catalina.startup.VersionLoggerListener.log Command line argument: -Dcatalina.base=/usr/local/tomcat
21-Jan-2025 00:02:53.651 INFO [main] org.apache.catalina.startup.VersionLoggerListener.log Command line argument: -Dcatalina.home=/usr/local/tomcat
21-Jan-2025 00:02:53.651 INFO [main] org.apache.catalina.startup.VersionLoggerListener.log Command line argument: -Djava.io.tmpdir=/usr/local/tomcat/temp
21-Jan-2025 00:02:53.665 INFO [main] org.apache.catalina.core.AprLifecycleListener.lifecycleEvent Loaded Apache Tomcat Native library [1.3.0] using APR version [1.7.0].
21-Jan-2025 00:02:53.666 INFO [main] org.apache.catalina.core.AprLifecycleListener.lifecycleEvent APR capabilities: IPv6 [true], sendfile [true], accept filters [false], random [true], UDS [true].
21-Jan-2025 00:02:53.666 INFO [main] org.apache.catalina.core.AprLifecycleListener.lifecycleEvent APR/OpenSSL configuration: useAprConnector [false], useOpenSSL [true]
21-Jan-2025 00:02:53.678 INFO [main] org.apache.catalina.core.AprLifecycleListener.initializeSSL OpenSSL successfully initialized [OpenSSL 3.0.2 15 Mar 2022]
21-Jan-2025 00:02:54.486 INFO [main] org.apache.coyote.AbstractProtocol.init Initializing ProtocolHandler ["http-nio-8080"]
21-Jan-2025 00:02:54.605 INFO [main] org.apache.catalina.startup.Catalina.load Server initialization in [1533] milliseconds
21-Jan-2025 00:02:54.861 INFO [main] org.apache.catalina.core.StandardService.startInternal Starting service [Catalina]
21-Jan-2025 00:02:54.863 INFO [main] org.apache.catalina.core.StandardEngine.startInternal Starting Servlet engine: [Apache Tomcat]
21-Jan-2025 00:02:54.888 INFO [main] org.apache.catalina.startup.HostConfig.deployDirectory Deploying web application directory [/usr/local/tomcat/webapps/thredds]
21-Jan-2025 00:03:03.642 INFO [main] org.apache.jasper.servlet.TldScanner.scanJars At least one JAR was scanned for TLDs yet contained no TLDs. Enable debug logging for this logger for a complete list of JARs that were scanned but no TLDs were found in them. Skipping unneeded JARs during scanning can improve startup time and JSP compilation time.
21-Jan-2025 00:03:16.196 WARNING [main] net.openhft.chronicle.core.internal.cleaner.ReflectionBasedByteBufferCleanerService.<clinit> Make sure you have set the command line option "--illegal-access=permit --add-exports java.base/jdk.internal.ref=ALL-UNNAMED" to enable ReflectionBasedByteBufferCleanerService
21-Jan-2025 00:03:18.765 INFO [main] org.apache.catalina.startup.HostConfig.deployDirectory Deployment of web application directory [/usr/local/tomcat/webapps/thredds] has finished in [23,876] ms
21-Jan-2025 00:03:18.772 INFO [main] org.apache.coyote.AbstractProtocol.start Starting ProtocolHandler ["http-nio-8080"]
21-Jan-2025 00:03:18.798 INFO [main] org.apache.catalina.startup.Catalina.start Server startup in [24192] milliseconds
21-Jan-2025 20:33:00.133 INFO [main] org.apache.catalina.startup.VersionLoggerListener.log Server version name:   Apache Tomcat
21-Jan-2025 20:33:00.136 INFO [main] org.apache.catalina.startup.VersionLoggerListener.log Server built:          Jul 2 2024 12:35:51 UTC
21-Jan-2025 20:33:00.138 INFO [main] org.apache.catalina.startup.VersionLoggerListener.log Server version number: 9.0.91.0
21-Jan-2025 20:33:00.138 INFO [main] org.apache.catalina.startup.VersionLoggerListener.log OS Name:               Linux
21-Jan-2025 20:33:00.138 INFO [main] org.apache.catalina.startup.VersionLoggerListener.log OS Version:            6.8.0-1014-aws
21-Jan-2025 20:33:00.138 INFO [main] org.apache.catalina.startup.VersionLoggerListener.log Architecture:          amd64
21-Jan-2025 20:33:00.138 INFO [main] org.apache.catalina.startup.VersionLoggerListener.log Java Home:             /opt/java/openjdk
21-Jan-2025 20:33:00.138 INFO [main] org.apache.catalina.startup.VersionLoggerListener.log JVM Version:           11.0.24+8
21-Jan-2025 20:33:00.138 INFO [main] org.apache.catalina.startup.VersionLoggerListener.log JVM Vendor:            Eclipse Adoptium
21-Jan-2025 20:33:00.139 INFO [main] org.apache.catalina.startup.VersionLoggerListener.log CATALINA_BASE:         /usr/local/tomcat
21-Jan-2025 20:33:00.139 INFO [main] org.apache.catalina.startup.VersionLoggerListener.log CATALINA_HOME:         /usr/local/tomcat
21-Jan-2025 20:33:00.179 INFO [main] org.apache.catalina.startup.VersionLoggerListener.log Command line argument: --add-opens=java.base/java.lang=ALL-UNNAMED
21-Jan-2025 20:33:00.179 INFO [main] org.apache.catalina.startup.VersionLoggerListener.log Command line argument: --add-opens=java.base/java.io=ALL-UNNAMED
21-Jan-2025 20:33:00.179 INFO [main] org.apache.catalina.startup.VersionLoggerListener.log Command line argument: --add-opens=java.base/java.util=ALL-UNNAMED
21-Jan-2025 20:33:00.179 INFO [main] org.apache.catalina.startup.VersionLoggerListener.log Command line argument: --add-opens=java.base/java.util.concurrent=ALL-UNNAMED
21-Jan-2025 20:33:00.180 INFO [main] org.apache.catalina.startup.VersionLoggerListener.log Command line argument: --add-opens=java.rmi/sun.rmi.transport=ALL-UNNAMED
21-Jan-2025 20:33:00.180 INFO [main] org.apache.catalina.startup.VersionLoggerListener.log Command line argument: -Djava.util.logging.config.file=/usr/local/tomcat/conf/logging.properties
21-Jan-2025 20:33:00.180 INFO [main] org.apache.catalina.startup.VersionLoggerListener.log Command line argument: -Djava.util.logging.manager=org.apache.juli.ClassLoaderLogManager
21-Jan-2025 20:33:00.180 INFO [main] org.apache.catalina.startup.VersionLoggerListener.log Command line argument: -Dtds.content.root.path=/usr/local/tomcat/content/
21-Jan-2025 20:33:00.180 INFO [main] org.apache.catalina.startup.VersionLoggerListener.log Command line argument: -Djava.util.prefs.systemRoot=/usr/local/tomcat/javaUtilPrefs
21-Jan-2025 20:33:00.181 INFO [main] org.apache.catalina.startup.VersionLoggerListener.log Command line argument: -Djava.util.prefs.userRoot=/usr/local/tomcat/javaUtilPrefs
21-Jan-2025 20:33:00.181 INFO [main] org.apache.catalina.startup.VersionLoggerListener.log Command line argument: -Xms4G
21-Jan-2025 20:33:00.181 INFO [main] org.apache.catalina.startup.VersionLoggerListener.log Command line argument: -Xmx4G
21-Jan-2025 20:33:00.181 INFO [main] org.apache.catalina.startup.VersionLoggerListener.log Command line argument: -XX:+HeapDumpOnOutOfMemoryError
21-Jan-2025 20:33:00.181 INFO [main] org.apache.catalina.startup.VersionLoggerListener.log Command line argument: -Djava.awt.headless=true
21-Jan-2025 20:33:00.181 INFO [main] org.apache.catalina.startup.VersionLoggerListener.log Command line argument: -Djna.tmpdir=/tmp/
21-Jan-2025 20:33:00.182 INFO [main] org.apache.catalina.startup.VersionLoggerListener.log Command line argument: -Djdk.tls.ephemeralDHKeySize=2048
21-Jan-2025 20:33:00.182 INFO [main] org.apache.catalina.startup.VersionLoggerListener.log Command line argument: -Djava.protocol.handler.pkgs=org.apache.catalina.webresources
21-Jan-2025 20:33:00.182 INFO [main] org.apache.catalina.startup.VersionLoggerListener.log Command line argument: -Dorg.apache.catalina.security.SecurityListener.UMASK=0027
21-Jan-2025 20:33:00.182 INFO [main] org.apache.catalina.startup.VersionLoggerListener.log Command line argument: -Dignore.endorsed.dirs=
21-Jan-2025 20:33:00.182 INFO [main] org.apache.catalina.startup.VersionLoggerListener.log Command line argument: -Dcatalina.base=/usr/local/tomcat
21-Jan-2025 20:33:00.182 INFO [main] org.apache.catalina.startup.VersionLoggerListener.log Command line argument: -Dcatalina.home=/usr/local/tomcat
21-Jan-2025 20:33:00.182 INFO [main] org.apache.catalina.startup.VersionLoggerListener.log Command line argument: -Djava.io.tmpdir=/usr/local/tomcat/temp
21-Jan-2025 20:33:00.212 INFO [main] org.apache.catalina.core.AprLifecycleListener.lifecycleEvent Loaded Apache Tomcat Native library [1.3.0] using APR version [1.7.0].
21-Jan-2025 20:33:00.213 INFO [main] org.apache.catalina.core.AprLifecycleListener.lifecycleEvent APR capabilities: IPv6 [true], sendfile [true], accept filters [false], random [true], UDS [true].
21-Jan-2025 20:33:00.213 INFO [main] org.apache.catalina.core.AprLifecycleListener.lifecycleEvent APR/OpenSSL configuration: useAprConnector [false], useOpenSSL [true]
21-Jan-2025 20:33:00.240 INFO [main] org.apache.catalina.core.AprLifecycleListener.initializeSSL OpenSSL successfully initialized [OpenSSL 3.0.2 15 Mar 2022]
21-Jan-2025 20:33:00.856 INFO [main] org.apache.coyote.AbstractProtocol.init Initializing ProtocolHandler ["http-nio-8080"]
21-Jan-2025 20:33:00.936 INFO [main] org.apache.catalina.startup.Catalina.load Server initialization in [1292] milliseconds
21-Jan-2025 20:33:01.065 INFO [main] org.apache.catalina.core.StandardService.startInternal Starting service [Catalina]
21-Jan-2025 20:33:01.066 INFO [main] org.apache.catalina.core.StandardEngine.startInternal Starting Servlet engine: [Apache Tomcat]
21-Jan-2025 20:33:01.076 INFO [main] org.apache.catalina.startup.HostConfig.deployDirectory Deploying web application directory [/usr/local/tomcat/webapps/thredds]
21-Jan-2025 20:33:11.312 INFO [main] org.apache.jasper.servlet.TldScanner.scanJars At least one JAR was scanned for TLDs yet contained no TLDs. Enable debug logging for this logger for a complete list of JARs that were scanned but no TLDs were found in them. Skipping unneeded JARs during scanning can improve startup time and JSP compilation time.
21-Jan-2025 20:33:27.888 WARNING [main] net.openhft.chronicle.core.internal.cleaner.ReflectionBasedByteBufferCleanerService.<clinit> Make sure you have set the command line option "--illegal-access=permit --add-exports java.base/jdk.internal.ref=ALL-UNNAMED" to enable ReflectionBasedByteBufferCleanerService
21-Jan-2025 20:33:31.078 INFO [main] org.apache.catalina.startup.HostConfig.deployDirectory Deployment of web application directory [/usr/local/tomcat/webapps/thredds] has finished in [30,001] ms
21-Jan-2025 20:33:31.093 INFO [main] org.apache.coyote.AbstractProtocol.start Starting ProtocolHandler ["http-nio-8080"]
21-Jan-2025 20:33:31.169 INFO [main] org.apache.catalina.startup.Catalina.start Server startup in [30232] milliseconds
