27-Jan-2025 03:41:01.055 INFO [main] org.apache.catalina.startup.VersionLoggerListener.log Server version name:   Apache Tomcat
27-Jan-2025 03:41:01.062 INFO [main] org.apache.catalina.startup.VersionLoggerListener.log Server built:          Jul 2 2024 12:35:51 UTC
27-Jan-2025 03:41:01.064 INFO [main] org.apache.catalina.startup.VersionLoggerListener.log Server version number: 9.0.91.0
27-Jan-2025 03:41:01.065 INFO [main] org.apache.catalina.startup.VersionLoggerListener.log OS Name:               Linux
27-Jan-2025 03:41:01.065 INFO [main] org.apache.catalina.startup.VersionLoggerListener.log OS Version:            6.8.0-1021-aws
27-Jan-2025 03:41:01.065 INFO [main] org.apache.catalina.startup.VersionLoggerListener.log Architecture:          amd64
27-Jan-2025 03:41:01.066 INFO [main] org.apache.catalina.startup.VersionLoggerListener.log Java Home:             /opt/java/openjdk
27-Jan-2025 03:41:01.067 INFO [main] org.apache.catalina.startup.VersionLoggerListener.log JVM Version:           11.0.24+8
27-Jan-2025 03:41:01.067 INFO [main] org.apache.catalina.startup.VersionLoggerListener.log JVM Vendor:            Eclipse Adoptium
27-Jan-2025 03:41:01.067 INFO [main] org.apache.catalina.startup.VersionLoggerListener.log CATALINA_BASE:         /usr/local/tomcat
27-Jan-2025 03:41:01.067 INFO [main] org.apache.catalina.startup.VersionLoggerListener.log CATALINA_HOME:         /usr/local/tomcat
27-Jan-2025 03:41:01.118 INFO [main] org.apache.catalina.startup.VersionLoggerListener.log Command line argument: --add-opens=java.base/java.lang=ALL-UNNAMED
27-Jan-2025 03:41:01.119 INFO [main] org.apache.catalina.startup.VersionLoggerListener.log Command line argument: --add-opens=java.base/java.io=ALL-UNNAMED
27-Jan-2025 03:41:01.120 INFO [main] org.apache.catalina.startup.VersionLoggerListener.log Command line argument: --add-opens=java.base/java.util=ALL-UNNAMED
27-Jan-2025 03:41:01.120 INFO [main] org.apache.catalina.startup.VersionLoggerListener.log Command line argument: --add-opens=java.base/java.util.concurrent=ALL-UNNAMED
27-Jan-2025 03:41:01.120 INFO [main] org.apache.catalina.startup.VersionLoggerListener.log Command line argument: --add-opens=java.rmi/sun.rmi.transport=ALL-UNNAMED
27-Jan-2025 03:41:01.120 INFO [main] org.apache.catalina.startup.VersionLoggerListener.log Command line argument: -Djava.util.logging.config.file=/usr/local/tomcat/conf/logging.properties
27-Jan-2025 03:41:01.120 INFO [main] org.apache.catalina.startup.VersionLoggerListener.log Command line argument: -Djava.util.logging.manager=org.apache.juli.ClassLoaderLogManager
27-Jan-2025 03:41:01.120 INFO [main] org.apache.catalina.startup.VersionLoggerListener.log Command line argument: -Dtds.content.root.path=/usr/local/tomcat/content/
27-Jan-2025 03:41:01.120 INFO [main] org.apache.catalina.startup.VersionLoggerListener.log Command line argument: -Djava.util.prefs.systemRoot=/usr/local/tomcat/javaUtilPrefs
27-Jan-2025 03:41:01.121 INFO [main] org.apache.catalina.startup.VersionLoggerListener.log Command line argument: -Djava.util.prefs.userRoot=/usr/local/tomcat/javaUtilPrefs
27-Jan-2025 03:41:01.121 INFO [main] org.apache.catalina.startup.VersionLoggerListener.log Command line argument: -Xms4G
27-Jan-2025 03:41:01.121 INFO [main] org.apache.catalina.startup.VersionLoggerListener.log Command line argument: -Xmx4G
27-Jan-2025 03:41:01.122 INFO [main] org.apache.catalina.startup.VersionLoggerListener.log Command line argument: -XX:+HeapDumpOnOutOfMemoryError
27-Jan-2025 03:41:01.122 INFO [main] org.apache.catalina.startup.VersionLoggerListener.log Command line argument: -Djava.awt.headless=true
27-Jan-2025 03:41:01.123 INFO [main] org.apache.catalina.startup.VersionLoggerListener.log Command line argument: -Djna.tmpdir=/tmp/
27-Jan-2025 03:41:01.123 INFO [main] org.apache.catalina.startup.VersionLoggerListener.log Command line argument: -Djdk.tls.ephemeralDHKeySize=2048
27-Jan-2025 03:41:01.123 INFO [main] org.apache.catalina.startup.VersionLoggerListener.log Command line argument: -Djava.protocol.handler.pkgs=org.apache.catalina.webresources
27-Jan-2025 03:41:01.124 INFO [main] org.apache.catalina.startup.VersionLoggerListener.log Command line argument: -Dorg.apache.catalina.security.SecurityListener.UMASK=0027
27-Jan-2025 03:41:01.124 INFO [main] org.apache.catalina.startup.VersionLoggerListener.log Command line argument: -Dignore.endorsed.dirs=
27-Jan-2025 03:41:01.124 INFO [main] org.apache.catalina.startup.VersionLoggerListener.log Command line argument: -Dcatalina.base=/usr/local/tomcat
27-Jan-2025 03:41:01.124 INFO [main] org.apache.catalina.startup.VersionLoggerListener.log Command line argument: -Dcatalina.home=/usr/local/tomcat
27-Jan-2025 03:41:01.124 INFO [main] org.apache.catalina.startup.VersionLoggerListener.log Command line argument: -Djava.io.tmpdir=/usr/local/tomcat/temp
27-Jan-2025 03:41:01.134 INFO [main] org.apache.catalina.core.AprLifecycleListener.lifecycleEvent Loaded Apache Tomcat Native library [1.3.0] using APR version [1.7.0].
27-Jan-2025 03:41:01.137 INFO [main] org.apache.catalina.core.AprLifecycleListener.lifecycleEvent APR capabilities: IPv6 [true], sendfile [true], accept filters [false], random [true], UDS [true].
27-Jan-2025 03:41:01.137 INFO [main] org.apache.catalina.core.AprLifecycleListener.lifecycleEvent APR/OpenSSL configuration: useAprConnector [false], useOpenSSL [true]
27-Jan-2025 03:41:01.160 INFO [main] org.apache.catalina.core.AprLifecycleListener.initializeSSL OpenSSL successfully initialized [OpenSSL 3.0.2 15 Mar 2022]
27-Jan-2025 03:41:02.151 INFO [main] org.apache.coyote.AbstractProtocol.init Initializing ProtocolHandler ["http-nio-8080"]
27-Jan-2025 03:41:02.253 INFO [main] org.apache.catalina.startup.Catalina.load Server initialization in [1937] milliseconds
27-Jan-2025 03:41:02.405 INFO [main] org.apache.catalina.core.StandardService.startInternal Starting service [Catalina]
27-Jan-2025 03:41:02.405 INFO [main] org.apache.catalina.core.StandardEngine.startInternal Starting Servlet engine: [Apache Tomcat]
27-Jan-2025 03:41:02.424 INFO [main] org.apache.catalina.startup.HostConfig.deployDirectory Deploying web application directory [/usr/local/tomcat/webapps/thredds]
27-Jan-2025 03:41:08.618 INFO [main] org.apache.jasper.servlet.TldScanner.scanJars At least one JAR was scanned for TLDs yet contained no TLDs. Enable debug logging for this logger for a complete list of JARs that were scanned but no TLDs were found in them. Skipping unneeded JARs during scanning can improve startup time and JSP compilation time.
27-Jan-2025 03:41:21.213 WARNING [main] net.openhft.chronicle.core.internal.cleaner.ReflectionBasedByteBufferCleanerService.<clinit> Make sure you have set the command line option "--illegal-access=permit --add-exports java.base/jdk.internal.ref=ALL-UNNAMED" to enable ReflectionBasedByteBufferCleanerService
27-Jan-2025 03:41:23.103 INFO [main] org.apache.catalina.startup.HostConfig.deployDirectory Deployment of web application directory [/usr/local/tomcat/webapps/thredds] has finished in [20,678] ms
27-Jan-2025 03:41:23.111 INFO [main] org.apache.coyote.AbstractProtocol.start Starting ProtocolHandler ["http-nio-8080"]
27-Jan-2025 03:41:23.148 INFO [main] org.apache.catalina.startup.Catalina.start Server startup in [20894] milliseconds
27-Jan-2025 03:47:23.899 INFO [Catalina-utility-2] org.apache.catalina.startup.HostConfig.reload Reloading context [/thredds]
27-Jan-2025 03:47:23.902 INFO [Catalina-utility-2] org.apache.catalina.core.StandardContext.reload Reloading Context with name [/thredds] has started
27-Jan-2025 03:47:26.235 WARNING [Catalina-utility-2] org.apache.catalina.loader.WebappClassLoaderBase.clearReferencesThreads The web application [thredds] appears to have started a thread named [JNA Cleaner] but has failed to stop it. This is very likely to create a memory leak. Stack trace of thread:
 java.base@11.0.24/java.lang.Object.wait(Native Method)
 java.base@11.0.24/java.lang.ref.ReferenceQueue.remove(ReferenceQueue.java:155)
 java.base@11.0.24/java.lang.ref.ReferenceQueue.remove(ReferenceQueue.java:176)
 com.sun.jna.internal.Cleaner$1.run(Cleaner.java:58)
27-Jan-2025 03:47:26.236 WARNING [Catalina-utility-2] org.apache.catalina.loader.WebappClassLoaderBase.clearReferencesThreads The web application [thredds] appears to have started a thread named [background~resource~releaser] but has failed to stop it. This is very likely to create a memory leak. Stack trace of thread:
 java.base@11.0.24/jdk.internal.misc.Unsafe.park(Native Method)
 java.base@11.0.24/java.util.concurrent.locks.LockSupport.park(LockSupport.java:194)
 java.base@11.0.24/java.util.concurrent.locks.AbstractQueuedSynchronizer$ConditionObject.await(AbstractQueuedSynchronizer.java:2081)
 java.base@11.0.24/java.util.concurrent.ArrayBlockingQueue.take(ArrayBlockingQueue.java:417)
 net.openhft.chronicle.core.io.BackgroundResourceReleaser.runReleaseResources(BackgroundResourceReleaser.java:71)
 net.openhft.chronicle.core.io.BackgroundResourceReleaser$$Lambda$458/0x0000000840695440.run(Unknown Source)
 java.base@11.0.24/java.lang.Thread.run(Thread.java:829)
27-Jan-2025 03:47:26.238 SEVERE [Catalina-utility-2] org.apache.catalina.loader.WebappClassLoaderBase.checkThreadLocalMapForLeaks The web application [thredds] created a ThreadLocal with key of type [java.lang.ThreadLocal] (value [java.lang.ThreadLocal@6168fc4d]) and a value of type [net.openhft.chronicle.hash.impl.ContextHolder] (value [net.openhft.chronicle.hash.impl.ContextHolder@2d336f5a]) but failed to remove it when the web application was stopped. Threads are going to be renewed over time to try and avoid a probable memory leak.
27-Jan-2025 03:47:26.248 SEVERE [Catalina-utility-2] org.apache.catalina.loader.WebappClassLoaderBase.checkThreadLocalMapForLeaks The web application [thredds] created a ThreadLocal with key of type [com.sun.jna.Structure$2] (value [com.sun.jna.Structure$2@632e2f06]) and a value of type [com.sun.jna.Structure.StructureSet] (value [[]]) but failed to remove it when the web application was stopped. Threads are going to be renewed over time to try and avoid a probable memory leak.
27-Jan-2025 03:47:26.249 SEVERE [Catalina-utility-2] org.apache.catalina.loader.WebappClassLoaderBase.checkThreadLocalMapForLeaks The web application [thredds] created a ThreadLocal with key of type [java.lang.ThreadLocal.SuppliedThreadLocal] (value [java.lang.ThreadLocal$SuppliedThreadLocal@1a24d75a]) and a value of type [net.openhft.chronicle.core.pool.ClassAliasPool.CAPKey] (value [maxBloatFactor]) but failed to remove it when the web application was stopped. Threads are going to be renewed over time to try and avoid a probable memory leak.
27-Jan-2025 03:48:07.697 INFO [main] org.apache.catalina.startup.VersionLoggerListener.log Server version name:   Apache Tomcat
27-Jan-2025 03:48:07.705 INFO [main] org.apache.catalina.startup.VersionLoggerListener.log Server built:          Jul 2 2024 12:35:51 UTC
27-Jan-2025 03:48:07.705 INFO [main] org.apache.catalina.startup.VersionLoggerListener.log Server version number: 9.0.91.0
27-Jan-2025 03:48:07.705 INFO [main] org.apache.catalina.startup.VersionLoggerListener.log OS Name:               Linux
27-Jan-2025 03:48:07.706 INFO [main] org.apache.catalina.startup.VersionLoggerListener.log OS Version:            6.8.0-1021-aws
27-Jan-2025 03:48:07.706 INFO [main] org.apache.catalina.startup.VersionLoggerListener.log Architecture:          amd64
27-Jan-2025 03:48:07.707 INFO [main] org.apache.catalina.startup.VersionLoggerListener.log Java Home:             /opt/java/openjdk
27-Jan-2025 03:48:07.707 INFO [main] org.apache.catalina.startup.VersionLoggerListener.log JVM Version:           11.0.24+8
27-Jan-2025 03:48:07.707 INFO [main] org.apache.catalina.startup.VersionLoggerListener.log JVM Vendor:            Eclipse Adoptium
27-Jan-2025 03:48:07.708 INFO [main] org.apache.catalina.startup.VersionLoggerListener.log CATALINA_BASE:         /usr/local/tomcat
27-Jan-2025 03:48:07.708 INFO [main] org.apache.catalina.startup.VersionLoggerListener.log CATALINA_HOME:         /usr/local/tomcat
27-Jan-2025 03:48:07.724 INFO [main] org.apache.catalina.startup.VersionLoggerListener.log Command line argument: --add-opens=java.base/java.lang=ALL-UNNAMED
27-Jan-2025 03:48:07.724 INFO [main] org.apache.catalina.startup.VersionLoggerListener.log Command line argument: --add-opens=java.base/java.io=ALL-UNNAMED
27-Jan-2025 03:48:07.724 INFO [main] org.apache.catalina.startup.VersionLoggerListener.log Command line argument: --add-opens=java.base/java.util=ALL-UNNAMED
27-Jan-2025 03:48:07.724 INFO [main] org.apache.catalina.startup.VersionLoggerListener.log Command line argument: --add-opens=java.base/java.util.concurrent=ALL-UNNAMED
27-Jan-2025 03:48:07.724 INFO [main] org.apache.catalina.startup.VersionLoggerListener.log Command line argument: --add-opens=java.rmi/sun.rmi.transport=ALL-UNNAMED
27-Jan-2025 03:48:07.726 INFO [main] org.apache.catalina.startup.VersionLoggerListener.log Command line argument: -Djava.util.logging.config.file=/usr/local/tomcat/conf/logging.properties
27-Jan-2025 03:48:07.726 INFO [main] org.apache.catalina.startup.VersionLoggerListener.log Command line argument: -Djava.util.logging.manager=org.apache.juli.ClassLoaderLogManager
27-Jan-2025 03:48:07.726 INFO [main] org.apache.catalina.startup.VersionLoggerListener.log Command line argument: -Dtds.content.root.path=/usr/local/tomcat/content/
27-Jan-2025 03:48:07.727 INFO [main] org.apache.catalina.startup.VersionLoggerListener.log Command line argument: -Djava.util.prefs.systemRoot=/usr/local/tomcat/javaUtilPrefs
27-Jan-2025 03:48:07.727 INFO [main] org.apache.catalina.startup.VersionLoggerListener.log Command line argument: -Djava.util.prefs.userRoot=/usr/local/tomcat/javaUtilPrefs
27-Jan-2025 03:48:07.727 INFO [main] org.apache.catalina.startup.VersionLoggerListener.log Command line argument: -Xms4G
27-Jan-2025 03:48:07.727 INFO [main] org.apache.catalina.startup.VersionLoggerListener.log Command line argument: -Xmx4G
27-Jan-2025 03:48:07.727 INFO [main] org.apache.catalina.startup.VersionLoggerListener.log Command line argument: -XX:+HeapDumpOnOutOfMemoryError
27-Jan-2025 03:48:07.728 INFO [main] org.apache.catalina.startup.VersionLoggerListener.log Command line argument: -Djava.awt.headless=true
27-Jan-2025 03:48:07.728 INFO [main] org.apache.catalina.startup.VersionLoggerListener.log Command line argument: -Djna.tmpdir=/tmp/
27-Jan-2025 03:48:07.728 INFO [main] org.apache.catalina.startup.VersionLoggerListener.log Command line argument: -Djdk.tls.ephemeralDHKeySize=2048
27-Jan-2025 03:48:07.728 INFO [main] org.apache.catalina.startup.VersionLoggerListener.log Command line argument: -Djava.protocol.handler.pkgs=org.apache.catalina.webresources
27-Jan-2025 03:48:07.729 INFO [main] org.apache.catalina.startup.VersionLoggerListener.log Command line argument: -Dorg.apache.catalina.security.SecurityListener.UMASK=0027
27-Jan-2025 03:48:07.729 INFO [main] org.apache.catalina.startup.VersionLoggerListener.log Command line argument: -Dignore.endorsed.dirs=
27-Jan-2025 03:48:07.729 INFO [main] org.apache.catalina.startup.VersionLoggerListener.log Command line argument: -Dcatalina.base=/usr/local/tomcat
27-Jan-2025 03:48:07.730 INFO [main] org.apache.catalina.startup.VersionLoggerListener.log Command line argument: -Dcatalina.home=/usr/local/tomcat
27-Jan-2025 03:48:07.730 INFO [main] org.apache.catalina.startup.VersionLoggerListener.log Command line argument: -Djava.io.tmpdir=/usr/local/tomcat/temp
27-Jan-2025 03:48:07.735 INFO [main] org.apache.catalina.core.AprLifecycleListener.lifecycleEvent Loaded Apache Tomcat Native library [1.3.0] using APR version [1.7.0].
27-Jan-2025 03:48:07.736 INFO [main] org.apache.catalina.core.AprLifecycleListener.lifecycleEvent APR capabilities: IPv6 [true], sendfile [true], accept filters [false], random [true], UDS [true].
27-Jan-2025 03:48:07.736 INFO [main] org.apache.catalina.core.AprLifecycleListener.lifecycleEvent APR/OpenSSL configuration: useAprConnector [false], useOpenSSL [true]
27-Jan-2025 03:48:07.742 INFO [main] org.apache.catalina.core.AprLifecycleListener.initializeSSL OpenSSL successfully initialized [OpenSSL 3.0.2 15 Mar 2022]
27-Jan-2025 03:48:08.258 INFO [main] org.apache.coyote.AbstractProtocol.init Initializing ProtocolHandler ["http-nio-8080"]
27-Jan-2025 03:48:08.310 INFO [main] org.apache.catalina.startup.Catalina.load Server initialization in [963] milliseconds
27-Jan-2025 03:48:08.467 INFO [main] org.apache.catalina.core.StandardService.startInternal Starting service [Catalina]
27-Jan-2025 03:48:08.469 INFO [main] org.apache.catalina.core.StandardEngine.startInternal Starting Servlet engine: [Apache Tomcat]
27-Jan-2025 03:48:08.483 INFO [main] org.apache.catalina.startup.HostConfig.deployDirectory Deploying web application directory [/usr/local/tomcat/webapps/thredds]
27-Jan-2025 03:48:14.672 INFO [main] org.apache.jasper.servlet.TldScanner.scanJars At least one JAR was scanned for TLDs yet contained no TLDs. Enable debug logging for this logger for a complete list of JARs that were scanned but no TLDs were found in them. Skipping unneeded JARs during scanning can improve startup time and JSP compilation time.
27-Jan-2025 03:48:27.940 WARNING [main] net.openhft.chronicle.core.internal.cleaner.ReflectionBasedByteBufferCleanerService.<clinit> Make sure you have set the command line option "--illegal-access=permit --add-exports java.base/jdk.internal.ref=ALL-UNNAMED" to enable ReflectionBasedByteBufferCleanerService
27-Jan-2025 03:48:29.588 INFO [main] org.apache.catalina.startup.HostConfig.deployDirectory Deployment of web application directory [/usr/local/tomcat/webapps/thredds] has finished in [21,104] ms
27-Jan-2025 03:48:29.593 INFO [main] org.apache.coyote.AbstractProtocol.start Starting ProtocolHandler ["http-nio-8080"]
27-Jan-2025 03:48:29.606 INFO [main] org.apache.catalina.startup.Catalina.start Server startup in [21295] milliseconds
27-Jan-2025 21:35:15.471 INFO [main] org.apache.catalina.startup.VersionLoggerListener.log Server version name:   Apache Tomcat
27-Jan-2025 21:35:15.475 INFO [main] org.apache.catalina.startup.VersionLoggerListener.log Server built:          Jul 2 2024 12:35:51 UTC
27-Jan-2025 21:35:15.476 INFO [main] org.apache.catalina.startup.VersionLoggerListener.log Server version number: 9.0.91.0
27-Jan-2025 21:35:15.476 INFO [main] org.apache.catalina.startup.VersionLoggerListener.log OS Name:               Linux
27-Jan-2025 21:35:15.476 INFO [main] org.apache.catalina.startup.VersionLoggerListener.log OS Version:            6.8.0-1021-aws
27-Jan-2025 21:35:15.476 INFO [main] org.apache.catalina.startup.VersionLoggerListener.log Architecture:          amd64
27-Jan-2025 21:35:15.477 INFO [main] org.apache.catalina.startup.VersionLoggerListener.log Java Home:             /opt/java/openjdk
27-Jan-2025 21:35:15.477 INFO [main] org.apache.catalina.startup.VersionLoggerListener.log JVM Version:           11.0.24+8
27-Jan-2025 21:35:15.477 INFO [main] org.apache.catalina.startup.VersionLoggerListener.log JVM Vendor:            Eclipse Adoptium
27-Jan-2025 21:35:15.477 INFO [main] org.apache.catalina.startup.VersionLoggerListener.log CATALINA_BASE:         /usr/local/tomcat
27-Jan-2025 21:35:15.477 INFO [main] org.apache.catalina.startup.VersionLoggerListener.log CATALINA_HOME:         /usr/local/tomcat
27-Jan-2025 21:35:15.507 INFO [main] org.apache.catalina.startup.VersionLoggerListener.log Command line argument: --add-opens=java.base/java.lang=ALL-UNNAMED
27-Jan-2025 21:35:15.508 INFO [main] org.apache.catalina.startup.VersionLoggerListener.log Command line argument: --add-opens=java.base/java.io=ALL-UNNAMED
27-Jan-2025 21:35:15.508 INFO [main] org.apache.catalina.startup.VersionLoggerListener.log Command line argument: --add-opens=java.base/java.util=ALL-UNNAMED
27-Jan-2025 21:35:15.508 INFO [main] org.apache.catalina.startup.VersionLoggerListener.log Command line argument: --add-opens=java.base/java.util.concurrent=ALL-UNNAMED
27-Jan-2025 21:35:15.508 INFO [main] org.apache.catalina.startup.VersionLoggerListener.log Command line argument: --add-opens=java.rmi/sun.rmi.transport=ALL-UNNAMED
27-Jan-2025 21:35:15.508 INFO [main] org.apache.catalina.startup.VersionLoggerListener.log Command line argument: -Djava.util.logging.config.file=/usr/local/tomcat/conf/logging.properties
27-Jan-2025 21:35:15.508 INFO [main] org.apache.catalina.startup.VersionLoggerListener.log Command line argument: -Djava.util.logging.manager=org.apache.juli.ClassLoaderLogManager
27-Jan-2025 21:35:15.509 INFO [main] org.apache.catalina.startup.VersionLoggerListener.log Command line argument: -Dtds.content.root.path=/usr/local/tomcat/content/
27-Jan-2025 21:35:15.509 INFO [main] org.apache.catalina.startup.VersionLoggerListener.log Command line argument: -Djava.util.prefs.systemRoot=/usr/local/tomcat/javaUtilPrefs
27-Jan-2025 21:35:15.509 INFO [main] org.apache.catalina.startup.VersionLoggerListener.log Command line argument: -Djava.util.prefs.userRoot=/usr/local/tomcat/javaUtilPrefs
27-Jan-2025 21:35:15.509 INFO [main] org.apache.catalina.startup.VersionLoggerListener.log Command line argument: -Xms4G
27-Jan-2025 21:35:15.509 INFO [main] org.apache.catalina.startup.VersionLoggerListener.log Command line argument: -Xmx4G
27-Jan-2025 21:35:15.509 INFO [main] org.apache.catalina.startup.VersionLoggerListener.log Command line argument: -XX:+HeapDumpOnOutOfMemoryError
27-Jan-2025 21:35:15.510 INFO [main] org.apache.catalina.startup.VersionLoggerListener.log Command line argument: -Djava.awt.headless=true
27-Jan-2025 21:35:15.510 INFO [main] org.apache.catalina.startup.VersionLoggerListener.log Command line argument: -Djna.tmpdir=/tmp/
27-Jan-2025 21:35:15.510 INFO [main] org.apache.catalina.startup.VersionLoggerListener.log Command line argument: -Djdk.tls.ephemeralDHKeySize=2048
27-Jan-2025 21:35:15.510 INFO [main] org.apache.catalina.startup.VersionLoggerListener.log Command line argument: -Djava.protocol.handler.pkgs=org.apache.catalina.webresources
27-Jan-2025 21:35:15.510 INFO [main] org.apache.catalina.startup.VersionLoggerListener.log Command line argument: -Dorg.apache.catalina.security.SecurityListener.UMASK=0027
27-Jan-2025 21:35:15.510 INFO [main] org.apache.catalina.startup.VersionLoggerListener.log Command line argument: -Dignore.endorsed.dirs=
27-Jan-2025 21:35:15.511 INFO [main] org.apache.catalina.startup.VersionLoggerListener.log Command line argument: -Dcatalina.base=/usr/local/tomcat
27-Jan-2025 21:35:15.511 INFO [main] org.apache.catalina.startup.VersionLoggerListener.log Command line argument: -Dcatalina.home=/usr/local/tomcat
27-Jan-2025 21:35:15.511 INFO [main] org.apache.catalina.startup.VersionLoggerListener.log Command line argument: -Djava.io.tmpdir=/usr/local/tomcat/temp
27-Jan-2025 21:35:15.519 INFO [main] org.apache.catalina.core.AprLifecycleListener.lifecycleEvent Loaded Apache Tomcat Native library [1.3.0] using APR version [1.7.0].
27-Jan-2025 21:35:15.520 INFO [main] org.apache.catalina.core.AprLifecycleListener.lifecycleEvent APR capabilities: IPv6 [true], sendfile [true], accept filters [false], random [true], UDS [true].
27-Jan-2025 21:35:15.520 INFO [main] org.apache.catalina.core.AprLifecycleListener.lifecycleEvent APR/OpenSSL configuration: useAprConnector [false], useOpenSSL [true]
27-Jan-2025 21:35:15.524 INFO [main] org.apache.catalina.core.AprLifecycleListener.initializeSSL OpenSSL successfully initialized [OpenSSL 3.0.2 15 Mar 2022]
27-Jan-2025 21:35:16.042 INFO [main] org.apache.coyote.AbstractProtocol.init Initializing ProtocolHandler ["http-nio-8080"]
27-Jan-2025 21:35:16.102 INFO [main] org.apache.catalina.startup.Catalina.load Server initialization in [1125] milliseconds
27-Jan-2025 21:35:16.212 INFO [main] org.apache.catalina.core.StandardService.startInternal Starting service [Catalina]
27-Jan-2025 21:35:16.212 INFO [main] org.apache.catalina.core.StandardEngine.startInternal Starting Servlet engine: [Apache Tomcat]
27-Jan-2025 21:35:16.223 INFO [main] org.apache.catalina.startup.HostConfig.deployDirectory Deploying web application directory [/usr/local/tomcat/webapps/thredds]
27-Jan-2025 21:35:24.453 INFO [main] org.apache.jasper.servlet.TldScanner.scanJars At least one JAR was scanned for TLDs yet contained no TLDs. Enable debug logging for this logger for a complete list of JARs that were scanned but no TLDs were found in them. Skipping unneeded JARs during scanning can improve startup time and JSP compilation time.
27-Jan-2025 21:35:38.223 WARNING [main] net.openhft.chronicle.core.internal.cleaner.ReflectionBasedByteBufferCleanerService.<clinit> Make sure you have set the command line option "--illegal-access=permit --add-exports java.base/jdk.internal.ref=ALL-UNNAMED" to enable ReflectionBasedByteBufferCleanerService
27-Jan-2025 21:35:40.648 INFO [main] org.apache.catalina.startup.HostConfig.deployDirectory Deployment of web application directory [/usr/local/tomcat/webapps/thredds] has finished in [24,424] ms
27-Jan-2025 21:35:40.661 INFO [main] org.apache.coyote.AbstractProtocol.start Starting ProtocolHandler ["http-nio-8080"]
27-Jan-2025 21:35:40.711 INFO [main] org.apache.catalina.startup.Catalina.start Server startup in [24608] milliseconds
27-Jan-2025 21:39:33.041 INFO [main] org.apache.catalina.startup.VersionLoggerListener.log Server version name:   Apache Tomcat
27-Jan-2025 21:39:33.048 INFO [main] org.apache.catalina.startup.VersionLoggerListener.log Server built:          Jul 2 2024 12:35:51 UTC
27-Jan-2025 21:39:33.049 INFO [main] org.apache.catalina.startup.VersionLoggerListener.log Server version number: 9.0.91.0
27-Jan-2025 21:39:33.049 INFO [main] org.apache.catalina.startup.VersionLoggerListener.log OS Name:               Linux
27-Jan-2025 21:39:33.049 INFO [main] org.apache.catalina.startup.VersionLoggerListener.log OS Version:            6.8.0-1021-aws
27-Jan-2025 21:39:33.049 INFO [main] org.apache.catalina.startup.VersionLoggerListener.log Architecture:          amd64
27-Jan-2025 21:39:33.049 INFO [main] org.apache.catalina.startup.VersionLoggerListener.log Java Home:             /opt/java/openjdk
27-Jan-2025 21:39:33.050 INFO [main] org.apache.catalina.startup.VersionLoggerListener.log JVM Version:           11.0.24+8
27-Jan-2025 21:39:33.050 INFO [main] org.apache.catalina.startup.VersionLoggerListener.log JVM Vendor:            Eclipse Adoptium
27-Jan-2025 21:39:33.050 INFO [main] org.apache.catalina.startup.VersionLoggerListener.log CATALINA_BASE:         /usr/local/tomcat
27-Jan-2025 21:39:33.050 INFO [main] org.apache.catalina.startup.VersionLoggerListener.log CATALINA_HOME:         /usr/local/tomcat
27-Jan-2025 21:39:33.071 INFO [main] org.apache.catalina.startup.VersionLoggerListener.log Command line argument: --add-opens=java.base/java.lang=ALL-UNNAMED
27-Jan-2025 21:39:33.071 INFO [main] org.apache.catalina.startup.VersionLoggerListener.log Command line argument: --add-opens=java.base/java.io=ALL-UNNAMED
27-Jan-2025 21:39:33.072 INFO [main] org.apache.catalina.startup.VersionLoggerListener.log Command line argument: --add-opens=java.base/java.util=ALL-UNNAMED
27-Jan-2025 21:39:33.073 INFO [main] org.apache.catalina.startup.VersionLoggerListener.log Command line argument: --add-opens=java.base/java.util.concurrent=ALL-UNNAMED
27-Jan-2025 21:39:33.073 INFO [main] org.apache.catalina.startup.VersionLoggerListener.log Command line argument: --add-opens=java.rmi/sun.rmi.transport=ALL-UNNAMED
27-Jan-2025 21:39:33.073 INFO [main] org.apache.catalina.startup.VersionLoggerListener.log Command line argument: -Djava.util.logging.config.file=/usr/local/tomcat/conf/logging.properties
27-Jan-2025 21:39:33.074 INFO [main] org.apache.catalina.startup.VersionLoggerListener.log Command line argument: -Djava.util.logging.manager=org.apache.juli.ClassLoaderLogManager
27-Jan-2025 21:39:33.074 INFO [main] org.apache.catalina.startup.VersionLoggerListener.log Command line argument: -Dtds.content.root.path=/usr/local/tomcat/content/
27-Jan-2025 21:39:33.074 INFO [main] org.apache.catalina.startup.VersionLoggerListener.log Command line argument: -Djava.util.prefs.systemRoot=/usr/local/tomcat/javaUtilPrefs
27-Jan-2025 21:39:33.075 INFO [main] org.apache.catalina.startup.VersionLoggerListener.log Command line argument: -Djava.util.prefs.userRoot=/usr/local/tomcat/javaUtilPrefs
27-Jan-2025 21:39:33.076 INFO [main] org.apache.catalina.startup.VersionLoggerListener.log Command line argument: -Xms4G
27-Jan-2025 21:39:33.076 INFO [main] org.apache.catalina.startup.VersionLoggerListener.log Command line argument: -Xmx4G
27-Jan-2025 21:39:33.077 INFO [main] org.apache.catalina.startup.VersionLoggerListener.log Command line argument: -XX:+HeapDumpOnOutOfMemoryError
27-Jan-2025 21:39:33.077 INFO [main] org.apache.catalina.startup.VersionLoggerListener.log Command line argument: -Djava.awt.headless=true
27-Jan-2025 21:39:33.078 INFO [main] org.apache.catalina.startup.VersionLoggerListener.log Command line argument: -Djna.tmpdir=/tmp/
27-Jan-2025 21:39:33.078 INFO [main] org.apache.catalina.startup.VersionLoggerListener.log Command line argument: -Djdk.tls.ephemeralDHKeySize=2048
27-Jan-2025 21:39:33.078 INFO [main] org.apache.catalina.startup.VersionLoggerListener.log Command line argument: -Djava.protocol.handler.pkgs=org.apache.catalina.webresources
27-Jan-2025 21:39:33.079 INFO [main] org.apache.catalina.startup.VersionLoggerListener.log Command line argument: -Dorg.apache.catalina.security.SecurityListener.UMASK=0027
27-Jan-2025 21:39:33.079 INFO [main] org.apache.catalina.startup.VersionLoggerListener.log Command line argument: -Dignore.endorsed.dirs=
27-Jan-2025 21:39:33.079 INFO [main] org.apache.catalina.startup.VersionLoggerListener.log Command line argument: -Dcatalina.base=/usr/local/tomcat
27-Jan-2025 21:39:33.080 INFO [main] org.apache.catalina.startup.VersionLoggerListener.log Command line argument: -Dcatalina.home=/usr/local/tomcat
27-Jan-2025 21:39:33.080 INFO [main] org.apache.catalina.startup.VersionLoggerListener.log Command line argument: -Djava.io.tmpdir=/usr/local/tomcat/temp
27-Jan-2025 21:39:33.086 INFO [main] org.apache.catalina.core.AprLifecycleListener.lifecycleEvent Loaded Apache Tomcat Native library [1.3.0] using APR version [1.7.0].
27-Jan-2025 21:39:33.087 INFO [main] org.apache.catalina.core.AprLifecycleListener.lifecycleEvent APR capabilities: IPv6 [true], sendfile [true], accept filters [false], random [true], UDS [true].
27-Jan-2025 21:39:33.087 INFO [main] org.apache.catalina.core.AprLifecycleListener.lifecycleEvent APR/OpenSSL configuration: useAprConnector [false], useOpenSSL [true]
27-Jan-2025 21:39:33.094 INFO [main] org.apache.catalina.core.AprLifecycleListener.initializeSSL OpenSSL successfully initialized [OpenSSL 3.0.2 15 Mar 2022]
27-Jan-2025 21:39:33.655 INFO [main] org.apache.coyote.AbstractProtocol.init Initializing ProtocolHandler ["http-nio-8080"]
27-Jan-2025 21:39:33.691 INFO [main] org.apache.catalina.startup.Catalina.load Server initialization in [998] milliseconds
27-Jan-2025 21:39:33.786 INFO [main] org.apache.catalina.core.StandardService.startInternal Starting service [Catalina]
27-Jan-2025 21:39:33.787 INFO [main] org.apache.catalina.core.StandardEngine.startInternal Starting Servlet engine: [Apache Tomcat]
27-Jan-2025 21:39:33.802 INFO [main] org.apache.catalina.startup.HostConfig.deployDirectory Deploying web application directory [/usr/local/tomcat/webapps/thredds]
27-Jan-2025 21:39:41.856 INFO [main] org.apache.jasper.servlet.TldScanner.scanJars At least one JAR was scanned for TLDs yet contained no TLDs. Enable debug logging for this logger for a complete list of JARs that were scanned but no TLDs were found in them. Skipping unneeded JARs during scanning can improve startup time and JSP compilation time.
27-Jan-2025 21:39:52.899 WARNING [main] net.openhft.chronicle.core.internal.cleaner.ReflectionBasedByteBufferCleanerService.<clinit> Make sure you have set the command line option "--illegal-access=permit --add-exports java.base/jdk.internal.ref=ALL-UNNAMED" to enable ReflectionBasedByteBufferCleanerService
27-Jan-2025 21:39:54.530 INFO [main] org.apache.catalina.startup.HostConfig.deployDirectory Deployment of web application directory [/usr/local/tomcat/webapps/thredds] has finished in [20,728] ms
27-Jan-2025 21:39:54.534 INFO [main] org.apache.coyote.AbstractProtocol.start Starting ProtocolHandler ["http-nio-8080"]
27-Jan-2025 21:39:54.565 INFO [main] org.apache.catalina.startup.Catalina.start Server startup in [20872] milliseconds
27-Jan-2025 21:42:58.674 INFO [main] org.apache.catalina.startup.VersionLoggerListener.log Server version name:   Apache Tomcat
27-Jan-2025 21:42:58.678 INFO [main] org.apache.catalina.startup.VersionLoggerListener.log Server built:          Jul 2 2024 12:35:51 UTC
27-Jan-2025 21:42:58.679 INFO [main] org.apache.catalina.startup.VersionLoggerListener.log Server version number: 9.0.91.0
27-Jan-2025 21:42:58.680 INFO [main] org.apache.catalina.startup.VersionLoggerListener.log OS Name:               Linux
27-Jan-2025 21:42:58.681 INFO [main] org.apache.catalina.startup.VersionLoggerListener.log OS Version:            6.8.0-1021-aws
27-Jan-2025 21:42:58.681 INFO [main] org.apache.catalina.startup.VersionLoggerListener.log Architecture:          amd64
27-Jan-2025 21:42:58.681 INFO [main] org.apache.catalina.startup.VersionLoggerListener.log Java Home:             /opt/java/openjdk
27-Jan-2025 21:42:58.682 INFO [main] org.apache.catalina.startup.VersionLoggerListener.log JVM Version:           11.0.24+8
27-Jan-2025 21:42:58.682 INFO [main] org.apache.catalina.startup.VersionLoggerListener.log JVM Vendor:            Eclipse Adoptium
27-Jan-2025 21:42:58.682 INFO [main] org.apache.catalina.startup.VersionLoggerListener.log CATALINA_BASE:         /usr/local/tomcat
27-Jan-2025 21:42:58.683 INFO [main] org.apache.catalina.startup.VersionLoggerListener.log CATALINA_HOME:         /usr/local/tomcat
27-Jan-2025 21:42:58.697 INFO [main] org.apache.catalina.startup.VersionLoggerListener.log Command line argument: --add-opens=java.base/java.lang=ALL-UNNAMED
27-Jan-2025 21:42:58.698 INFO [main] org.apache.catalina.startup.VersionLoggerListener.log Command line argument: --add-opens=java.base/java.io=ALL-UNNAMED
27-Jan-2025 21:42:58.698 INFO [main] org.apache.catalina.startup.VersionLoggerListener.log Command line argument: --add-opens=java.base/java.util=ALL-UNNAMED
27-Jan-2025 21:42:58.698 INFO [main] org.apache.catalina.startup.VersionLoggerListener.log Command line argument: --add-opens=java.base/java.util.concurrent=ALL-UNNAMED
27-Jan-2025 21:42:58.699 INFO [main] org.apache.catalina.startup.VersionLoggerListener.log Command line argument: --add-opens=java.rmi/sun.rmi.transport=ALL-UNNAMED
27-Jan-2025 21:42:58.699 INFO [main] org.apache.catalina.startup.VersionLoggerListener.log Command line argument: -Djava.util.logging.config.file=/usr/local/tomcat/conf/logging.properties
27-Jan-2025 21:42:58.699 INFO [main] org.apache.catalina.startup.VersionLoggerListener.log Command line argument: -Djava.util.logging.manager=org.apache.juli.ClassLoaderLogManager
27-Jan-2025 21:42:58.699 INFO [main] org.apache.catalina.startup.VersionLoggerListener.log Command line argument: -Dtds.content.root.path=/usr/local/tomcat/content/
27-Jan-2025 21:42:58.699 INFO [main] org.apache.catalina.startup.VersionLoggerListener.log Command line argument: -Djava.util.prefs.systemRoot=/usr/local/tomcat/javaUtilPrefs
27-Jan-2025 21:42:58.700 INFO [main] org.apache.catalina.startup.VersionLoggerListener.log Command line argument: -Djava.util.prefs.userRoot=/usr/local/tomcat/javaUtilPrefs
27-Jan-2025 21:42:58.700 INFO [main] org.apache.catalina.startup.VersionLoggerListener.log Command line argument: -Xms4G
27-Jan-2025 21:42:58.700 INFO [main] org.apache.catalina.startup.VersionLoggerListener.log Command line argument: -Xmx4G
27-Jan-2025 21:42:58.700 INFO [main] org.apache.catalina.startup.VersionLoggerListener.log Command line argument: -XX:+HeapDumpOnOutOfMemoryError
27-Jan-2025 21:42:58.700 INFO [main] org.apache.catalina.startup.VersionLoggerListener.log Command line argument: -Djava.awt.headless=true
27-Jan-2025 21:42:58.701 INFO [main] org.apache.catalina.startup.VersionLoggerListener.log Command line argument: -Djna.tmpdir=/tmp/
27-Jan-2025 21:42:58.701 INFO [main] org.apache.catalina.startup.VersionLoggerListener.log Command line argument: -Djdk.tls.ephemeralDHKeySize=2048
27-Jan-2025 21:42:58.701 INFO [main] org.apache.catalina.startup.VersionLoggerListener.log Command line argument: -Djava.protocol.handler.pkgs=org.apache.catalina.webresources
27-Jan-2025 21:42:58.702 INFO [main] org.apache.catalina.startup.VersionLoggerListener.log Command line argument: -Dorg.apache.catalina.security.SecurityListener.UMASK=0027
27-Jan-2025 21:42:58.702 INFO [main] org.apache.catalina.startup.VersionLoggerListener.log Command line argument: -Dignore.endorsed.dirs=
27-Jan-2025 21:42:58.702 INFO [main] org.apache.catalina.startup.VersionLoggerListener.log Command line argument: -Dcatalina.base=/usr/local/tomcat
27-Jan-2025 21:42:58.702 INFO [main] org.apache.catalina.startup.VersionLoggerListener.log Command line argument: -Dcatalina.home=/usr/local/tomcat
27-Jan-2025 21:42:58.703 INFO [main] org.apache.catalina.startup.VersionLoggerListener.log Command line argument: -Djava.io.tmpdir=/usr/local/tomcat/temp
27-Jan-2025 21:42:58.708 INFO [main] org.apache.catalina.core.AprLifecycleListener.lifecycleEvent Loaded Apache Tomcat Native library [1.3.0] using APR version [1.7.0].
27-Jan-2025 21:42:58.708 INFO [main] org.apache.catalina.core.AprLifecycleListener.lifecycleEvent APR capabilities: IPv6 [true], sendfile [true], accept filters [false], random [true], UDS [true].
27-Jan-2025 21:42:58.709 INFO [main] org.apache.catalina.core.AprLifecycleListener.lifecycleEvent APR/OpenSSL configuration: useAprConnector [false], useOpenSSL [true]
27-Jan-2025 21:42:58.714 INFO [main] org.apache.catalina.core.AprLifecycleListener.initializeSSL OpenSSL successfully initialized [OpenSSL 3.0.2 15 Mar 2022]
27-Jan-2025 21:42:59.266 INFO [main] org.apache.coyote.AbstractProtocol.init Initializing ProtocolHandler ["http-nio-8080"]
27-Jan-2025 21:42:59.315 INFO [main] org.apache.catalina.startup.Catalina.load Server initialization in [947] milliseconds
27-Jan-2025 21:42:59.464 INFO [main] org.apache.catalina.core.StandardService.startInternal Starting service [Catalina]
27-Jan-2025 21:42:59.465 INFO [main] org.apache.catalina.core.StandardEngine.startInternal Starting Servlet engine: [Apache Tomcat]
27-Jan-2025 21:42:59.475 INFO [main] org.apache.catalina.startup.HostConfig.deployDirectory Deploying web application directory [/usr/local/tomcat/webapps/thredds]
27-Jan-2025 21:43:06.021 INFO [main] org.apache.jasper.servlet.TldScanner.scanJars At least one JAR was scanned for TLDs yet contained no TLDs. Enable debug logging for this logger for a complete list of JARs that were scanned but no TLDs were found in them. Skipping unneeded JARs during scanning can improve startup time and JSP compilation time.
27-Jan-2025 21:43:16.896 WARNING [main] net.openhft.chronicle.core.internal.cleaner.ReflectionBasedByteBufferCleanerService.<clinit> Make sure you have set the command line option "--illegal-access=permit --add-exports java.base/jdk.internal.ref=ALL-UNNAMED" to enable ReflectionBasedByteBufferCleanerService
27-Jan-2025 21:43:19.514 INFO [main] org.apache.catalina.startup.HostConfig.deployDirectory Deployment of web application directory [/usr/local/tomcat/webapps/thredds] has finished in [20,039] ms
27-Jan-2025 21:43:19.525 INFO [main] org.apache.coyote.AbstractProtocol.start Starting ProtocolHandler ["http-nio-8080"]
27-Jan-2025 21:43:19.591 INFO [main] org.apache.catalina.startup.Catalina.start Server startup in [20274] milliseconds
27-Jan-2025 21:46:29.922 INFO [main] org.apache.catalina.startup.VersionLoggerListener.log Server version name:   Apache Tomcat
27-Jan-2025 21:46:29.926 INFO [main] org.apache.catalina.startup.VersionLoggerListener.log Server built:          Jul 2 2024 12:35:51 UTC
27-Jan-2025 21:46:29.927 INFO [main] org.apache.catalina.startup.VersionLoggerListener.log Server version number: 9.0.91.0
27-Jan-2025 21:46:29.927 INFO [main] org.apache.catalina.startup.VersionLoggerListener.log OS Name:               Linux
27-Jan-2025 21:46:29.927 INFO [main] org.apache.catalina.startup.VersionLoggerListener.log OS Version:            6.8.0-1021-aws
27-Jan-2025 21:46:29.928 INFO [main] org.apache.catalina.startup.VersionLoggerListener.log Architecture:          amd64
27-Jan-2025 21:46:29.928 INFO [main] org.apache.catalina.startup.VersionLoggerListener.log Java Home:             /opt/java/openjdk
27-Jan-2025 21:46:29.928 INFO [main] org.apache.catalina.startup.VersionLoggerListener.log JVM Version:           11.0.24+8
27-Jan-2025 21:46:29.929 INFO [main] org.apache.catalina.startup.VersionLoggerListener.log JVM Vendor:            Eclipse Adoptium
27-Jan-2025 21:46:29.929 INFO [main] org.apache.catalina.startup.VersionLoggerListener.log CATALINA_BASE:         /usr/local/tomcat
27-Jan-2025 21:46:29.929 INFO [main] org.apache.catalina.startup.VersionLoggerListener.log CATALINA_HOME:         /usr/local/tomcat
27-Jan-2025 21:46:29.952 INFO [main] org.apache.catalina.startup.VersionLoggerListener.log Command line argument: --add-opens=java.base/java.lang=ALL-UNNAMED
27-Jan-2025 21:46:29.952 INFO [main] org.apache.catalina.startup.VersionLoggerListener.log Command line argument: --add-opens=java.base/java.io=ALL-UNNAMED
27-Jan-2025 21:46:29.952 INFO [main] org.apache.catalina.startup.VersionLoggerListener.log Command line argument: --add-opens=java.base/java.util=ALL-UNNAMED
27-Jan-2025 21:46:29.952 INFO [main] org.apache.catalina.startup.VersionLoggerListener.log Command line argument: --add-opens=java.base/java.util.concurrent=ALL-UNNAMED
27-Jan-2025 21:46:29.952 INFO [main] org.apache.catalina.startup.VersionLoggerListener.log Command line argument: --add-opens=java.rmi/sun.rmi.transport=ALL-UNNAMED
27-Jan-2025 21:46:29.952 INFO [main] org.apache.catalina.startup.VersionLoggerListener.log Command line argument: -Djava.util.logging.config.file=/usr/local/tomcat/conf/logging.properties
27-Jan-2025 21:46:29.953 INFO [main] org.apache.catalina.startup.VersionLoggerListener.log Command line argument: -Djava.util.logging.manager=org.apache.juli.ClassLoaderLogManager
27-Jan-2025 21:46:29.953 INFO [main] org.apache.catalina.startup.VersionLoggerListener.log Command line argument: -Dtds.content.root.path=/usr/local/tomcat/content/
27-Jan-2025 21:46:29.953 INFO [main] org.apache.catalina.startup.VersionLoggerListener.log Command line argument: -Djava.util.prefs.systemRoot=/usr/local/tomcat/javaUtilPrefs
27-Jan-2025 21:46:29.953 INFO [main] org.apache.catalina.startup.VersionLoggerListener.log Command line argument: -Djava.util.prefs.userRoot=/usr/local/tomcat/javaUtilPrefs
27-Jan-2025 21:46:29.954 INFO [main] org.apache.catalina.startup.VersionLoggerListener.log Command line argument: -Xms4G
27-Jan-2025 21:46:29.954 INFO [main] org.apache.catalina.startup.VersionLoggerListener.log Command line argument: -Xmx4G
27-Jan-2025 21:46:29.956 INFO [main] org.apache.catalina.startup.VersionLoggerListener.log Command line argument: -XX:+HeapDumpOnOutOfMemoryError
27-Jan-2025 21:46:29.957 INFO [main] org.apache.catalina.startup.VersionLoggerListener.log Command line argument: -Djava.awt.headless=true
27-Jan-2025 21:46:29.957 INFO [main] org.apache.catalina.startup.VersionLoggerListener.log Command line argument: -Djna.tmpdir=/tmp/
27-Jan-2025 21:46:29.957 INFO [main] org.apache.catalina.startup.VersionLoggerListener.log Command line argument: -Djdk.tls.ephemeralDHKeySize=2048
27-Jan-2025 21:46:29.958 INFO [main] org.apache.catalina.startup.VersionLoggerListener.log Command line argument: -Djava.protocol.handler.pkgs=org.apache.catalina.webresources
27-Jan-2025 21:46:29.958 INFO [main] org.apache.catalina.startup.VersionLoggerListener.log Command line argument: -Dorg.apache.catalina.security.SecurityListener.UMASK=0027
27-Jan-2025 21:46:29.959 INFO [main] org.apache.catalina.startup.VersionLoggerListener.log Command line argument: -Dignore.endorsed.dirs=
27-Jan-2025 21:46:29.959 INFO [main] org.apache.catalina.startup.VersionLoggerListener.log Command line argument: -Dcatalina.base=/usr/local/tomcat
27-Jan-2025 21:46:29.959 INFO [main] org.apache.catalina.startup.VersionLoggerListener.log Command line argument: -Dcatalina.home=/usr/local/tomcat
27-Jan-2025 21:46:29.959 INFO [main] org.apache.catalina.startup.VersionLoggerListener.log Command line argument: -Djava.io.tmpdir=/usr/local/tomcat/temp
27-Jan-2025 21:46:29.965 INFO [main] org.apache.catalina.core.AprLifecycleListener.lifecycleEvent Loaded Apache Tomcat Native library [1.3.0] using APR version [1.7.0].
27-Jan-2025 21:46:29.965 INFO [main] org.apache.catalina.core.AprLifecycleListener.lifecycleEvent APR capabilities: IPv6 [true], sendfile [true], accept filters [false], random [true], UDS [true].
27-Jan-2025 21:46:29.965 INFO [main] org.apache.catalina.core.AprLifecycleListener.lifecycleEvent APR/OpenSSL configuration: useAprConnector [false], useOpenSSL [true]
27-Jan-2025 21:46:29.971 INFO [main] org.apache.catalina.core.AprLifecycleListener.initializeSSL OpenSSL successfully initialized [OpenSSL 3.0.2 15 Mar 2022]
27-Jan-2025 21:46:31.001 INFO [main] org.apache.coyote.AbstractProtocol.init Initializing ProtocolHandler ["http-nio-8080"]
27-Jan-2025 21:46:31.150 INFO [main] org.apache.catalina.startup.Catalina.load Server initialization in [1549] milliseconds
27-Jan-2025 21:46:31.374 INFO [main] org.apache.catalina.core.StandardService.startInternal Starting service [Catalina]
27-Jan-2025 21:46:31.374 INFO [main] org.apache.catalina.core.StandardEngine.startInternal Starting Servlet engine: [Apache Tomcat]
27-Jan-2025 21:46:31.392 INFO [main] org.apache.catalina.startup.HostConfig.deployDirectory Deploying web application directory [/usr/local/tomcat/webapps/thredds]
27-Jan-2025 21:46:41.075 INFO [main] org.apache.jasper.servlet.TldScanner.scanJars At least one JAR was scanned for TLDs yet contained no TLDs. Enable debug logging for this logger for a complete list of JARs that were scanned but no TLDs were found in them. Skipping unneeded JARs during scanning can improve startup time and JSP compilation time.
27-Jan-2025 21:46:51.665 WARNING [main] net.openhft.chronicle.core.internal.cleaner.ReflectionBasedByteBufferCleanerService.<clinit> Make sure you have set the command line option "--illegal-access=permit --add-exports java.base/jdk.internal.ref=ALL-UNNAMED" to enable ReflectionBasedByteBufferCleanerService
27-Jan-2025 21:46:53.396 INFO [main] org.apache.catalina.startup.HostConfig.deployDirectory Deployment of web application directory [/usr/local/tomcat/webapps/thredds] has finished in [22,008] ms
27-Jan-2025 21:46:53.404 INFO [main] org.apache.coyote.AbstractProtocol.start Starting ProtocolHandler ["http-nio-8080"]
27-Jan-2025 21:46:53.422 INFO [main] org.apache.catalina.startup.Catalina.start Server startup in [22272] milliseconds
27-Jan-2025 21:47:54.811 INFO [main] org.apache.catalina.startup.VersionLoggerListener.log Server version name:   Apache Tomcat
27-Jan-2025 21:47:54.820 INFO [main] org.apache.catalina.startup.VersionLoggerListener.log Server built:          Jul 2 2024 12:35:51 UTC
27-Jan-2025 21:47:54.820 INFO [main] org.apache.catalina.startup.VersionLoggerListener.log Server version number: 9.0.91.0
27-Jan-2025 21:47:54.820 INFO [main] org.apache.catalina.startup.VersionLoggerListener.log OS Name:               Linux
27-Jan-2025 21:47:54.821 INFO [main] org.apache.catalina.startup.VersionLoggerListener.log OS Version:            6.8.0-1021-aws
27-Jan-2025 21:47:54.821 INFO [main] org.apache.catalina.startup.VersionLoggerListener.log Architecture:          amd64
27-Jan-2025 21:47:54.821 INFO [main] org.apache.catalina.startup.VersionLoggerListener.log Java Home:             /opt/java/openjdk
27-Jan-2025 21:47:54.821 INFO [main] org.apache.catalina.startup.VersionLoggerListener.log JVM Version:           11.0.24+8
27-Jan-2025 21:47:54.823 INFO [main] org.apache.catalina.startup.VersionLoggerListener.log JVM Vendor:            Eclipse Adoptium
27-Jan-2025 21:47:54.824 INFO [main] org.apache.catalina.startup.VersionLoggerListener.log CATALINA_BASE:         /usr/local/tomcat
27-Jan-2025 21:47:54.824 INFO [main] org.apache.catalina.startup.VersionLoggerListener.log CATALINA_HOME:         /usr/local/tomcat
27-Jan-2025 21:47:54.844 INFO [main] org.apache.catalina.startup.VersionLoggerListener.log Command line argument: --add-opens=java.base/java.lang=ALL-UNNAMED
27-Jan-2025 21:47:54.844 INFO [main] org.apache.catalina.startup.VersionLoggerListener.log Command line argument: --add-opens=java.base/java.io=ALL-UNNAMED
27-Jan-2025 21:47:54.845 INFO [main] org.apache.catalina.startup.VersionLoggerListener.log Command line argument: --add-opens=java.base/java.util=ALL-UNNAMED
27-Jan-2025 21:47:54.846 INFO [main] org.apache.catalina.startup.VersionLoggerListener.log Command line argument: --add-opens=java.base/java.util.concurrent=ALL-UNNAMED
27-Jan-2025 21:47:54.847 INFO [main] org.apache.catalina.startup.VersionLoggerListener.log Command line argument: --add-opens=java.rmi/sun.rmi.transport=ALL-UNNAMED
27-Jan-2025 21:47:54.848 INFO [main] org.apache.catalina.startup.VersionLoggerListener.log Command line argument: -Djava.util.logging.config.file=/usr/local/tomcat/conf/logging.properties
27-Jan-2025 21:47:54.848 INFO [main] org.apache.catalina.startup.VersionLoggerListener.log Command line argument: -Djava.util.logging.manager=org.apache.juli.ClassLoaderLogManager
27-Jan-2025 21:47:54.848 INFO [main] org.apache.catalina.startup.VersionLoggerListener.log Command line argument: -Dtds.content.root.path=/usr/local/tomcat/content/
27-Jan-2025 21:47:54.849 INFO [main] org.apache.catalina.startup.VersionLoggerListener.log Command line argument: -Djava.util.prefs.systemRoot=/usr/local/tomcat/javaUtilPrefs
27-Jan-2025 21:47:54.849 INFO [main] org.apache.catalina.startup.VersionLoggerListener.log Command line argument: -Djava.util.prefs.userRoot=/usr/local/tomcat/javaUtilPrefs
27-Jan-2025 21:47:54.849 INFO [main] org.apache.catalina.startup.VersionLoggerListener.log Command line argument: -Xms4G
27-Jan-2025 21:47:54.849 INFO [main] org.apache.catalina.startup.VersionLoggerListener.log Command line argument: -Xmx4G
27-Jan-2025 21:47:54.850 INFO [main] org.apache.catalina.startup.VersionLoggerListener.log Command line argument: -XX:+HeapDumpOnOutOfMemoryError
27-Jan-2025 21:47:54.850 INFO [main] org.apache.catalina.startup.VersionLoggerListener.log Command line argument: -Djava.awt.headless=true
27-Jan-2025 21:47:54.850 INFO [main] org.apache.catalina.startup.VersionLoggerListener.log Command line argument: -Djna.tmpdir=/tmp/
27-Jan-2025 21:47:54.850 INFO [main] org.apache.catalina.startup.VersionLoggerListener.log Command line argument: -Djdk.tls.ephemeralDHKeySize=2048
27-Jan-2025 21:47:54.850 INFO [main] org.apache.catalina.startup.VersionLoggerListener.log Command line argument: -Djava.protocol.handler.pkgs=org.apache.catalina.webresources
27-Jan-2025 21:47:54.851 INFO [main] org.apache.catalina.startup.VersionLoggerListener.log Command line argument: -Dorg.apache.catalina.security.SecurityListener.UMASK=0027
27-Jan-2025 21:47:54.851 INFO [main] org.apache.catalina.startup.VersionLoggerListener.log Command line argument: -Dignore.endorsed.dirs=
27-Jan-2025 21:47:54.851 INFO [main] org.apache.catalina.startup.VersionLoggerListener.log Command line argument: -Dcatalina.base=/usr/local/tomcat
27-Jan-2025 21:47:54.851 INFO [main] org.apache.catalina.startup.VersionLoggerListener.log Command line argument: -Dcatalina.home=/usr/local/tomcat
27-Jan-2025 21:47:54.851 INFO [main] org.apache.catalina.startup.VersionLoggerListener.log Command line argument: -Djava.io.tmpdir=/usr/local/tomcat/temp
27-Jan-2025 21:47:54.857 INFO [main] org.apache.catalina.core.AprLifecycleListener.lifecycleEvent Loaded Apache Tomcat Native library [1.3.0] using APR version [1.7.0].
27-Jan-2025 21:47:54.858 INFO [main] org.apache.catalina.core.AprLifecycleListener.lifecycleEvent APR capabilities: IPv6 [true], sendfile [true], accept filters [false], random [true], UDS [true].
27-Jan-2025 21:47:54.858 INFO [main] org.apache.catalina.core.AprLifecycleListener.lifecycleEvent APR/OpenSSL configuration: useAprConnector [false], useOpenSSL [true]
27-Jan-2025 21:47:54.864 INFO [main] org.apache.catalina.core.AprLifecycleListener.initializeSSL OpenSSL successfully initialized [OpenSSL 3.0.2 15 Mar 2022]
27-Jan-2025 21:47:55.470 INFO [main] org.apache.coyote.AbstractProtocol.init Initializing ProtocolHandler ["http-nio-8080"]
27-Jan-2025 21:47:55.511 INFO [main] org.apache.catalina.startup.Catalina.load Server initialization in [1062] milliseconds
27-Jan-2025 21:47:55.637 INFO [main] org.apache.catalina.core.StandardService.startInternal Starting service [Catalina]
27-Jan-2025 21:47:55.638 INFO [main] org.apache.catalina.core.StandardEngine.startInternal Starting Servlet engine: [Apache Tomcat]
27-Jan-2025 21:47:55.649 INFO [main] org.apache.catalina.startup.HostConfig.deployDirectory Deploying web application directory [/usr/local/tomcat/webapps/thredds]
27-Jan-2025 21:48:02.411 INFO [main] org.apache.jasper.servlet.TldScanner.scanJars At least one JAR was scanned for TLDs yet contained no TLDs. Enable debug logging for this logger for a complete list of JARs that were scanned but no TLDs were found in them. Skipping unneeded JARs during scanning can improve startup time and JSP compilation time.
27-Jan-2025 21:48:15.501 WARNING [main] net.openhft.chronicle.core.internal.cleaner.ReflectionBasedByteBufferCleanerService.<clinit> Make sure you have set the command line option "--illegal-access=permit --add-exports java.base/jdk.internal.ref=ALL-UNNAMED" to enable ReflectionBasedByteBufferCleanerService
27-Jan-2025 21:48:17.574 INFO [main] org.apache.catalina.startup.HostConfig.deployDirectory Deployment of web application directory [/usr/local/tomcat/webapps/thredds] has finished in [21,926] ms
27-Jan-2025 21:48:17.578 INFO [main] org.apache.coyote.AbstractProtocol.start Starting ProtocolHandler ["http-nio-8080"]
27-Jan-2025 21:48:17.592 INFO [main] org.apache.catalina.startup.Catalina.start Server startup in [22080] milliseconds
27-Jan-2025 21:49:08.786 INFO [main] org.apache.catalina.startup.VersionLoggerListener.log Server version name:   Apache Tomcat
27-Jan-2025 21:49:08.792 INFO [main] org.apache.catalina.startup.VersionLoggerListener.log Server built:          Jul 2 2024 12:35:51 UTC
27-Jan-2025 21:49:08.792 INFO [main] org.apache.catalina.startup.VersionLoggerListener.log Server version number: 9.0.91.0
27-Jan-2025 21:49:08.792 INFO [main] org.apache.catalina.startup.VersionLoggerListener.log OS Name:               Linux
27-Jan-2025 21:49:08.792 INFO [main] org.apache.catalina.startup.VersionLoggerListener.log OS Version:            6.8.0-1021-aws
27-Jan-2025 21:49:08.792 INFO [main] org.apache.catalina.startup.VersionLoggerListener.log Architecture:          amd64
27-Jan-2025 21:49:08.793 INFO [main] org.apache.catalina.startup.VersionLoggerListener.log Java Home:             /opt/java/openjdk
27-Jan-2025 21:49:08.793 INFO [main] org.apache.catalina.startup.VersionLoggerListener.log JVM Version:           11.0.24+8
27-Jan-2025 21:49:08.794 INFO [main] org.apache.catalina.startup.VersionLoggerListener.log JVM Vendor:            Eclipse Adoptium
27-Jan-2025 21:49:08.794 INFO [main] org.apache.catalina.startup.VersionLoggerListener.log CATALINA_BASE:         /usr/local/tomcat
27-Jan-2025 21:49:08.794 INFO [main] org.apache.catalina.startup.VersionLoggerListener.log CATALINA_HOME:         /usr/local/tomcat
27-Jan-2025 21:49:08.808 INFO [main] org.apache.catalina.startup.VersionLoggerListener.log Command line argument: --add-opens=java.base/java.lang=ALL-UNNAMED
27-Jan-2025 21:49:08.809 INFO [main] org.apache.catalina.startup.VersionLoggerListener.log Command line argument: --add-opens=java.base/java.io=ALL-UNNAMED
27-Jan-2025 21:49:08.809 INFO [main] org.apache.catalina.startup.VersionLoggerListener.log Command line argument: --add-opens=java.base/java.util=ALL-UNNAMED
27-Jan-2025 21:49:08.809 INFO [main] org.apache.catalina.startup.VersionLoggerListener.log Command line argument: --add-opens=java.base/java.util.concurrent=ALL-UNNAMED
27-Jan-2025 21:49:08.809 INFO [main] org.apache.catalina.startup.VersionLoggerListener.log Command line argument: --add-opens=java.rmi/sun.rmi.transport=ALL-UNNAMED
27-Jan-2025 21:49:08.809 INFO [main] org.apache.catalina.startup.VersionLoggerListener.log Command line argument: -Djava.util.logging.config.file=/usr/local/tomcat/conf/logging.properties
27-Jan-2025 21:49:08.809 INFO [main] org.apache.catalina.startup.VersionLoggerListener.log Command line argument: -Djava.util.logging.manager=org.apache.juli.ClassLoaderLogManager
27-Jan-2025 21:49:08.809 INFO [main] org.apache.catalina.startup.VersionLoggerListener.log Command line argument: -Dtds.content.root.path=/usr/local/tomcat/content/
27-Jan-2025 21:49:08.811 INFO [main] org.apache.catalina.startup.VersionLoggerListener.log Command line argument: -Djava.util.prefs.systemRoot=/usr/local/tomcat/javaUtilPrefs
27-Jan-2025 21:49:08.811 INFO [main] org.apache.catalina.startup.VersionLoggerListener.log Command line argument: -Djava.util.prefs.userRoot=/usr/local/tomcat/javaUtilPrefs
27-Jan-2025 21:49:08.811 INFO [main] org.apache.catalina.startup.VersionLoggerListener.log Command line argument: -Xms4G
27-Jan-2025 21:49:08.811 INFO [main] org.apache.catalina.startup.VersionLoggerListener.log Command line argument: -Xmx4G
27-Jan-2025 21:49:08.811 INFO [main] org.apache.catalina.startup.VersionLoggerListener.log Command line argument: -XX:+HeapDumpOnOutOfMemoryError
27-Jan-2025 21:49:08.811 INFO [main] org.apache.catalina.startup.VersionLoggerListener.log Command line argument: -Djava.awt.headless=true
27-Jan-2025 21:49:08.811 INFO [main] org.apache.catalina.startup.VersionLoggerListener.log Command line argument: -Djna.tmpdir=/tmp/
27-Jan-2025 21:49:08.811 INFO [main] org.apache.catalina.startup.VersionLoggerListener.log Command line argument: -Djdk.tls.ephemeralDHKeySize=2048
27-Jan-2025 21:49:08.812 INFO [main] org.apache.catalina.startup.VersionLoggerListener.log Command line argument: -Djava.protocol.handler.pkgs=org.apache.catalina.webresources
27-Jan-2025 21:49:08.812 INFO [main] org.apache.catalina.startup.VersionLoggerListener.log Command line argument: -Dorg.apache.catalina.security.SecurityListener.UMASK=0027
27-Jan-2025 21:49:08.812 INFO [main] org.apache.catalina.startup.VersionLoggerListener.log Command line argument: -Dignore.endorsed.dirs=
27-Jan-2025 21:49:08.812 INFO [main] org.apache.catalina.startup.VersionLoggerListener.log Command line argument: -Dcatalina.base=/usr/local/tomcat
27-Jan-2025 21:49:08.812 INFO [main] org.apache.catalina.startup.VersionLoggerListener.log Command line argument: -Dcatalina.home=/usr/local/tomcat
27-Jan-2025 21:49:08.812 INFO [main] org.apache.catalina.startup.VersionLoggerListener.log Command line argument: -Djava.io.tmpdir=/usr/local/tomcat/temp
27-Jan-2025 21:49:08.818 INFO [main] org.apache.catalina.core.AprLifecycleListener.lifecycleEvent Loaded Apache Tomcat Native library [1.3.0] using APR version [1.7.0].
27-Jan-2025 21:49:08.818 INFO [main] org.apache.catalina.core.AprLifecycleListener.lifecycleEvent APR capabilities: IPv6 [true], sendfile [true], accept filters [false], random [true], UDS [true].
27-Jan-2025 21:49:08.818 INFO [main] org.apache.catalina.core.AprLifecycleListener.lifecycleEvent APR/OpenSSL configuration: useAprConnector [false], useOpenSSL [true]
27-Jan-2025 21:49:08.824 INFO [main] org.apache.catalina.core.AprLifecycleListener.initializeSSL OpenSSL successfully initialized [OpenSSL 3.0.2 15 Mar 2022]
27-Jan-2025 21:49:09.407 INFO [main] org.apache.coyote.AbstractProtocol.init Initializing ProtocolHandler ["http-nio-8080"]
27-Jan-2025 21:49:09.454 INFO [main] org.apache.catalina.startup.Catalina.load Server initialization in [933] milliseconds
27-Jan-2025 21:49:09.552 INFO [main] org.apache.catalina.core.StandardService.startInternal Starting service [Catalina]
27-Jan-2025 21:49:09.554 INFO [main] org.apache.catalina.core.StandardEngine.startInternal Starting Servlet engine: [Apache Tomcat]
27-Jan-2025 21:49:09.567 INFO [main] org.apache.catalina.startup.HostConfig.deployDirectory Deploying web application directory [/usr/local/tomcat/webapps/thredds]
27-Jan-2025 21:49:18.790 INFO [main] org.apache.jasper.servlet.TldScanner.scanJars At least one JAR was scanned for TLDs yet contained no TLDs. Enable debug logging for this logger for a complete list of JARs that were scanned but no TLDs were found in them. Skipping unneeded JARs during scanning can improve startup time and JSP compilation time.
27-Jan-2025 21:49:29.907 WARNING [main] net.openhft.chronicle.core.internal.cleaner.ReflectionBasedByteBufferCleanerService.<clinit> Make sure you have set the command line option "--illegal-access=permit --add-exports java.base/jdk.internal.ref=ALL-UNNAMED" to enable ReflectionBasedByteBufferCleanerService
27-Jan-2025 21:49:31.853 INFO [main] org.apache.catalina.startup.HostConfig.deployDirectory Deployment of web application directory [/usr/local/tomcat/webapps/thredds] has finished in [22,284] ms
27-Jan-2025 21:49:31.858 INFO [main] org.apache.coyote.AbstractProtocol.start Starting ProtocolHandler ["http-nio-8080"]
27-Jan-2025 21:49:31.878 INFO [main] org.apache.catalina.startup.Catalina.start Server startup in [22419] milliseconds
27-Jan-2025 21:51:47.121 INFO [main] org.apache.catalina.startup.VersionLoggerListener.log Server version name:   Apache Tomcat
27-Jan-2025 21:51:47.125 INFO [main] org.apache.catalina.startup.VersionLoggerListener.log Server built:          Jul 2 2024 12:35:51 UTC
27-Jan-2025 21:51:47.126 INFO [main] org.apache.catalina.startup.VersionLoggerListener.log Server version number: 9.0.91.0
27-Jan-2025 21:51:47.126 INFO [main] org.apache.catalina.startup.VersionLoggerListener.log OS Name:               Linux
27-Jan-2025 21:51:47.126 INFO [main] org.apache.catalina.startup.VersionLoggerListener.log OS Version:            6.8.0-1021-aws
27-Jan-2025 21:51:47.126 INFO [main] org.apache.catalina.startup.VersionLoggerListener.log Architecture:          amd64
27-Jan-2025 21:51:47.127 INFO [main] org.apache.catalina.startup.VersionLoggerListener.log Java Home:             /opt/java/openjdk
27-Jan-2025 21:51:47.127 INFO [main] org.apache.catalina.startup.VersionLoggerListener.log JVM Version:           11.0.24+8
27-Jan-2025 21:51:47.127 INFO [main] org.apache.catalina.startup.VersionLoggerListener.log JVM Vendor:            Eclipse Adoptium
27-Jan-2025 21:51:47.127 INFO [main] org.apache.catalina.startup.VersionLoggerListener.log CATALINA_BASE:         /usr/local/tomcat
27-Jan-2025 21:51:47.127 INFO [main] org.apache.catalina.startup.VersionLoggerListener.log CATALINA_HOME:         /usr/local/tomcat
27-Jan-2025 21:51:47.143 INFO [main] org.apache.catalina.startup.VersionLoggerListener.log Command line argument: --add-opens=java.base/java.lang=ALL-UNNAMED
27-Jan-2025 21:51:47.144 INFO [main] org.apache.catalina.startup.VersionLoggerListener.log Command line argument: --add-opens=java.base/java.io=ALL-UNNAMED
27-Jan-2025 21:51:47.145 INFO [main] org.apache.catalina.startup.VersionLoggerListener.log Command line argument: --add-opens=java.base/java.util=ALL-UNNAMED
27-Jan-2025 21:51:47.145 INFO [main] org.apache.catalina.startup.VersionLoggerListener.log Command line argument: --add-opens=java.base/java.util.concurrent=ALL-UNNAMED
27-Jan-2025 21:51:47.145 INFO [main] org.apache.catalina.startup.VersionLoggerListener.log Command line argument: --add-opens=java.rmi/sun.rmi.transport=ALL-UNNAMED
27-Jan-2025 21:51:47.146 INFO [main] org.apache.catalina.startup.VersionLoggerListener.log Command line argument: -Djava.util.logging.config.file=/usr/local/tomcat/conf/logging.properties
27-Jan-2025 21:51:47.146 INFO [main] org.apache.catalina.startup.VersionLoggerListener.log Command line argument: -Djava.util.logging.manager=org.apache.juli.ClassLoaderLogManager
27-Jan-2025 21:51:47.146 INFO [main] org.apache.catalina.startup.VersionLoggerListener.log Command line argument: -Dtds.content.root.path=/usr/local/tomcat/content/
27-Jan-2025 21:51:47.147 INFO [main] org.apache.catalina.startup.VersionLoggerListener.log Command line argument: -Djava.util.prefs.systemRoot=/usr/local/tomcat/javaUtilPrefs
27-Jan-2025 21:51:47.147 INFO [main] org.apache.catalina.startup.VersionLoggerListener.log Command line argument: -Djava.util.prefs.userRoot=/usr/local/tomcat/javaUtilPrefs
27-Jan-2025 21:51:47.147 INFO [main] org.apache.catalina.startup.VersionLoggerListener.log Command line argument: -Xms4G
27-Jan-2025 21:51:47.147 INFO [main] org.apache.catalina.startup.VersionLoggerListener.log Command line argument: -Xmx4G
27-Jan-2025 21:51:47.148 INFO [main] org.apache.catalina.startup.VersionLoggerListener.log Command line argument: -XX:+HeapDumpOnOutOfMemoryError
27-Jan-2025 21:51:47.148 INFO [main] org.apache.catalina.startup.VersionLoggerListener.log Command line argument: -Djava.awt.headless=true
27-Jan-2025 21:51:47.148 INFO [main] org.apache.catalina.startup.VersionLoggerListener.log Command line argument: -Djna.tmpdir=/tmp/
27-Jan-2025 21:51:47.148 INFO [main] org.apache.catalina.startup.VersionLoggerListener.log Command line argument: -Djdk.tls.ephemeralDHKeySize=2048
27-Jan-2025 21:51:47.148 INFO [main] org.apache.catalina.startup.VersionLoggerListener.log Command line argument: -Djava.protocol.handler.pkgs=org.apache.catalina.webresources
27-Jan-2025 21:51:47.148 INFO [main] org.apache.catalina.startup.VersionLoggerListener.log Command line argument: -Dorg.apache.catalina.security.SecurityListener.UMASK=0027
27-Jan-2025 21:51:47.149 INFO [main] org.apache.catalina.startup.VersionLoggerListener.log Command line argument: -Dignore.endorsed.dirs=
27-Jan-2025 21:51:47.149 INFO [main] org.apache.catalina.startup.VersionLoggerListener.log Command line argument: -Dcatalina.base=/usr/local/tomcat
27-Jan-2025 21:51:47.149 INFO [main] org.apache.catalina.startup.VersionLoggerListener.log Command line argument: -Dcatalina.home=/usr/local/tomcat
27-Jan-2025 21:51:47.149 INFO [main] org.apache.catalina.startup.VersionLoggerListener.log Command line argument: -Djava.io.tmpdir=/usr/local/tomcat/temp
27-Jan-2025 21:51:47.155 INFO [main] org.apache.catalina.core.AprLifecycleListener.lifecycleEvent Loaded Apache Tomcat Native library [1.3.0] using APR version [1.7.0].
27-Jan-2025 21:51:47.155 INFO [main] org.apache.catalina.core.AprLifecycleListener.lifecycleEvent APR capabilities: IPv6 [true], sendfile [true], accept filters [false], random [true], UDS [true].
27-Jan-2025 21:51:47.155 INFO [main] org.apache.catalina.core.AprLifecycleListener.lifecycleEvent APR/OpenSSL configuration: useAprConnector [false], useOpenSSL [true]
27-Jan-2025 21:51:47.160 INFO [main] org.apache.catalina.core.AprLifecycleListener.initializeSSL OpenSSL successfully initialized [OpenSSL 3.0.2 15 Mar 2022]
27-Jan-2025 21:51:47.857 INFO [main] org.apache.coyote.AbstractProtocol.init Initializing ProtocolHandler ["http-nio-8080"]
27-Jan-2025 21:51:47.918 INFO [main] org.apache.catalina.startup.Catalina.load Server initialization in [1125] milliseconds
27-Jan-2025 21:51:48.030 INFO [main] org.apache.catalina.core.StandardService.startInternal Starting service [Catalina]
27-Jan-2025 21:51:48.031 INFO [main] org.apache.catalina.core.StandardEngine.startInternal Starting Servlet engine: [Apache Tomcat]
27-Jan-2025 21:51:48.041 INFO [main] org.apache.catalina.startup.HostConfig.deployDirectory Deploying web application directory [/usr/local/tomcat/webapps/thredds]
27-Jan-2025 21:51:55.825 INFO [main] org.apache.jasper.servlet.TldScanner.scanJars At least one JAR was scanned for TLDs yet contained no TLDs. Enable debug logging for this logger for a complete list of JARs that were scanned but no TLDs were found in them. Skipping unneeded JARs during scanning can improve startup time and JSP compilation time.
27-Jan-2025 21:52:08.380 WARNING [main] net.openhft.chronicle.core.internal.cleaner.ReflectionBasedByteBufferCleanerService.<clinit> Make sure you have set the command line option "--illegal-access=permit --add-exports java.base/jdk.internal.ref=ALL-UNNAMED" to enable ReflectionBasedByteBufferCleanerService
27-Jan-2025 21:52:10.169 INFO [main] org.apache.catalina.startup.HostConfig.deployDirectory Deployment of web application directory [/usr/local/tomcat/webapps/thredds] has finished in [22,128] ms
27-Jan-2025 21:52:10.174 INFO [main] org.apache.coyote.AbstractProtocol.start Starting ProtocolHandler ["http-nio-8080"]
27-Jan-2025 21:52:10.196 INFO [main] org.apache.catalina.startup.Catalina.start Server startup in [22277] milliseconds
27-Jan-2025 21:55:57.772 INFO [main] org.apache.catalina.startup.VersionLoggerListener.log Server version name:   Apache Tomcat
27-Jan-2025 21:55:57.776 INFO [main] org.apache.catalina.startup.VersionLoggerListener.log Server built:          Jul 2 2024 12:35:51 UTC
27-Jan-2025 21:55:57.777 INFO [main] org.apache.catalina.startup.VersionLoggerListener.log Server version number: 9.0.91.0
27-Jan-2025 21:55:57.779 INFO [main] org.apache.catalina.startup.VersionLoggerListener.log OS Name:               Linux
27-Jan-2025 21:55:57.779 INFO [main] org.apache.catalina.startup.VersionLoggerListener.log OS Version:            6.8.0-1021-aws
27-Jan-2025 21:55:57.780 INFO [main] org.apache.catalina.startup.VersionLoggerListener.log Architecture:          amd64
27-Jan-2025 21:55:57.780 INFO [main] org.apache.catalina.startup.VersionLoggerListener.log Java Home:             /opt/java/openjdk
27-Jan-2025 21:55:57.780 INFO [main] org.apache.catalina.startup.VersionLoggerListener.log JVM Version:           11.0.24+8
27-Jan-2025 21:55:57.780 INFO [main] org.apache.catalina.startup.VersionLoggerListener.log JVM Vendor:            Eclipse Adoptium
27-Jan-2025 21:55:57.780 INFO [main] org.apache.catalina.startup.VersionLoggerListener.log CATALINA_BASE:         /usr/local/tomcat
27-Jan-2025 21:55:57.780 INFO [main] org.apache.catalina.startup.VersionLoggerListener.log CATALINA_HOME:         /usr/local/tomcat
27-Jan-2025 21:55:57.803 INFO [main] org.apache.catalina.startup.VersionLoggerListener.log Command line argument: --add-opens=java.base/java.lang=ALL-UNNAMED
27-Jan-2025 21:55:57.804 INFO [main] org.apache.catalina.startup.VersionLoggerListener.log Command line argument: --add-opens=java.base/java.io=ALL-UNNAMED
27-Jan-2025 21:55:57.804 INFO [main] org.apache.catalina.startup.VersionLoggerListener.log Command line argument: --add-opens=java.base/java.util=ALL-UNNAMED
27-Jan-2025 21:55:57.804 INFO [main] org.apache.catalina.startup.VersionLoggerListener.log Command line argument: --add-opens=java.base/java.util.concurrent=ALL-UNNAMED
27-Jan-2025 21:55:57.805 INFO [main] org.apache.catalina.startup.VersionLoggerListener.log Command line argument: --add-opens=java.rmi/sun.rmi.transport=ALL-UNNAMED
27-Jan-2025 21:55:57.805 INFO [main] org.apache.catalina.startup.VersionLoggerListener.log Command line argument: -Djava.util.logging.config.file=/usr/local/tomcat/conf/logging.properties
27-Jan-2025 21:55:57.806 INFO [main] org.apache.catalina.startup.VersionLoggerListener.log Command line argument: -Djava.util.logging.manager=org.apache.juli.ClassLoaderLogManager
27-Jan-2025 21:55:57.808 INFO [main] org.apache.catalina.startup.VersionLoggerListener.log Command line argument: -Dtds.content.root.path=/usr/local/tomcat/content/
27-Jan-2025 21:55:57.808 INFO [main] org.apache.catalina.startup.VersionLoggerListener.log Command line argument: -Djava.util.prefs.systemRoot=/usr/local/tomcat/javaUtilPrefs
27-Jan-2025 21:55:57.808 INFO [main] org.apache.catalina.startup.VersionLoggerListener.log Command line argument: -Djava.util.prefs.userRoot=/usr/local/tomcat/javaUtilPrefs
27-Jan-2025 21:55:57.809 INFO [main] org.apache.catalina.startup.VersionLoggerListener.log Command line argument: -Xms4G
27-Jan-2025 21:55:57.809 INFO [main] org.apache.catalina.startup.VersionLoggerListener.log Command line argument: -Xmx4G
27-Jan-2025 21:55:57.809 INFO [main] org.apache.catalina.startup.VersionLoggerListener.log Command line argument: -XX:+HeapDumpOnOutOfMemoryError
27-Jan-2025 21:55:57.810 INFO [main] org.apache.catalina.startup.VersionLoggerListener.log Command line argument: -Djava.awt.headless=true
27-Jan-2025 21:55:57.810 INFO [main] org.apache.catalina.startup.VersionLoggerListener.log Command line argument: -Djna.tmpdir=/tmp/
27-Jan-2025 21:55:57.810 INFO [main] org.apache.catalina.startup.VersionLoggerListener.log Command line argument: -Djdk.tls.ephemeralDHKeySize=2048
27-Jan-2025 21:55:57.810 INFO [main] org.apache.catalina.startup.VersionLoggerListener.log Command line argument: -Djava.protocol.handler.pkgs=org.apache.catalina.webresources
27-Jan-2025 21:55:57.811 INFO [main] org.apache.catalina.startup.VersionLoggerListener.log Command line argument: -Dorg.apache.catalina.security.SecurityListener.UMASK=0027
27-Jan-2025 21:55:57.811 INFO [main] org.apache.catalina.startup.VersionLoggerListener.log Command line argument: -Dignore.endorsed.dirs=
27-Jan-2025 21:55:57.811 INFO [main] org.apache.catalina.startup.VersionLoggerListener.log Command line argument: -Dcatalina.base=/usr/local/tomcat
27-Jan-2025 21:55:57.811 INFO [main] org.apache.catalina.startup.VersionLoggerListener.log Command line argument: -Dcatalina.home=/usr/local/tomcat
27-Jan-2025 21:55:57.812 INFO [main] org.apache.catalina.startup.VersionLoggerListener.log Command line argument: -Djava.io.tmpdir=/usr/local/tomcat/temp
27-Jan-2025 21:55:57.817 INFO [main] org.apache.catalina.core.AprLifecycleListener.lifecycleEvent Loaded Apache Tomcat Native library [1.3.0] using APR version [1.7.0].
27-Jan-2025 21:55:57.817 INFO [main] org.apache.catalina.core.AprLifecycleListener.lifecycleEvent APR capabilities: IPv6 [true], sendfile [true], accept filters [false], random [true], UDS [true].
27-Jan-2025 21:55:57.818 INFO [main] org.apache.catalina.core.AprLifecycleListener.lifecycleEvent APR/OpenSSL configuration: useAprConnector [false], useOpenSSL [true]
27-Jan-2025 21:55:57.822 INFO [main] org.apache.catalina.core.AprLifecycleListener.initializeSSL OpenSSL successfully initialized [OpenSSL 3.0.2 15 Mar 2022]
27-Jan-2025 21:55:58.388 INFO [main] org.apache.coyote.AbstractProtocol.init Initializing ProtocolHandler ["http-nio-8080"]
27-Jan-2025 21:55:58.421 INFO [main] org.apache.catalina.startup.Catalina.load Server initialization in [1018] milliseconds
27-Jan-2025 21:55:58.504 INFO [main] org.apache.catalina.core.StandardService.startInternal Starting service [Catalina]
27-Jan-2025 21:55:58.504 INFO [main] org.apache.catalina.core.StandardEngine.startInternal Starting Servlet engine: [Apache Tomcat]
27-Jan-2025 21:55:58.514 INFO [main] org.apache.catalina.startup.HostConfig.deployDirectory Deploying web application directory [/usr/local/tomcat/webapps/thredds]
27-Jan-2025 21:56:05.967 INFO [main] org.apache.jasper.servlet.TldScanner.scanJars At least one JAR was scanned for TLDs yet contained no TLDs. Enable debug logging for this logger for a complete list of JARs that were scanned but no TLDs were found in them. Skipping unneeded JARs during scanning can improve startup time and JSP compilation time.
27-Jan-2025 21:56:18.261 WARNING [main] net.openhft.chronicle.core.internal.cleaner.ReflectionBasedByteBufferCleanerService.<clinit> Make sure you have set the command line option "--illegal-access=permit --add-exports java.base/jdk.internal.ref=ALL-UNNAMED" to enable ReflectionBasedByteBufferCleanerService
27-Jan-2025 21:56:21.902 INFO [main] org.apache.catalina.startup.HostConfig.deployDirectory Deployment of web application directory [/usr/local/tomcat/webapps/thredds] has finished in [23,388] ms
27-Jan-2025 21:56:21.915 INFO [main] org.apache.coyote.AbstractProtocol.start Starting ProtocolHandler ["http-nio-8080"]
27-Jan-2025 21:56:21.974 INFO [main] org.apache.catalina.startup.Catalina.start Server startup in [23552] milliseconds
27-Jan-2025 22:08:11.846 INFO [main] org.apache.catalina.startup.VersionLoggerListener.log Server version name:   Apache Tomcat
27-Jan-2025 22:08:11.851 INFO [main] org.apache.catalina.startup.VersionLoggerListener.log Server built:          Jul 2 2024 12:35:51 UTC
27-Jan-2025 22:08:11.855 INFO [main] org.apache.catalina.startup.VersionLoggerListener.log Server version number: 9.0.91.0
27-Jan-2025 22:08:11.855 INFO [main] org.apache.catalina.startup.VersionLoggerListener.log OS Name:               Linux
27-Jan-2025 22:08:11.855 INFO [main] org.apache.catalina.startup.VersionLoggerListener.log OS Version:            6.8.0-1021-aws
27-Jan-2025 22:08:11.856 INFO [main] org.apache.catalina.startup.VersionLoggerListener.log Architecture:          amd64
27-Jan-2025 22:08:11.856 INFO [main] org.apache.catalina.startup.VersionLoggerListener.log Java Home:             /opt/java/openjdk
27-Jan-2025 22:08:11.856 INFO [main] org.apache.catalina.startup.VersionLoggerListener.log JVM Version:           11.0.24+8
27-Jan-2025 22:08:11.856 INFO [main] org.apache.catalina.startup.VersionLoggerListener.log JVM Vendor:            Eclipse Adoptium
27-Jan-2025 22:08:11.856 INFO [main] org.apache.catalina.startup.VersionLoggerListener.log CATALINA_BASE:         /usr/local/tomcat
27-Jan-2025 22:08:11.856 INFO [main] org.apache.catalina.startup.VersionLoggerListener.log CATALINA_HOME:         /usr/local/tomcat
27-Jan-2025 22:08:11.877 INFO [main] org.apache.catalina.startup.VersionLoggerListener.log Command line argument: --add-opens=java.base/java.lang=ALL-UNNAMED
27-Jan-2025 22:08:11.877 INFO [main] org.apache.catalina.startup.VersionLoggerListener.log Command line argument: --add-opens=java.base/java.io=ALL-UNNAMED
27-Jan-2025 22:08:11.877 INFO [main] org.apache.catalina.startup.VersionLoggerListener.log Command line argument: --add-opens=java.base/java.util=ALL-UNNAMED
27-Jan-2025 22:08:11.877 INFO [main] org.apache.catalina.startup.VersionLoggerListener.log Command line argument: --add-opens=java.base/java.util.concurrent=ALL-UNNAMED
27-Jan-2025 22:08:11.877 INFO [main] org.apache.catalina.startup.VersionLoggerListener.log Command line argument: --add-opens=java.rmi/sun.rmi.transport=ALL-UNNAMED
27-Jan-2025 22:08:11.877 INFO [main] org.apache.catalina.startup.VersionLoggerListener.log Command line argument: -Djava.util.logging.config.file=/usr/local/tomcat/conf/logging.properties
27-Jan-2025 22:08:11.879 INFO [main] org.apache.catalina.startup.VersionLoggerListener.log Command line argument: -Djava.util.logging.manager=org.apache.juli.ClassLoaderLogManager
27-Jan-2025 22:08:11.879 INFO [main] org.apache.catalina.startup.VersionLoggerListener.log Command line argument: -Dtds.content.root.path=/usr/local/tomcat/content/
27-Jan-2025 22:08:11.880 INFO [main] org.apache.catalina.startup.VersionLoggerListener.log Command line argument: -Djava.util.prefs.systemRoot=/usr/local/tomcat/javaUtilPrefs
27-Jan-2025 22:08:11.880 INFO [main] org.apache.catalina.startup.VersionLoggerListener.log Command line argument: -Djava.util.prefs.userRoot=/usr/local/tomcat/javaUtilPrefs
27-Jan-2025 22:08:11.880 INFO [main] org.apache.catalina.startup.VersionLoggerListener.log Command line argument: -Xms4G
27-Jan-2025 22:08:11.880 INFO [main] org.apache.catalina.startup.VersionLoggerListener.log Command line argument: -Xmx4G
27-Jan-2025 22:08:11.880 INFO [main] org.apache.catalina.startup.VersionLoggerListener.log Command line argument: -XX:+HeapDumpOnOutOfMemoryError
27-Jan-2025 22:08:11.880 INFO [main] org.apache.catalina.startup.VersionLoggerListener.log Command line argument: -Djava.awt.headless=true
27-Jan-2025 22:08:11.881 INFO [main] org.apache.catalina.startup.VersionLoggerListener.log Command line argument: -Djna.tmpdir=/tmp/
27-Jan-2025 22:08:11.881 INFO [main] org.apache.catalina.startup.VersionLoggerListener.log Command line argument: -Djdk.tls.ephemeralDHKeySize=2048
27-Jan-2025 22:08:11.881 INFO [main] org.apache.catalina.startup.VersionLoggerListener.log Command line argument: -Djava.protocol.handler.pkgs=org.apache.catalina.webresources
27-Jan-2025 22:08:11.881 INFO [main] org.apache.catalina.startup.VersionLoggerListener.log Command line argument: -Dorg.apache.catalina.security.SecurityListener.UMASK=0027
27-Jan-2025 22:08:11.881 INFO [main] org.apache.catalina.startup.VersionLoggerListener.log Command line argument: -Dignore.endorsed.dirs=
27-Jan-2025 22:08:11.881 INFO [main] org.apache.catalina.startup.VersionLoggerListener.log Command line argument: -Dcatalina.base=/usr/local/tomcat
27-Jan-2025 22:08:11.881 INFO [main] org.apache.catalina.startup.VersionLoggerListener.log Command line argument: -Dcatalina.home=/usr/local/tomcat
27-Jan-2025 22:08:11.883 INFO [main] org.apache.catalina.startup.VersionLoggerListener.log Command line argument: -Djava.io.tmpdir=/usr/local/tomcat/temp
27-Jan-2025 22:08:11.889 INFO [main] org.apache.catalina.core.AprLifecycleListener.lifecycleEvent Loaded Apache Tomcat Native library [1.3.0] using APR version [1.7.0].
27-Jan-2025 22:08:11.889 INFO [main] org.apache.catalina.core.AprLifecycleListener.lifecycleEvent APR capabilities: IPv6 [true], sendfile [true], accept filters [false], random [true], UDS [true].
27-Jan-2025 22:08:11.889 INFO [main] org.apache.catalina.core.AprLifecycleListener.lifecycleEvent APR/OpenSSL configuration: useAprConnector [false], useOpenSSL [true]
27-Jan-2025 22:08:11.895 INFO [main] org.apache.catalina.core.AprLifecycleListener.initializeSSL OpenSSL successfully initialized [OpenSSL 3.0.2 15 Mar 2022]
27-Jan-2025 22:08:12.320 INFO [main] org.apache.coyote.AbstractProtocol.init Initializing ProtocolHandler ["http-nio-8080"]
27-Jan-2025 22:08:12.354 INFO [main] org.apache.catalina.startup.Catalina.load Server initialization in [811] milliseconds
27-Jan-2025 22:08:12.454 INFO [main] org.apache.catalina.core.StandardService.startInternal Starting service [Catalina]
27-Jan-2025 22:08:12.455 INFO [main] org.apache.catalina.core.StandardEngine.startInternal Starting Servlet engine: [Apache Tomcat]
27-Jan-2025 22:08:12.465 INFO [main] org.apache.catalina.startup.HostConfig.deployDirectory Deploying web application directory [/usr/local/tomcat/webapps/thredds]
27-Jan-2025 22:08:19.073 INFO [main] org.apache.jasper.servlet.TldScanner.scanJars At least one JAR was scanned for TLDs yet contained no TLDs. Enable debug logging for this logger for a complete list of JARs that were scanned but no TLDs were found in them. Skipping unneeded JARs during scanning can improve startup time and JSP compilation time.
27-Jan-2025 22:08:31.232 WARNING [main] net.openhft.chronicle.core.internal.cleaner.ReflectionBasedByteBufferCleanerService.<clinit> Make sure you have set the command line option "--illegal-access=permit --add-exports java.base/jdk.internal.ref=ALL-UNNAMED" to enable ReflectionBasedByteBufferCleanerService
27-Jan-2025 22:08:34.049 INFO [main] org.apache.catalina.startup.HostConfig.deployDirectory Deployment of web application directory [/usr/local/tomcat/webapps/thredds] has finished in [21,583] ms
27-Jan-2025 22:08:34.063 INFO [main] org.apache.coyote.AbstractProtocol.start Starting ProtocolHandler ["http-nio-8080"]
27-Jan-2025 22:08:34.105 INFO [main] org.apache.catalina.startup.Catalina.start Server startup in [21749] milliseconds
27-Jan-2025 22:09:44.467 INFO [main] org.apache.catalina.startup.VersionLoggerListener.log Server version name:   Apache Tomcat
27-Jan-2025 22:09:44.476 INFO [main] org.apache.catalina.startup.VersionLoggerListener.log Server built:          Jul 2 2024 12:35:51 UTC
27-Jan-2025 22:09:44.477 INFO [main] org.apache.catalina.startup.VersionLoggerListener.log Server version number: 9.0.91.0
27-Jan-2025 22:09:44.478 INFO [main] org.apache.catalina.startup.VersionLoggerListener.log OS Name:               Linux
27-Jan-2025 22:09:44.478 INFO [main] org.apache.catalina.startup.VersionLoggerListener.log OS Version:            6.8.0-1021-aws
27-Jan-2025 22:09:44.479 INFO [main] org.apache.catalina.startup.VersionLoggerListener.log Architecture:          amd64
27-Jan-2025 22:09:44.481 INFO [main] org.apache.catalina.startup.VersionLoggerListener.log Java Home:             /opt/java/openjdk
27-Jan-2025 22:09:44.482 INFO [main] org.apache.catalina.startup.VersionLoggerListener.log JVM Version:           11.0.24+8
27-Jan-2025 22:09:44.482 INFO [main] org.apache.catalina.startup.VersionLoggerListener.log JVM Vendor:            Eclipse Adoptium
27-Jan-2025 22:09:44.482 INFO [main] org.apache.catalina.startup.VersionLoggerListener.log CATALINA_BASE:         /usr/local/tomcat
27-Jan-2025 22:09:44.482 INFO [main] org.apache.catalina.startup.VersionLoggerListener.log CATALINA_HOME:         /usr/local/tomcat
27-Jan-2025 22:09:44.521 INFO [main] org.apache.catalina.startup.VersionLoggerListener.log Command line argument: --add-opens=java.base/java.lang=ALL-UNNAMED
27-Jan-2025 22:09:44.524 INFO [main] org.apache.catalina.startup.VersionLoggerListener.log Command line argument: --add-opens=java.base/java.io=ALL-UNNAMED
27-Jan-2025 22:09:44.524 INFO [main] org.apache.catalina.startup.VersionLoggerListener.log Command line argument: --add-opens=java.base/java.util=ALL-UNNAMED
27-Jan-2025 22:09:44.524 INFO [main] org.apache.catalina.startup.VersionLoggerListener.log Command line argument: --add-opens=java.base/java.util.concurrent=ALL-UNNAMED
27-Jan-2025 22:09:44.525 INFO [main] org.apache.catalina.startup.VersionLoggerListener.log Command line argument: --add-opens=java.rmi/sun.rmi.transport=ALL-UNNAMED
27-Jan-2025 22:09:44.525 INFO [main] org.apache.catalina.startup.VersionLoggerListener.log Command line argument: -Djava.util.logging.config.file=/usr/local/tomcat/conf/logging.properties
27-Jan-2025 22:09:44.525 INFO [main] org.apache.catalina.startup.VersionLoggerListener.log Command line argument: -Djava.util.logging.manager=org.apache.juli.ClassLoaderLogManager
27-Jan-2025 22:09:44.525 INFO [main] org.apache.catalina.startup.VersionLoggerListener.log Command line argument: -Dtds.content.root.path=/usr/local/tomcat/content/
27-Jan-2025 22:09:44.526 INFO [main] org.apache.catalina.startup.VersionLoggerListener.log Command line argument: -Djava.util.prefs.systemRoot=/usr/local/tomcat/javaUtilPrefs
27-Jan-2025 22:09:44.526 INFO [main] org.apache.catalina.startup.VersionLoggerListener.log Command line argument: -Djava.util.prefs.userRoot=/usr/local/tomcat/javaUtilPrefs
27-Jan-2025 22:09:44.526 INFO [main] org.apache.catalina.startup.VersionLoggerListener.log Command line argument: -Xms4G
27-Jan-2025 22:09:44.527 INFO [main] org.apache.catalina.startup.VersionLoggerListener.log Command line argument: -Xmx4G
27-Jan-2025 22:09:44.528 INFO [main] org.apache.catalina.startup.VersionLoggerListener.log Command line argument: -XX:+HeapDumpOnOutOfMemoryError
27-Jan-2025 22:09:44.530 INFO [main] org.apache.catalina.startup.VersionLoggerListener.log Command line argument: -Djava.awt.headless=true
27-Jan-2025 22:09:44.530 INFO [main] org.apache.catalina.startup.VersionLoggerListener.log Command line argument: -Djna.tmpdir=/tmp/
27-Jan-2025 22:09:44.530 INFO [main] org.apache.catalina.startup.VersionLoggerListener.log Command line argument: -Djdk.tls.ephemeralDHKeySize=2048
27-Jan-2025 22:09:44.531 INFO [main] org.apache.catalina.startup.VersionLoggerListener.log Command line argument: -Djava.protocol.handler.pkgs=org.apache.catalina.webresources
27-Jan-2025 22:09:44.532 INFO [main] org.apache.catalina.startup.VersionLoggerListener.log Command line argument: -Dorg.apache.catalina.security.SecurityListener.UMASK=0027
27-Jan-2025 22:09:44.532 INFO [main] org.apache.catalina.startup.VersionLoggerListener.log Command line argument: -Dignore.endorsed.dirs=
27-Jan-2025 22:09:44.533 INFO [main] org.apache.catalina.startup.VersionLoggerListener.log Command line argument: -Dcatalina.base=/usr/local/tomcat
27-Jan-2025 22:09:44.533 INFO [main] org.apache.catalina.startup.VersionLoggerListener.log Command line argument: -Dcatalina.home=/usr/local/tomcat
27-Jan-2025 22:09:44.533 INFO [main] org.apache.catalina.startup.VersionLoggerListener.log Command line argument: -Djava.io.tmpdir=/usr/local/tomcat/temp
27-Jan-2025 22:09:44.539 INFO [main] org.apache.catalina.core.AprLifecycleListener.lifecycleEvent Loaded Apache Tomcat Native library [1.3.0] using APR version [1.7.0].
27-Jan-2025 22:09:44.539 INFO [main] org.apache.catalina.core.AprLifecycleListener.lifecycleEvent APR capabilities: IPv6 [true], sendfile [true], accept filters [false], random [true], UDS [true].
27-Jan-2025 22:09:44.539 INFO [main] org.apache.catalina.core.AprLifecycleListener.lifecycleEvent APR/OpenSSL configuration: useAprConnector [false], useOpenSSL [true]
27-Jan-2025 22:09:44.546 INFO [main] org.apache.catalina.core.AprLifecycleListener.initializeSSL OpenSSL successfully initialized [OpenSSL 3.0.2 15 Mar 2022]
27-Jan-2025 22:09:45.108 INFO [main] org.apache.coyote.AbstractProtocol.init Initializing ProtocolHandler ["http-nio-8080"]
27-Jan-2025 22:09:45.168 INFO [main] org.apache.catalina.startup.Catalina.load Server initialization in [1054] milliseconds
27-Jan-2025 22:09:45.279 INFO [main] org.apache.catalina.core.StandardService.startInternal Starting service [Catalina]
27-Jan-2025 22:09:45.280 INFO [main] org.apache.catalina.core.StandardEngine.startInternal Starting Servlet engine: [Apache Tomcat]
27-Jan-2025 22:09:45.292 INFO [main] org.apache.catalina.startup.HostConfig.deployDirectory Deploying web application directory [/usr/local/tomcat/webapps/thredds]
27-Jan-2025 22:09:51.308 INFO [main] org.apache.jasper.servlet.TldScanner.scanJars At least one JAR was scanned for TLDs yet contained no TLDs. Enable debug logging for this logger for a complete list of JARs that were scanned but no TLDs were found in them. Skipping unneeded JARs during scanning can improve startup time and JSP compilation time.
27-Jan-2025 22:10:02.656 WARNING [main] net.openhft.chronicle.core.internal.cleaner.ReflectionBasedByteBufferCleanerService.<clinit> Make sure you have set the command line option "--illegal-access=permit --add-exports java.base/jdk.internal.ref=ALL-UNNAMED" to enable ReflectionBasedByteBufferCleanerService
27-Jan-2025 22:10:05.175 INFO [main] org.apache.catalina.startup.HostConfig.deployDirectory Deployment of web application directory [/usr/local/tomcat/webapps/thredds] has finished in [19,882] ms
27-Jan-2025 22:10:05.186 INFO [main] org.apache.coyote.AbstractProtocol.start Starting ProtocolHandler ["http-nio-8080"]
27-Jan-2025 22:10:05.362 INFO [main] org.apache.catalina.startup.Catalina.start Server startup in [20193] milliseconds
27-Jan-2025 22:12:35.825 INFO [main] org.apache.catalina.startup.VersionLoggerListener.log Server version name:   Apache Tomcat
27-Jan-2025 22:12:35.829 INFO [main] org.apache.catalina.startup.VersionLoggerListener.log Server built:          Jul 2 2024 12:35:51 UTC
27-Jan-2025 22:12:35.830 INFO [main] org.apache.catalina.startup.VersionLoggerListener.log Server version number: 9.0.91.0
27-Jan-2025 22:12:35.830 INFO [main] org.apache.catalina.startup.VersionLoggerListener.log OS Name:               Linux
27-Jan-2025 22:12:35.830 INFO [main] org.apache.catalina.startup.VersionLoggerListener.log OS Version:            6.8.0-1021-aws
27-Jan-2025 22:12:35.831 INFO [main] org.apache.catalina.startup.VersionLoggerListener.log Architecture:          amd64
27-Jan-2025 22:12:35.831 INFO [main] org.apache.catalina.startup.VersionLoggerListener.log Java Home:             /opt/java/openjdk
27-Jan-2025 22:12:35.831 INFO [main] org.apache.catalina.startup.VersionLoggerListener.log JVM Version:           11.0.24+8
27-Jan-2025 22:12:35.831 INFO [main] org.apache.catalina.startup.VersionLoggerListener.log JVM Vendor:            Eclipse Adoptium
27-Jan-2025 22:12:35.831 INFO [main] org.apache.catalina.startup.VersionLoggerListener.log CATALINA_BASE:         /usr/local/tomcat
27-Jan-2025 22:12:35.832 INFO [main] org.apache.catalina.startup.VersionLoggerListener.log CATALINA_HOME:         /usr/local/tomcat
27-Jan-2025 22:12:35.853 INFO [main] org.apache.catalina.startup.VersionLoggerListener.log Command line argument: --add-opens=java.base/java.lang=ALL-UNNAMED
27-Jan-2025 22:12:35.855 INFO [main] org.apache.catalina.startup.VersionLoggerListener.log Command line argument: --add-opens=java.base/java.io=ALL-UNNAMED
27-Jan-2025 22:12:35.855 INFO [main] org.apache.catalina.startup.VersionLoggerListener.log Command line argument: --add-opens=java.base/java.util=ALL-UNNAMED
27-Jan-2025 22:12:35.856 INFO [main] org.apache.catalina.startup.VersionLoggerListener.log Command line argument: --add-opens=java.base/java.util.concurrent=ALL-UNNAMED
27-Jan-2025 22:12:35.859 INFO [main] org.apache.catalina.startup.VersionLoggerListener.log Command line argument: --add-opens=java.rmi/sun.rmi.transport=ALL-UNNAMED
27-Jan-2025 22:12:35.859 INFO [main] org.apache.catalina.startup.VersionLoggerListener.log Command line argument: -Djava.util.logging.config.file=/usr/local/tomcat/conf/logging.properties
27-Jan-2025 22:12:35.859 INFO [main] org.apache.catalina.startup.VersionLoggerListener.log Command line argument: -Djava.util.logging.manager=org.apache.juli.ClassLoaderLogManager
27-Jan-2025 22:12:35.859 INFO [main] org.apache.catalina.startup.VersionLoggerListener.log Command line argument: -Dtds.content.root.path=/usr/local/tomcat/content/
27-Jan-2025 22:12:35.860 INFO [main] org.apache.catalina.startup.VersionLoggerListener.log Command line argument: -Djava.util.prefs.systemRoot=/usr/local/tomcat/javaUtilPrefs
27-Jan-2025 22:12:35.860 INFO [main] org.apache.catalina.startup.VersionLoggerListener.log Command line argument: -Djava.util.prefs.userRoot=/usr/local/tomcat/javaUtilPrefs
27-Jan-2025 22:12:35.860 INFO [main] org.apache.catalina.startup.VersionLoggerListener.log Command line argument: -Xms4G
27-Jan-2025 22:12:35.860 INFO [main] org.apache.catalina.startup.VersionLoggerListener.log Command line argument: -Xmx4G
27-Jan-2025 22:12:35.860 INFO [main] org.apache.catalina.startup.VersionLoggerListener.log Command line argument: -XX:+HeapDumpOnOutOfMemoryError
27-Jan-2025 22:12:35.861 INFO [main] org.apache.catalina.startup.VersionLoggerListener.log Command line argument: -Djava.awt.headless=true
27-Jan-2025 22:12:35.861 INFO [main] org.apache.catalina.startup.VersionLoggerListener.log Command line argument: -Djna.tmpdir=/tmp/
27-Jan-2025 22:12:35.861 INFO [main] org.apache.catalina.startup.VersionLoggerListener.log Command line argument: -Djdk.tls.ephemeralDHKeySize=2048
27-Jan-2025 22:12:35.861 INFO [main] org.apache.catalina.startup.VersionLoggerListener.log Command line argument: -Djava.protocol.handler.pkgs=org.apache.catalina.webresources
27-Jan-2025 22:12:35.862 INFO [main] org.apache.catalina.startup.VersionLoggerListener.log Command line argument: -Dorg.apache.catalina.security.SecurityListener.UMASK=0027
27-Jan-2025 22:12:35.862 INFO [main] org.apache.catalina.startup.VersionLoggerListener.log Command line argument: -Dignore.endorsed.dirs=
27-Jan-2025 22:12:35.864 INFO [main] org.apache.catalina.startup.VersionLoggerListener.log Command line argument: -Dcatalina.base=/usr/local/tomcat
27-Jan-2025 22:12:35.864 INFO [main] org.apache.catalina.startup.VersionLoggerListener.log Command line argument: -Dcatalina.home=/usr/local/tomcat
27-Jan-2025 22:12:35.864 INFO [main] org.apache.catalina.startup.VersionLoggerListener.log Command line argument: -Djava.io.tmpdir=/usr/local/tomcat/temp
27-Jan-2025 22:12:35.873 INFO [main] org.apache.catalina.core.AprLifecycleListener.lifecycleEvent Loaded Apache Tomcat Native library [1.3.0] using APR version [1.7.0].
27-Jan-2025 22:12:35.873 INFO [main] org.apache.catalina.core.AprLifecycleListener.lifecycleEvent APR capabilities: IPv6 [true], sendfile [true], accept filters [false], random [true], UDS [true].
27-Jan-2025 22:12:35.873 INFO [main] org.apache.catalina.core.AprLifecycleListener.lifecycleEvent APR/OpenSSL configuration: useAprConnector [false], useOpenSSL [true]
27-Jan-2025 22:12:35.879 INFO [main] org.apache.catalina.core.AprLifecycleListener.initializeSSL OpenSSL successfully initialized [OpenSSL 3.0.2 15 Mar 2022]
27-Jan-2025 22:12:36.420 INFO [main] org.apache.coyote.AbstractProtocol.init Initializing ProtocolHandler ["http-nio-8080"]
27-Jan-2025 22:12:36.479 INFO [main] org.apache.catalina.startup.Catalina.load Server initialization in [980] milliseconds
27-Jan-2025 22:12:36.584 INFO [main] org.apache.catalina.core.StandardService.startInternal Starting service [Catalina]
27-Jan-2025 22:12:36.587 INFO [main] org.apache.catalina.core.StandardEngine.startInternal Starting Servlet engine: [Apache Tomcat]
27-Jan-2025 22:12:36.608 INFO [main] org.apache.catalina.startup.HostConfig.deployDirectory Deploying web application directory [/usr/local/tomcat/webapps/thredds]
27-Jan-2025 22:12:44.619 INFO [main] org.apache.jasper.servlet.TldScanner.scanJars At least one JAR was scanned for TLDs yet contained no TLDs. Enable debug logging for this logger for a complete list of JARs that were scanned but no TLDs were found in them. Skipping unneeded JARs during scanning can improve startup time and JSP compilation time.
27-Jan-2025 22:12:57.772 WARNING [main] net.openhft.chronicle.core.internal.cleaner.ReflectionBasedByteBufferCleanerService.<clinit> Make sure you have set the command line option "--illegal-access=permit --add-exports java.base/jdk.internal.ref=ALL-UNNAMED" to enable ReflectionBasedByteBufferCleanerService
27-Jan-2025 22:12:59.680 INFO [main] org.apache.catalina.startup.HostConfig.deployDirectory Deployment of web application directory [/usr/local/tomcat/webapps/thredds] has finished in [23,072] ms
27-Jan-2025 22:12:59.686 INFO [main] org.apache.coyote.AbstractProtocol.start Starting ProtocolHandler ["http-nio-8080"]
27-Jan-2025 22:12:59.732 INFO [main] org.apache.catalina.startup.Catalina.start Server startup in [23249] milliseconds
