21-Dec-2024 22:31:25.643 INFO [main] org.apache.catalina.startup.VersionLoggerListener.log Server version name:   Apache Tomcat
21-Dec-2024 22:31:25.646 INFO [main] org.apache.catalina.startup.VersionLoggerListener.log Server built:          Jul 2 2024 12:35:51 UTC
21-Dec-2024 22:31:25.647 INFO [main] org.apache.catalina.startup.VersionLoggerListener.log Server version number: 9.0.91.0
21-Dec-2024 22:31:25.647 INFO [main] org.apache.catalina.startup.VersionLoggerListener.log OS Name:               Linux
21-Dec-2024 22:31:25.647 INFO [main] org.apache.catalina.startup.VersionLoggerListener.log OS Version:            6.8.0-1014-aws
21-Dec-2024 22:31:25.648 INFO [main] org.apache.catalina.startup.VersionLoggerListener.log Architecture:          amd64
21-Dec-2024 22:31:25.648 INFO [main] org.apache.catalina.startup.VersionLoggerListener.log Java Home:             /opt/java/openjdk
21-Dec-2024 22:31:25.648 INFO [main] org.apache.catalina.startup.VersionLoggerListener.log JVM Version:           11.0.24+8
21-Dec-2024 22:31:25.648 INFO [main] org.apache.catalina.startup.VersionLoggerListener.log JVM Vendor:            Eclipse Adoptium
21-Dec-2024 22:31:25.649 INFO [main] org.apache.catalina.startup.VersionLoggerListener.log CATALINA_BASE:         /usr/local/tomcat
21-Dec-2024 22:31:25.649 INFO [main] org.apache.catalina.startup.VersionLoggerListener.log CATALINA_HOME:         /usr/local/tomcat
21-Dec-2024 22:31:25.676 INFO [main] org.apache.catalina.startup.VersionLoggerListener.log Command line argument: --add-opens=java.base/java.lang=ALL-UNNAMED
21-Dec-2024 22:31:25.677 INFO [main] org.apache.catalina.startup.VersionLoggerListener.log Command line argument: --add-opens=java.base/java.io=ALL-UNNAMED
21-Dec-2024 22:31:25.677 INFO [main] org.apache.catalina.startup.VersionLoggerListener.log Command line argument: --add-opens=java.base/java.util=ALL-UNNAMED
21-Dec-2024 22:31:25.677 INFO [main] org.apache.catalina.startup.VersionLoggerListener.log Command line argument: --add-opens=java.base/java.util.concurrent=ALL-UNNAMED
21-Dec-2024 22:31:25.677 INFO [main] org.apache.catalina.startup.VersionLoggerListener.log Command line argument: --add-opens=java.rmi/sun.rmi.transport=ALL-UNNAMED
21-Dec-2024 22:31:25.677 INFO [main] org.apache.catalina.startup.VersionLoggerListener.log Command line argument: -Djava.util.logging.config.file=/usr/local/tomcat/conf/logging.properties
21-Dec-2024 22:31:25.677 INFO [main] org.apache.catalina.startup.VersionLoggerListener.log Command line argument: -Djava.util.logging.manager=org.apache.juli.ClassLoaderLogManager
21-Dec-2024 22:31:25.678 INFO [main] org.apache.catalina.startup.VersionLoggerListener.log Command line argument: -Dtds.content.root.path=/usr/local/tomcat/content/
21-Dec-2024 22:31:25.678 INFO [main] org.apache.catalina.startup.VersionLoggerListener.log Command line argument: -Djava.util.prefs.systemRoot=/usr/local/tomcat/javaUtilPrefs
21-Dec-2024 22:31:25.678 INFO [main] org.apache.catalina.startup.VersionLoggerListener.log Command line argument: -Djava.util.prefs.userRoot=/usr/local/tomcat/javaUtilPrefs
21-Dec-2024 22:31:25.679 INFO [main] org.apache.catalina.startup.VersionLoggerListener.log Command line argument: -Xms4G
21-Dec-2024 22:31:25.679 INFO [main] org.apache.catalina.startup.VersionLoggerListener.log Command line argument: -Xmx4G
21-Dec-2024 22:31:25.679 INFO [main] org.apache.catalina.startup.VersionLoggerListener.log Command line argument: -XX:+HeapDumpOnOutOfMemoryError
21-Dec-2024 22:31:25.679 INFO [main] org.apache.catalina.startup.VersionLoggerListener.log Command line argument: -Djava.awt.headless=true
21-Dec-2024 22:31:25.679 INFO [main] org.apache.catalina.startup.VersionLoggerListener.log Command line argument: -Djna.tmpdir=/tmp/
21-Dec-2024 22:31:25.679 INFO [main] org.apache.catalina.startup.VersionLoggerListener.log Command line argument: -Djdk.tls.ephemeralDHKeySize=2048
21-Dec-2024 22:31:25.679 INFO [main] org.apache.catalina.startup.VersionLoggerListener.log Command line argument: -Djava.protocol.handler.pkgs=org.apache.catalina.webresources
21-Dec-2024 22:31:25.680 INFO [main] org.apache.catalina.startup.VersionLoggerListener.log Command line argument: -Dorg.apache.catalina.security.SecurityListener.UMASK=0027
21-Dec-2024 22:31:25.680 INFO [main] org.apache.catalina.startup.VersionLoggerListener.log Command line argument: -Dignore.endorsed.dirs=
21-Dec-2024 22:31:25.680 INFO [main] org.apache.catalina.startup.VersionLoggerListener.log Command line argument: -Dcatalina.base=/usr/local/tomcat
21-Dec-2024 22:31:25.680 INFO [main] org.apache.catalina.startup.VersionLoggerListener.log Command line argument: -Dcatalina.home=/usr/local/tomcat
21-Dec-2024 22:31:25.680 INFO [main] org.apache.catalina.startup.VersionLoggerListener.log Command line argument: -Djava.io.tmpdir=/usr/local/tomcat/temp
21-Dec-2024 22:31:25.688 INFO [main] org.apache.catalina.core.AprLifecycleListener.lifecycleEvent Loaded Apache Tomcat Native library [1.3.0] using APR version [1.7.0].
21-Dec-2024 22:31:25.688 INFO [main] org.apache.catalina.core.AprLifecycleListener.lifecycleEvent APR capabilities: IPv6 [true], sendfile [true], accept filters [false], random [true], UDS [true].
21-Dec-2024 22:31:25.688 INFO [main] org.apache.catalina.core.AprLifecycleListener.lifecycleEvent APR/OpenSSL configuration: useAprConnector [false], useOpenSSL [true]
21-Dec-2024 22:31:25.697 INFO [main] org.apache.catalina.core.AprLifecycleListener.initializeSSL OpenSSL successfully initialized [OpenSSL 3.0.2 15 Mar 2022]
21-Dec-2024 22:31:26.150 INFO [main] org.apache.coyote.AbstractProtocol.init Initializing ProtocolHandler ["http-nio-8080"]
21-Dec-2024 22:31:26.201 INFO [main] org.apache.catalina.startup.Catalina.load Server initialization in [936] milliseconds
21-Dec-2024 22:31:26.292 INFO [main] org.apache.catalina.core.StandardService.startInternal Starting service [Catalina]
21-Dec-2024 22:31:26.292 INFO [main] org.apache.catalina.core.StandardEngine.startInternal Starting Servlet engine: [Apache Tomcat]
21-Dec-2024 22:31:26.301 INFO [main] org.apache.catalina.startup.HostConfig.deployDirectory Deploying web application directory [/usr/local/tomcat/webapps/thredds]
21-Dec-2024 22:31:31.271 INFO [main] org.apache.jasper.servlet.TldScanner.scanJars At least one JAR was scanned for TLDs yet contained no TLDs. Enable debug logging for this logger for a complete list of JARs that were scanned but no TLDs were found in them. Skipping unneeded JARs during scanning can improve startup time and JSP compilation time.
21-Dec-2024 22:31:39.700 WARNING [main] net.openhft.chronicle.core.internal.cleaner.ReflectionBasedByteBufferCleanerService.<clinit> Make sure you have set the command line option "--illegal-access=permit --add-exports java.base/jdk.internal.ref=ALL-UNNAMED" to enable ReflectionBasedByteBufferCleanerService
21-Dec-2024 22:31:42.104 INFO [main] org.apache.catalina.startup.HostConfig.deployDirectory Deployment of web application directory [/usr/local/tomcat/webapps/thredds] has finished in [15,803] ms
21-Dec-2024 22:31:42.109 INFO [main] org.apache.coyote.AbstractProtocol.start Starting ProtocolHandler ["http-nio-8080"]
21-Dec-2024 22:31:42.125 INFO [main] org.apache.catalina.startup.Catalina.start Server startup in [15924] milliseconds
21-Dec-2024 22:42:39.307 INFO [main] org.apache.catalina.startup.VersionLoggerListener.log Server version name:   Apache Tomcat
21-Dec-2024 22:42:39.313 INFO [main] org.apache.catalina.startup.VersionLoggerListener.log Server built:          Jul 2 2024 12:35:51 UTC
21-Dec-2024 22:42:39.313 INFO [main] org.apache.catalina.startup.VersionLoggerListener.log Server version number: 9.0.91.0
21-Dec-2024 22:42:39.313 INFO [main] org.apache.catalina.startup.VersionLoggerListener.log OS Name:               Linux
21-Dec-2024 22:42:39.313 INFO [main] org.apache.catalina.startup.VersionLoggerListener.log OS Version:            6.8.0-1014-aws
21-Dec-2024 22:42:39.313 INFO [main] org.apache.catalina.startup.VersionLoggerListener.log Architecture:          amd64
21-Dec-2024 22:42:39.313 INFO [main] org.apache.catalina.startup.VersionLoggerListener.log Java Home:             /opt/java/openjdk
21-Dec-2024 22:42:39.314 INFO [main] org.apache.catalina.startup.VersionLoggerListener.log JVM Version:           11.0.24+8
21-Dec-2024 22:42:39.314 INFO [main] org.apache.catalina.startup.VersionLoggerListener.log JVM Vendor:            Eclipse Adoptium
21-Dec-2024 22:42:39.314 INFO [main] org.apache.catalina.startup.VersionLoggerListener.log CATALINA_BASE:         /usr/local/tomcat
21-Dec-2024 22:42:39.316 INFO [main] org.apache.catalina.startup.VersionLoggerListener.log CATALINA_HOME:         /usr/local/tomcat
21-Dec-2024 22:42:39.334 INFO [main] org.apache.catalina.startup.VersionLoggerListener.log Command line argument: --add-opens=java.base/java.lang=ALL-UNNAMED
21-Dec-2024 22:42:39.334 INFO [main] org.apache.catalina.startup.VersionLoggerListener.log Command line argument: --add-opens=java.base/java.io=ALL-UNNAMED
21-Dec-2024 22:42:39.334 INFO [main] org.apache.catalina.startup.VersionLoggerListener.log Command line argument: --add-opens=java.base/java.util=ALL-UNNAMED
21-Dec-2024 22:42:39.334 INFO [main] org.apache.catalina.startup.VersionLoggerListener.log Command line argument: --add-opens=java.base/java.util.concurrent=ALL-UNNAMED
21-Dec-2024 22:42:39.334 INFO [main] org.apache.catalina.startup.VersionLoggerListener.log Command line argument: --add-opens=java.rmi/sun.rmi.transport=ALL-UNNAMED
21-Dec-2024 22:42:39.335 INFO [main] org.apache.catalina.startup.VersionLoggerListener.log Command line argument: -Djava.util.logging.config.file=/usr/local/tomcat/conf/logging.properties
21-Dec-2024 22:42:39.335 INFO [main] org.apache.catalina.startup.VersionLoggerListener.log Command line argument: -Djava.util.logging.manager=org.apache.juli.ClassLoaderLogManager
21-Dec-2024 22:42:39.335 INFO [main] org.apache.catalina.startup.VersionLoggerListener.log Command line argument: -Dtds.content.root.path=/usr/local/tomcat/content/
21-Dec-2024 22:42:39.335 INFO [main] org.apache.catalina.startup.VersionLoggerListener.log Command line argument: -Djava.util.prefs.systemRoot=/usr/local/tomcat/javaUtilPrefs
21-Dec-2024 22:42:39.335 INFO [main] org.apache.catalina.startup.VersionLoggerListener.log Command line argument: -Djava.util.prefs.userRoot=/usr/local/tomcat/javaUtilPrefs
21-Dec-2024 22:42:39.335 INFO [main] org.apache.catalina.startup.VersionLoggerListener.log Command line argument: -Xms4G
21-Dec-2024 22:42:39.335 INFO [main] org.apache.catalina.startup.VersionLoggerListener.log Command line argument: -Xmx4G
21-Dec-2024 22:42:39.335 INFO [main] org.apache.catalina.startup.VersionLoggerListener.log Command line argument: -XX:+HeapDumpOnOutOfMemoryError
21-Dec-2024 22:42:39.336 INFO [main] org.apache.catalina.startup.VersionLoggerListener.log Command line argument: -Djava.awt.headless=true
21-Dec-2024 22:42:39.336 INFO [main] org.apache.catalina.startup.VersionLoggerListener.log Command line argument: -Djna.tmpdir=/tmp/
21-Dec-2024 22:42:39.336 INFO [main] org.apache.catalina.startup.VersionLoggerListener.log Command line argument: -Djdk.tls.ephemeralDHKeySize=2048
21-Dec-2024 22:42:39.338 INFO [main] org.apache.catalina.startup.VersionLoggerListener.log Command line argument: -Djava.protocol.handler.pkgs=org.apache.catalina.webresources
21-Dec-2024 22:42:39.338 INFO [main] org.apache.catalina.startup.VersionLoggerListener.log Command line argument: -Dorg.apache.catalina.security.SecurityListener.UMASK=0027
21-Dec-2024 22:42:39.338 INFO [main] org.apache.catalina.startup.VersionLoggerListener.log Command line argument: -Dignore.endorsed.dirs=
21-Dec-2024 22:42:39.338 INFO [main] org.apache.catalina.startup.VersionLoggerListener.log Command line argument: -Dcatalina.base=/usr/local/tomcat
21-Dec-2024 22:42:39.338 INFO [main] org.apache.catalina.startup.VersionLoggerListener.log Command line argument: -Dcatalina.home=/usr/local/tomcat
21-Dec-2024 22:42:39.338 INFO [main] org.apache.catalina.startup.VersionLoggerListener.log Command line argument: -Djava.io.tmpdir=/usr/local/tomcat/temp
21-Dec-2024 22:42:39.343 INFO [main] org.apache.catalina.core.AprLifecycleListener.lifecycleEvent Loaded Apache Tomcat Native library [1.3.0] using APR version [1.7.0].
21-Dec-2024 22:42:39.343 INFO [main] org.apache.catalina.core.AprLifecycleListener.lifecycleEvent APR capabilities: IPv6 [true], sendfile [true], accept filters [false], random [true], UDS [true].
21-Dec-2024 22:42:39.343 INFO [main] org.apache.catalina.core.AprLifecycleListener.lifecycleEvent APR/OpenSSL configuration: useAprConnector [false], useOpenSSL [true]
21-Dec-2024 22:42:39.350 INFO [main] org.apache.catalina.core.AprLifecycleListener.initializeSSL OpenSSL successfully initialized [OpenSSL 3.0.2 15 Mar 2022]
21-Dec-2024 22:42:39.759 INFO [main] org.apache.coyote.AbstractProtocol.init Initializing ProtocolHandler ["http-nio-8080"]
21-Dec-2024 22:42:39.790 INFO [main] org.apache.catalina.startup.Catalina.load Server initialization in [763] milliseconds
21-Dec-2024 22:42:39.871 INFO [main] org.apache.catalina.core.StandardService.startInternal Starting service [Catalina]
21-Dec-2024 22:42:39.872 INFO [main] org.apache.catalina.core.StandardEngine.startInternal Starting Servlet engine: [Apache Tomcat]
21-Dec-2024 22:42:39.881 INFO [main] org.apache.catalina.startup.HostConfig.deployDirectory Deploying web application directory [/usr/local/tomcat/webapps/thredds]
21-Dec-2024 22:42:45.111 INFO [main] org.apache.jasper.servlet.TldScanner.scanJars At least one JAR was scanned for TLDs yet contained no TLDs. Enable debug logging for this logger for a complete list of JARs that were scanned but no TLDs were found in them. Skipping unneeded JARs during scanning can improve startup time and JSP compilation time.
21-Dec-2024 22:42:52.785 WARNING [main] net.openhft.chronicle.core.internal.cleaner.ReflectionBasedByteBufferCleanerService.<clinit> Make sure you have set the command line option "--illegal-access=permit --add-exports java.base/jdk.internal.ref=ALL-UNNAMED" to enable ReflectionBasedByteBufferCleanerService
21-Dec-2024 22:42:54.452 INFO [main] org.apache.catalina.startup.HostConfig.deployDirectory Deployment of web application directory [/usr/local/tomcat/webapps/thredds] has finished in [14,572] ms
21-Dec-2024 22:42:54.457 INFO [main] org.apache.coyote.AbstractProtocol.start Starting ProtocolHandler ["http-nio-8080"]
21-Dec-2024 22:42:54.473 INFO [main] org.apache.catalina.startup.Catalina.start Server startup in [14682] milliseconds
21-Dec-2024 23:03:14.626 INFO [Catalina-utility-1] org.apache.catalina.users.MemoryUserDatabase.backgroundProcess Reloading memory user database [UserDatabase] from updated source [file:/usr/local/tomcat/conf/tomcat-users.xml]
21-Dec-2024 23:05:53.109 INFO [main] org.apache.catalina.startup.VersionLoggerListener.log Server version name:   Apache Tomcat
21-Dec-2024 23:05:53.113 INFO [main] org.apache.catalina.startup.VersionLoggerListener.log Server built:          Jul 2 2024 12:35:51 UTC
21-Dec-2024 23:05:53.114 INFO [main] org.apache.catalina.startup.VersionLoggerListener.log Server version number: 9.0.91.0
21-Dec-2024 23:05:53.114 INFO [main] org.apache.catalina.startup.VersionLoggerListener.log OS Name:               Linux
21-Dec-2024 23:05:53.115 INFO [main] org.apache.catalina.startup.VersionLoggerListener.log OS Version:            6.8.0-1014-aws
21-Dec-2024 23:05:53.115 INFO [main] org.apache.catalina.startup.VersionLoggerListener.log Architecture:          amd64
21-Dec-2024 23:05:53.115 INFO [main] org.apache.catalina.startup.VersionLoggerListener.log Java Home:             /opt/java/openjdk
21-Dec-2024 23:05:53.115 INFO [main] org.apache.catalina.startup.VersionLoggerListener.log JVM Version:           11.0.24+8
21-Dec-2024 23:05:53.116 INFO [main] org.apache.catalina.startup.VersionLoggerListener.log JVM Vendor:            Eclipse Adoptium
21-Dec-2024 23:05:53.116 INFO [main] org.apache.catalina.startup.VersionLoggerListener.log CATALINA_BASE:         /usr/local/tomcat
21-Dec-2024 23:05:53.116 INFO [main] org.apache.catalina.startup.VersionLoggerListener.log CATALINA_HOME:         /usr/local/tomcat
21-Dec-2024 23:05:53.151 INFO [main] org.apache.catalina.startup.VersionLoggerListener.log Command line argument: --add-opens=java.base/java.lang=ALL-UNNAMED
21-Dec-2024 23:05:53.151 INFO [main] org.apache.catalina.startup.VersionLoggerListener.log Command line argument: --add-opens=java.base/java.io=ALL-UNNAMED
21-Dec-2024 23:05:53.151 INFO [main] org.apache.catalina.startup.VersionLoggerListener.log Command line argument: --add-opens=java.base/java.util=ALL-UNNAMED
21-Dec-2024 23:05:53.151 INFO [main] org.apache.catalina.startup.VersionLoggerListener.log Command line argument: --add-opens=java.base/java.util.concurrent=ALL-UNNAMED
21-Dec-2024 23:05:53.151 INFO [main] org.apache.catalina.startup.VersionLoggerListener.log Command line argument: --add-opens=java.rmi/sun.rmi.transport=ALL-UNNAMED
21-Dec-2024 23:05:53.152 INFO [main] org.apache.catalina.startup.VersionLoggerListener.log Command line argument: -Djava.util.logging.config.file=/usr/local/tomcat/conf/logging.properties
21-Dec-2024 23:05:53.152 INFO [main] org.apache.catalina.startup.VersionLoggerListener.log Command line argument: -Djava.util.logging.manager=org.apache.juli.ClassLoaderLogManager
21-Dec-2024 23:05:53.152 INFO [main] org.apache.catalina.startup.VersionLoggerListener.log Command line argument: -Dtds.content.root.path=/usr/local/tomcat/content/
21-Dec-2024 23:05:53.152 INFO [main] org.apache.catalina.startup.VersionLoggerListener.log Command line argument: -Djava.util.prefs.systemRoot=/usr/local/tomcat/javaUtilPrefs
21-Dec-2024 23:05:53.152 INFO [main] org.apache.catalina.startup.VersionLoggerListener.log Command line argument: -Djava.util.prefs.userRoot=/usr/local/tomcat/javaUtilPrefs
21-Dec-2024 23:05:53.152 INFO [main] org.apache.catalina.startup.VersionLoggerListener.log Command line argument: -Xms4G
21-Dec-2024 23:05:53.152 INFO [main] org.apache.catalina.startup.VersionLoggerListener.log Command line argument: -Xmx4G
21-Dec-2024 23:05:53.152 INFO [main] org.apache.catalina.startup.VersionLoggerListener.log Command line argument: -XX:+HeapDumpOnOutOfMemoryError
21-Dec-2024 23:05:53.153 INFO [main] org.apache.catalina.startup.VersionLoggerListener.log Command line argument: -Djava.awt.headless=true
21-Dec-2024 23:05:53.153 INFO [main] org.apache.catalina.startup.VersionLoggerListener.log Command line argument: -Djna.tmpdir=/tmp/
21-Dec-2024 23:05:53.153 INFO [main] org.apache.catalina.startup.VersionLoggerListener.log Command line argument: -Djdk.tls.ephemeralDHKeySize=2048
21-Dec-2024 23:05:53.153 INFO [main] org.apache.catalina.startup.VersionLoggerListener.log Command line argument: -Djava.protocol.handler.pkgs=org.apache.catalina.webresources
21-Dec-2024 23:05:53.153 INFO [main] org.apache.catalina.startup.VersionLoggerListener.log Command line argument: -Dorg.apache.catalina.security.SecurityListener.UMASK=0027
21-Dec-2024 23:05:53.154 INFO [main] org.apache.catalina.startup.VersionLoggerListener.log Command line argument: -Dignore.endorsed.dirs=
21-Dec-2024 23:05:53.154 INFO [main] org.apache.catalina.startup.VersionLoggerListener.log Command line argument: -Dcatalina.base=/usr/local/tomcat
21-Dec-2024 23:05:53.154 INFO [main] org.apache.catalina.startup.VersionLoggerListener.log Command line argument: -Dcatalina.home=/usr/local/tomcat
21-Dec-2024 23:05:53.154 INFO [main] org.apache.catalina.startup.VersionLoggerListener.log Command line argument: -Djava.io.tmpdir=/usr/local/tomcat/temp
21-Dec-2024 23:05:53.164 INFO [main] org.apache.catalina.core.AprLifecycleListener.lifecycleEvent Loaded Apache Tomcat Native library [1.3.0] using APR version [1.7.0].
21-Dec-2024 23:05:53.164 INFO [main] org.apache.catalina.core.AprLifecycleListener.lifecycleEvent APR capabilities: IPv6 [true], sendfile [true], accept filters [false], random [true], UDS [true].
21-Dec-2024 23:05:53.165 INFO [main] org.apache.catalina.core.AprLifecycleListener.lifecycleEvent APR/OpenSSL configuration: useAprConnector [false], useOpenSSL [true]
21-Dec-2024 23:05:53.174 INFO [main] org.apache.catalina.core.AprLifecycleListener.initializeSSL OpenSSL successfully initialized [OpenSSL 3.0.2 15 Mar 2022]
21-Dec-2024 23:05:53.652 INFO [main] org.apache.coyote.AbstractProtocol.init Initializing ProtocolHandler ["http-nio-8080"]
21-Dec-2024 23:05:53.704 INFO [main] org.apache.catalina.startup.Catalina.load Server initialization in [974] milliseconds
21-Dec-2024 23:05:53.804 INFO [main] org.apache.catalina.core.StandardService.startInternal Starting service [Catalina]
21-Dec-2024 23:05:53.804 INFO [main] org.apache.catalina.core.StandardEngine.startInternal Starting Servlet engine: [Apache Tomcat]
21-Dec-2024 23:05:53.813 INFO [main] org.apache.catalina.startup.HostConfig.deployDirectory Deploying web application directory [/usr/local/tomcat/webapps/thredds]
21-Dec-2024 23:05:59.175 INFO [main] org.apache.jasper.servlet.TldScanner.scanJars At least one JAR was scanned for TLDs yet contained no TLDs. Enable debug logging for this logger for a complete list of JARs that were scanned but no TLDs were found in them. Skipping unneeded JARs during scanning can improve startup time and JSP compilation time.
21-Dec-2024 23:06:07.440 WARNING [main] net.openhft.chronicle.core.internal.cleaner.ReflectionBasedByteBufferCleanerService.<clinit> Make sure you have set the command line option "--illegal-access=permit --add-exports java.base/jdk.internal.ref=ALL-UNNAMED" to enable ReflectionBasedByteBufferCleanerService
21-Dec-2024 23:06:08.952 INFO [main] org.apache.catalina.startup.HostConfig.deployDirectory Deployment of web application directory [/usr/local/tomcat/webapps/thredds] has finished in [15,139] ms
21-Dec-2024 23:06:08.959 INFO [main] org.apache.coyote.AbstractProtocol.start Starting ProtocolHandler ["http-nio-8080"]
21-Dec-2024 23:06:08.975 INFO [main] org.apache.catalina.startup.Catalina.start Server startup in [15271] milliseconds
21-Dec-2024 23:09:29.353 INFO [main] org.apache.catalina.startup.VersionLoggerListener.log Server version name:   Apache Tomcat
21-Dec-2024 23:09:29.357 INFO [main] org.apache.catalina.startup.VersionLoggerListener.log Server built:          Jul 2 2024 12:35:51 UTC
21-Dec-2024 23:09:29.358 INFO [main] org.apache.catalina.startup.VersionLoggerListener.log Server version number: 9.0.91.0
21-Dec-2024 23:09:29.358 INFO [main] org.apache.catalina.startup.VersionLoggerListener.log OS Name:               Linux
21-Dec-2024 23:09:29.358 INFO [main] org.apache.catalina.startup.VersionLoggerListener.log OS Version:            6.8.0-1014-aws
21-Dec-2024 23:09:29.358 INFO [main] org.apache.catalina.startup.VersionLoggerListener.log Architecture:          amd64
21-Dec-2024 23:09:29.358 INFO [main] org.apache.catalina.startup.VersionLoggerListener.log Java Home:             /opt/java/openjdk
21-Dec-2024 23:09:29.358 INFO [main] org.apache.catalina.startup.VersionLoggerListener.log JVM Version:           11.0.24+8
21-Dec-2024 23:09:29.358 INFO [main] org.apache.catalina.startup.VersionLoggerListener.log JVM Vendor:            Eclipse Adoptium
21-Dec-2024 23:09:29.359 INFO [main] org.apache.catalina.startup.VersionLoggerListener.log CATALINA_BASE:         /usr/local/tomcat
21-Dec-2024 23:09:29.359 INFO [main] org.apache.catalina.startup.VersionLoggerListener.log CATALINA_HOME:         /usr/local/tomcat
21-Dec-2024 23:09:29.373 INFO [main] org.apache.catalina.startup.VersionLoggerListener.log Command line argument: --add-opens=java.base/java.lang=ALL-UNNAMED
21-Dec-2024 23:09:29.373 INFO [main] org.apache.catalina.startup.VersionLoggerListener.log Command line argument: --add-opens=java.base/java.io=ALL-UNNAMED
21-Dec-2024 23:09:29.373 INFO [main] org.apache.catalina.startup.VersionLoggerListener.log Command line argument: --add-opens=java.base/java.util=ALL-UNNAMED
21-Dec-2024 23:09:29.373 INFO [main] org.apache.catalina.startup.VersionLoggerListener.log Command line argument: --add-opens=java.base/java.util.concurrent=ALL-UNNAMED
21-Dec-2024 23:09:29.373 INFO [main] org.apache.catalina.startup.VersionLoggerListener.log Command line argument: --add-opens=java.rmi/sun.rmi.transport=ALL-UNNAMED
21-Dec-2024 23:09:29.374 INFO [main] org.apache.catalina.startup.VersionLoggerListener.log Command line argument: -Djava.util.logging.config.file=/usr/local/tomcat/conf/logging.properties
21-Dec-2024 23:09:29.374 INFO [main] org.apache.catalina.startup.VersionLoggerListener.log Command line argument: -Djava.util.logging.manager=org.apache.juli.ClassLoaderLogManager
21-Dec-2024 23:09:29.374 INFO [main] org.apache.catalina.startup.VersionLoggerListener.log Command line argument: -Dtds.content.root.path=/usr/local/tomcat/content/
21-Dec-2024 23:09:29.374 INFO [main] org.apache.catalina.startup.VersionLoggerListener.log Command line argument: -Djava.util.prefs.systemRoot=/usr/local/tomcat/javaUtilPrefs
21-Dec-2024 23:09:29.374 INFO [main] org.apache.catalina.startup.VersionLoggerListener.log Command line argument: -Djava.util.prefs.userRoot=/usr/local/tomcat/javaUtilPrefs
21-Dec-2024 23:09:29.374 INFO [main] org.apache.catalina.startup.VersionLoggerListener.log Command line argument: -Xms4G
21-Dec-2024 23:09:29.374 INFO [main] org.apache.catalina.startup.VersionLoggerListener.log Command line argument: -Xmx4G
21-Dec-2024 23:09:29.375 INFO [main] org.apache.catalina.startup.VersionLoggerListener.log Command line argument: -XX:+HeapDumpOnOutOfMemoryError
21-Dec-2024 23:09:29.375 INFO [main] org.apache.catalina.startup.VersionLoggerListener.log Command line argument: -Djava.awt.headless=true
21-Dec-2024 23:09:29.375 INFO [main] org.apache.catalina.startup.VersionLoggerListener.log Command line argument: -Djna.tmpdir=/tmp/
21-Dec-2024 23:09:29.375 INFO [main] org.apache.catalina.startup.VersionLoggerListener.log Command line argument: -Djdk.tls.ephemeralDHKeySize=2048
21-Dec-2024 23:09:29.375 INFO [main] org.apache.catalina.startup.VersionLoggerListener.log Command line argument: -Djava.protocol.handler.pkgs=org.apache.catalina.webresources
21-Dec-2024 23:09:29.376 INFO [main] org.apache.catalina.startup.VersionLoggerListener.log Command line argument: -Dorg.apache.catalina.security.SecurityListener.UMASK=0027
21-Dec-2024 23:09:29.376 INFO [main] org.apache.catalina.startup.VersionLoggerListener.log Command line argument: -Dignore.endorsed.dirs=
21-Dec-2024 23:09:29.376 INFO [main] org.apache.catalina.startup.VersionLoggerListener.log Command line argument: -Dcatalina.base=/usr/local/tomcat
21-Dec-2024 23:09:29.376 INFO [main] org.apache.catalina.startup.VersionLoggerListener.log Command line argument: -Dcatalina.home=/usr/local/tomcat
21-Dec-2024 23:09:29.376 INFO [main] org.apache.catalina.startup.VersionLoggerListener.log Command line argument: -Djava.io.tmpdir=/usr/local/tomcat/temp
21-Dec-2024 23:09:29.381 INFO [main] org.apache.catalina.core.AprLifecycleListener.lifecycleEvent Loaded Apache Tomcat Native library [1.3.0] using APR version [1.7.0].
21-Dec-2024 23:09:29.382 INFO [main] org.apache.catalina.core.AprLifecycleListener.lifecycleEvent APR capabilities: IPv6 [true], sendfile [true], accept filters [false], random [true], UDS [true].
21-Dec-2024 23:09:29.382 INFO [main] org.apache.catalina.core.AprLifecycleListener.lifecycleEvent APR/OpenSSL configuration: useAprConnector [false], useOpenSSL [true]
21-Dec-2024 23:09:29.386 INFO [main] org.apache.catalina.core.AprLifecycleListener.initializeSSL OpenSSL successfully initialized [OpenSSL 3.0.2 15 Mar 2022]
21-Dec-2024 23:09:29.821 INFO [main] org.apache.coyote.AbstractProtocol.init Initializing ProtocolHandler ["http-nio-8080"]
21-Dec-2024 23:09:29.856 INFO [main] org.apache.catalina.startup.Catalina.load Server initialization in [767] milliseconds
21-Dec-2024 23:09:29.942 INFO [main] org.apache.catalina.core.StandardService.startInternal Starting service [Catalina]
21-Dec-2024 23:09:29.942 INFO [main] org.apache.catalina.core.StandardEngine.startInternal Starting Servlet engine: [Apache Tomcat]
21-Dec-2024 23:09:29.952 INFO [main] org.apache.catalina.startup.HostConfig.deployDirectory Deploying web application directory [/usr/local/tomcat/webapps/thredds]
21-Dec-2024 23:09:35.009 INFO [main] org.apache.jasper.servlet.TldScanner.scanJars At least one JAR was scanned for TLDs yet contained no TLDs. Enable debug logging for this logger for a complete list of JARs that were scanned but no TLDs were found in them. Skipping unneeded JARs during scanning can improve startup time and JSP compilation time.
21-Dec-2024 23:09:42.992 WARNING [main] net.openhft.chronicle.core.internal.cleaner.ReflectionBasedByteBufferCleanerService.<clinit> Make sure you have set the command line option "--illegal-access=permit --add-exports java.base/jdk.internal.ref=ALL-UNNAMED" to enable ReflectionBasedByteBufferCleanerService
21-Dec-2024 23:09:44.422 INFO [main] org.apache.catalina.startup.HostConfig.deployDirectory Deployment of web application directory [/usr/local/tomcat/webapps/thredds] has finished in [14,471] ms
21-Dec-2024 23:09:44.428 INFO [main] org.apache.coyote.AbstractProtocol.start Starting ProtocolHandler ["http-nio-8080"]
21-Dec-2024 23:09:44.441 INFO [main] org.apache.catalina.startup.Catalina.start Server startup in [14584] milliseconds
21-Dec-2024 23:10:29.824 INFO [main] org.apache.catalina.startup.VersionLoggerListener.log Server version name:   Apache Tomcat
21-Dec-2024 23:10:29.829 INFO [main] org.apache.catalina.startup.VersionLoggerListener.log Server built:          Jul 2 2024 12:35:51 UTC
21-Dec-2024 23:10:29.830 INFO [main] org.apache.catalina.startup.VersionLoggerListener.log Server version number: 9.0.91.0
21-Dec-2024 23:10:29.830 INFO [main] org.apache.catalina.startup.VersionLoggerListener.log OS Name:               Linux
21-Dec-2024 23:10:29.830 INFO [main] org.apache.catalina.startup.VersionLoggerListener.log OS Version:            6.8.0-1014-aws
21-Dec-2024 23:10:29.830 INFO [main] org.apache.catalina.startup.VersionLoggerListener.log Architecture:          amd64
21-Dec-2024 23:10:29.830 INFO [main] org.apache.catalina.startup.VersionLoggerListener.log Java Home:             /opt/java/openjdk
21-Dec-2024 23:10:29.830 INFO [main] org.apache.catalina.startup.VersionLoggerListener.log JVM Version:           11.0.24+8
21-Dec-2024 23:10:29.831 INFO [main] org.apache.catalina.startup.VersionLoggerListener.log JVM Vendor:            Eclipse Adoptium
21-Dec-2024 23:10:29.831 INFO [main] org.apache.catalina.startup.VersionLoggerListener.log CATALINA_BASE:         /usr/local/tomcat
21-Dec-2024 23:10:29.831 INFO [main] org.apache.catalina.startup.VersionLoggerListener.log CATALINA_HOME:         /usr/local/tomcat
21-Dec-2024 23:10:29.847 INFO [main] org.apache.catalina.startup.VersionLoggerListener.log Command line argument: --add-opens=java.base/java.lang=ALL-UNNAMED
21-Dec-2024 23:10:29.848 INFO [main] org.apache.catalina.startup.VersionLoggerListener.log Command line argument: --add-opens=java.base/java.io=ALL-UNNAMED
21-Dec-2024 23:10:29.848 INFO [main] org.apache.catalina.startup.VersionLoggerListener.log Command line argument: --add-opens=java.base/java.util=ALL-UNNAMED
21-Dec-2024 23:10:29.849 INFO [main] org.apache.catalina.startup.VersionLoggerListener.log Command line argument: --add-opens=java.base/java.util.concurrent=ALL-UNNAMED
21-Dec-2024 23:10:29.849 INFO [main] org.apache.catalina.startup.VersionLoggerListener.log Command line argument: --add-opens=java.rmi/sun.rmi.transport=ALL-UNNAMED
21-Dec-2024 23:10:29.849 INFO [main] org.apache.catalina.startup.VersionLoggerListener.log Command line argument: -Djava.util.logging.config.file=/usr/local/tomcat/conf/logging.properties
21-Dec-2024 23:10:29.850 INFO [main] org.apache.catalina.startup.VersionLoggerListener.log Command line argument: -Djava.util.logging.manager=org.apache.juli.ClassLoaderLogManager
21-Dec-2024 23:10:29.850 INFO [main] org.apache.catalina.startup.VersionLoggerListener.log Command line argument: -Dtds.content.root.path=/usr/local/tomcat/content/
21-Dec-2024 23:10:29.850 INFO [main] org.apache.catalina.startup.VersionLoggerListener.log Command line argument: -Djava.util.prefs.systemRoot=/usr/local/tomcat/javaUtilPrefs
21-Dec-2024 23:10:29.850 INFO [main] org.apache.catalina.startup.VersionLoggerListener.log Command line argument: -Djava.util.prefs.userRoot=/usr/local/tomcat/javaUtilPrefs
21-Dec-2024 23:10:29.850 INFO [main] org.apache.catalina.startup.VersionLoggerListener.log Command line argument: -Xms4G
21-Dec-2024 23:10:29.851 INFO [main] org.apache.catalina.startup.VersionLoggerListener.log Command line argument: -Xmx4G
21-Dec-2024 23:10:29.851 INFO [main] org.apache.catalina.startup.VersionLoggerListener.log Command line argument: -XX:+HeapDumpOnOutOfMemoryError
21-Dec-2024 23:10:29.851 INFO [main] org.apache.catalina.startup.VersionLoggerListener.log Command line argument: -Djava.awt.headless=true
21-Dec-2024 23:10:29.852 INFO [main] org.apache.catalina.startup.VersionLoggerListener.log Command line argument: -Djna.tmpdir=/tmp/
21-Dec-2024 23:10:29.852 INFO [main] org.apache.catalina.startup.VersionLoggerListener.log Command line argument: -Djdk.tls.ephemeralDHKeySize=2048
21-Dec-2024 23:10:29.852 INFO [main] org.apache.catalina.startup.VersionLoggerListener.log Command line argument: -Djava.protocol.handler.pkgs=org.apache.catalina.webresources
21-Dec-2024 23:10:29.852 INFO [main] org.apache.catalina.startup.VersionLoggerListener.log Command line argument: -Dorg.apache.catalina.security.SecurityListener.UMASK=0027
21-Dec-2024 23:10:29.853 INFO [main] org.apache.catalina.startup.VersionLoggerListener.log Command line argument: -Dignore.endorsed.dirs=
21-Dec-2024 23:10:29.853 INFO [main] org.apache.catalina.startup.VersionLoggerListener.log Command line argument: -Dcatalina.base=/usr/local/tomcat
21-Dec-2024 23:10:29.853 INFO [main] org.apache.catalina.startup.VersionLoggerListener.log Command line argument: -Dcatalina.home=/usr/local/tomcat
21-Dec-2024 23:10:29.854 INFO [main] org.apache.catalina.startup.VersionLoggerListener.log Command line argument: -Djava.io.tmpdir=/usr/local/tomcat/temp
21-Dec-2024 23:10:29.860 INFO [main] org.apache.catalina.core.AprLifecycleListener.lifecycleEvent Loaded Apache Tomcat Native library [1.3.0] using APR version [1.7.0].
21-Dec-2024 23:10:29.860 INFO [main] org.apache.catalina.core.AprLifecycleListener.lifecycleEvent APR capabilities: IPv6 [true], sendfile [true], accept filters [false], random [true], UDS [true].
21-Dec-2024 23:10:29.860 INFO [main] org.apache.catalina.core.AprLifecycleListener.lifecycleEvent APR/OpenSSL configuration: useAprConnector [false], useOpenSSL [true]
21-Dec-2024 23:10:29.866 INFO [main] org.apache.catalina.core.AprLifecycleListener.initializeSSL OpenSSL successfully initialized [OpenSSL 3.0.2 15 Mar 2022]
21-Dec-2024 23:10:30.265 INFO [main] org.apache.coyote.AbstractProtocol.init Initializing ProtocolHandler ["http-nio-8080"]
21-Dec-2024 23:10:30.296 INFO [main] org.apache.catalina.startup.Catalina.load Server initialization in [752] milliseconds
21-Dec-2024 23:10:30.376 INFO [main] org.apache.catalina.core.StandardService.startInternal Starting service [Catalina]
21-Dec-2024 23:10:30.376 INFO [main] org.apache.catalina.core.StandardEngine.startInternal Starting Servlet engine: [Apache Tomcat]
21-Dec-2024 23:10:30.385 INFO [main] org.apache.catalina.startup.HostConfig.deployDirectory Deploying web application directory [/usr/local/tomcat/webapps/thredds]
21-Dec-2024 23:10:35.452 INFO [main] org.apache.jasper.servlet.TldScanner.scanJars At least one JAR was scanned for TLDs yet contained no TLDs. Enable debug logging for this logger for a complete list of JARs that were scanned but no TLDs were found in them. Skipping unneeded JARs during scanning can improve startup time and JSP compilation time.
21-Dec-2024 23:10:43.302 WARNING [main] net.openhft.chronicle.core.internal.cleaner.ReflectionBasedByteBufferCleanerService.<clinit> Make sure you have set the command line option "--illegal-access=permit --add-exports java.base/jdk.internal.ref=ALL-UNNAMED" to enable ReflectionBasedByteBufferCleanerService
21-Dec-2024 23:10:44.858 INFO [main] org.apache.catalina.startup.HostConfig.deployDirectory Deployment of web application directory [/usr/local/tomcat/webapps/thredds] has finished in [14,472] ms
21-Dec-2024 23:10:44.863 INFO [main] org.apache.coyote.AbstractProtocol.start Starting ProtocolHandler ["http-nio-8080"]
21-Dec-2024 23:10:44.884 INFO [main] org.apache.catalina.startup.Catalina.start Server startup in [14587] milliseconds
