27-Jan-2025 03:41:08.679 INFO [main] org.apache.catalina.core.ApplicationContext.log No Spring WebApplicationInitializer types detected on classpath
27-Jan-2025 03:41:09.769 INFO [main] org.apache.catalina.core.ApplicationContext.log Initializing Spring root WebApplicationContext
27-Jan-2025 03:41:22.670 INFO [main] org.apache.catalina.core.ApplicationContext.log Initializing Spring DispatcherServlet 'spring'
27-Jan-2025 03:47:23.903 INFO [Catalina-utility-2] org.apache.catalina.core.ApplicationContext.log Destroying Spring FrameworkServlet 'spring'
27-Jan-2025 03:47:24.880 INFO [Catalina-utility-2] org.apache.catalina.core.ApplicationContext.log Closing Spring root WebApplicationContext
27-Jan-2025 03:48:14.818 INFO [main] org.apache.catalina.core.ApplicationContext.log No Spring WebApplicationInitializer types detected on classpath
27-Jan-2025 03:48:16.096 INFO [main] org.apache.catalina.core.ApplicationContext.log Initializing Spring root WebApplicationContext
27-Jan-2025 03:48:29.271 INFO [main] org.apache.catalina.core.ApplicationContext.log Initializing Spring DispatcherServlet 'spring'
27-Jan-2025 21:35:24.634 INFO [main] org.apache.catalina.core.ApplicationContext.log No Spring WebApplicationInitializer types detected on classpath
27-Jan-2025 21:35:26.846 INFO [main] org.apache.catalina.core.ApplicationContext.log Initializing Spring root WebApplicationContext
27-Jan-2025 21:35:40.028 INFO [main] org.apache.catalina.core.ApplicationContext.log Initializing Spring DispatcherServlet 'spring'
27-Jan-2025 21:39:41.992 INFO [main] org.apache.catalina.core.ApplicationContext.log No Spring WebApplicationInitializer types detected on classpath
27-Jan-2025 21:39:43.603 INFO [main] org.apache.catalina.core.ApplicationContext.log Initializing Spring root WebApplicationContext
27-Jan-2025 21:39:54.164 INFO [main] org.apache.catalina.core.ApplicationContext.log Initializing Spring DispatcherServlet 'spring'
27-Jan-2025 21:43:06.084 INFO [main] org.apache.catalina.core.ApplicationContext.log No Spring WebApplicationInitializer types detected on classpath
27-Jan-2025 21:43:07.123 INFO [main] org.apache.catalina.core.ApplicationContext.log Initializing Spring root WebApplicationContext
27-Jan-2025 21:43:18.695 INFO [main] org.apache.catalina.core.ApplicationContext.log Initializing Spring DispatcherServlet 'spring'
27-Jan-2025 21:46:41.153 INFO [main] org.apache.catalina.core.ApplicationContext.log No Spring WebApplicationInitializer types detected on classpath
27-Jan-2025 21:46:42.255 INFO [main] org.apache.catalina.core.ApplicationContext.log Initializing Spring root WebApplicationContext
27-Jan-2025 21:46:52.983 INFO [main] org.apache.catalina.core.ApplicationContext.log Initializing Spring DispatcherServlet 'spring'
27-Jan-2025 21:48:02.491 INFO [main] org.apache.catalina.core.ApplicationContext.log No Spring WebApplicationInitializer types detected on classpath
27-Jan-2025 21:48:03.486 INFO [main] org.apache.catalina.core.ApplicationContext.log Initializing Spring root WebApplicationContext
27-Jan-2025 21:48:17.125 INFO [main] org.apache.catalina.core.ApplicationContext.log Initializing Spring DispatcherServlet 'spring'
27-Jan-2025 21:49:18.925 INFO [main] org.apache.catalina.core.ApplicationContext.log No Spring WebApplicationInitializer types detected on classpath
27-Jan-2025 21:49:20.557 INFO [main] org.apache.catalina.core.ApplicationContext.log Initializing Spring root WebApplicationContext
27-Jan-2025 21:49:31.397 INFO [main] org.apache.catalina.core.ApplicationContext.log Initializing Spring DispatcherServlet 'spring'
27-Jan-2025 21:51:55.948 INFO [main] org.apache.catalina.core.ApplicationContext.log No Spring WebApplicationInitializer types detected on classpath
27-Jan-2025 21:51:57.554 INFO [main] org.apache.catalina.core.ApplicationContext.log Initializing Spring root WebApplicationContext
27-Jan-2025 21:52:09.749 INFO [main] org.apache.catalina.core.ApplicationContext.log Initializing Spring DispatcherServlet 'spring'
27-Jan-2025 21:56:06.050 INFO [main] org.apache.catalina.core.ApplicationContext.log No Spring WebApplicationInitializer types detected on classpath
27-Jan-2025 21:56:07.638 INFO [main] org.apache.catalina.core.ApplicationContext.log Initializing Spring root WebApplicationContext
27-Jan-2025 21:56:21.039 INFO [main] org.apache.catalina.core.ApplicationContext.log Initializing Spring DispatcherServlet 'spring'
27-Jan-2025 22:08:19.138 INFO [main] org.apache.catalina.core.ApplicationContext.log No Spring WebApplicationInitializer types detected on classpath
27-Jan-2025 22:08:20.452 INFO [main] org.apache.catalina.core.ApplicationContext.log Initializing Spring root WebApplicationContext
27-Jan-2025 22:08:33.253 INFO [main] org.apache.catalina.core.ApplicationContext.log Initializing Spring DispatcherServlet 'spring'
27-Jan-2025 22:09:51.366 INFO [main] org.apache.catalina.core.ApplicationContext.log No Spring WebApplicationInitializer types detected on classpath
27-Jan-2025 22:09:52.153 INFO [main] org.apache.catalina.core.ApplicationContext.log Initializing Spring root WebApplicationContext
27-Jan-2025 22:10:04.271 INFO [main] org.apache.catalina.core.ApplicationContext.log Initializing Spring DispatcherServlet 'spring'
27-Jan-2025 22:11:12.984 SEVERE [http-nio-8080-exec-9] org.apache.catalina.core.StandardWrapperValve.invoke Servlet.service() for servlet [wms] in context with path [/thredds] threw exception
	java.io.IOException: java.lang.NullPointerException
		at uk.ac.rdg.resc.edal.wms.WmsServlet.doGet(WmsServlet.java:338)
		at javax.servlet.http.HttpServlet.service(HttpServlet.java:529)
		at javax.servlet.http.HttpServlet.service(HttpServlet.java:623)
		at org.apache.catalina.core.ApplicationFilterChain.internalDoFilter(ApplicationFilterChain.java:199)
		at org.apache.catalina.core.ApplicationFilterChain.doFilter(ApplicationFilterChain.java:144)
		at org.apache.tomcat.websocket.server.WsFilter.doFilter(WsFilter.java:51)
		at org.apache.catalina.core.ApplicationFilterChain.internalDoFilter(ApplicationFilterChain.java:168)
		at org.apache.catalina.core.ApplicationFilterChain.doFilter(ApplicationFilterChain.java:144)
		at org.apache.catalina.filters.CorsFilter.handleNonCORS(CorsFilter.java:331)
		at org.apache.catalina.filters.CorsFilter.doFilter(CorsFilter.java:158)
		at org.apache.catalina.core.ApplicationFilterChain.internalDoFilter(ApplicationFilterChain.java:168)
		at org.apache.catalina.core.ApplicationFilterChain.doFilter(ApplicationFilterChain.java:144)
		at org.apache.catalina.filters.HttpHeaderSecurityFilter.doFilter(HttpHeaderSecurityFilter.java:129)
		at org.apache.catalina.core.ApplicationFilterChain.internalDoFilter(ApplicationFilterChain.java:168)
		at org.apache.catalina.core.ApplicationFilterChain.doFilter(ApplicationFilterChain.java:144)
		at org.springframework.security.web.FilterChainProxy$VirtualFilterChain.doFilter(FilterChainProxy.java:337)
		at thredds.servlet.filter.RequestBracketingLogMessageFilter.doFilter(RequestBracketingLogMessageFilter.java:50)
		at org.springframework.security.web.FilterChainProxy$VirtualFilterChain.doFilter(FilterChainProxy.java:346)
		at thredds.servlet.filter.RequestQueryFilter.doFilter(RequestQueryFilter.java:90)
		at org.springframework.security.web.FilterChainProxy$VirtualFilterChain.doFilter(FilterChainProxy.java:346)
		at thredds.servlet.filter.HttpHeadFilter.doFilter(HttpHeadFilter.java:47)
		at org.springframework.security.web.FilterChainProxy$VirtualFilterChain.doFilter(FilterChainProxy.java:346)
		at org.springframework.security.web.FilterChainProxy.doFilterInternal(FilterChainProxy.java:221)
		at org.springframework.security.web.FilterChainProxy.doFilter(FilterChainProxy.java:186)
		at org.springframework.web.filter.DelegatingFilterProxy.invokeDelegate(DelegatingFilterProxy.java:354)
		at org.springframework.web.filter.DelegatingFilterProxy.doFilter(DelegatingFilterProxy.java:267)
		at org.apache.catalina.core.ApplicationFilterChain.internalDoFilter(ApplicationFilterChain.java:168)
		at org.apache.catalina.core.ApplicationFilterChain.doFilter(ApplicationFilterChain.java:144)
		at org.apache.logging.log4j.web.Log4jServletFilter.doFilter(Log4jServletFilter.java:71)
		at org.apache.catalina.core.ApplicationFilterChain.internalDoFilter(ApplicationFilterChain.java:168)
		at org.apache.catalina.core.ApplicationFilterChain.doFilter(ApplicationFilterChain.java:144)
		at org.apache.catalina.core.StandardWrapperValve.invoke(StandardWrapperValve.java:168)
		at org.apache.catalina.core.StandardContextValve.invoke(StandardContextValve.java:90)
		at org.apache.catalina.authenticator.AuthenticatorBase.invoke(AuthenticatorBase.java:482)
		at org.apache.catalina.core.StandardHostValve.invoke(StandardHostValve.java:130)
		at org.apache.catalina.valves.ErrorReportValve.invoke(ErrorReportValve.java:93)
		at org.apache.catalina.valves.AbstractAccessLogValve.invoke(AbstractAccessLogValve.java:660)
		at org.apache.catalina.core.StandardEngineValve.invoke(StandardEngineValve.java:74)
		at org.apache.catalina.connector.CoyoteAdapter.service(CoyoteAdapter.java:346)
		at org.apache.coyote.http11.Http11Processor.service(Http11Processor.java:388)
		at org.apache.coyote.AbstractProcessorLight.process(AbstractProcessorLight.java:63)
		at org.apache.coyote.AbstractProtocol$ConnectionHandler.process(AbstractProtocol.java:936)
		at org.apache.tomcat.util.net.NioEndpoint$SocketProcessor.doRun(NioEndpoint.java:1791)
		at org.apache.tomcat.util.net.SocketProcessorBase.run(SocketProcessorBase.java:52)
		at org.apache.tomcat.util.threads.ThreadPoolExecutor.runWorker(ThreadPoolExecutor.java:1190)
		at org.apache.tomcat.util.threads.ThreadPoolExecutor$Worker.run(ThreadPoolExecutor.java:659)
		at org.apache.tomcat.util.threads.TaskThread$WrappingRunnable.run(TaskThread.java:63)
		at java.base/java.lang.Thread.run(Thread.java:829)
	Caused by: java.lang.NullPointerException
		at uk.ac.rdg.resc.edal.graphics.style.RasterLayer.drawIntoImage(RasterLayer.java:82)
		at uk.ac.rdg.resc.edal.graphics.style.GriddedImageLayer.drawIntoImage(GriddedImageLayer.java:180)
		at uk.ac.rdg.resc.edal.graphics.style.ImageLayer.drawImage(ImageLayer.java:51)
		at uk.ac.rdg.resc.edal.graphics.style.MapImage.drawImage(MapImage.java:70)
		at uk.ac.rdg.resc.edal.wms.WmsServlet.getMap(WmsServlet.java:533)
		at uk.ac.rdg.resc.edal.wms.WmsServlet.dispatchWmsRequest(WmsServlet.java:365)
		at thredds.server.wms.ThreddsWmsServlet.dispatchWmsRequest(ThreddsWmsServlet.java:119)
		at uk.ac.rdg.resc.edal.wms.WmsServlet.doGet(WmsServlet.java:300)
		... 47 more
27-Jan-2025 22:11:13.139 SEVERE [http-nio-8080-exec-6] org.apache.catalina.core.StandardWrapperValve.invoke Servlet.service() for servlet [wms] in context with path [/thredds] threw exception
	java.io.IOException: java.lang.NullPointerException
		at uk.ac.rdg.resc.edal.wms.WmsServlet.doGet(WmsServlet.java:338)
		at javax.servlet.http.HttpServlet.service(HttpServlet.java:529)
		at javax.servlet.http.HttpServlet.service(HttpServlet.java:623)
		at org.apache.catalina.core.ApplicationFilterChain.internalDoFilter(ApplicationFilterChain.java:199)
		at org.apache.catalina.core.ApplicationFilterChain.doFilter(ApplicationFilterChain.java:144)
		at org.apache.tomcat.websocket.server.WsFilter.doFilter(WsFilter.java:51)
		at org.apache.catalina.core.ApplicationFilterChain.internalDoFilter(ApplicationFilterChain.java:168)
		at org.apache.catalina.core.ApplicationFilterChain.doFilter(ApplicationFilterChain.java:144)
		at org.apache.catalina.filters.CorsFilter.handleNonCORS(CorsFilter.java:331)
		at org.apache.catalina.filters.CorsFilter.doFilter(CorsFilter.java:158)
		at org.apache.catalina.core.ApplicationFilterChain.internalDoFilter(ApplicationFilterChain.java:168)
		at org.apache.catalina.core.ApplicationFilterChain.doFilter(ApplicationFilterChain.java:144)
		at org.apache.catalina.filters.HttpHeaderSecurityFilter.doFilter(HttpHeaderSecurityFilter.java:129)
		at org.apache.catalina.core.ApplicationFilterChain.internalDoFilter(ApplicationFilterChain.java:168)
		at org.apache.catalina.core.ApplicationFilterChain.doFilter(ApplicationFilterChain.java:144)
		at org.springframework.security.web.FilterChainProxy$VirtualFilterChain.doFilter(FilterChainProxy.java:337)
		at thredds.servlet.filter.RequestBracketingLogMessageFilter.doFilter(RequestBracketingLogMessageFilter.java:50)
		at org.springframework.security.web.FilterChainProxy$VirtualFilterChain.doFilter(FilterChainProxy.java:346)
		at thredds.servlet.filter.RequestQueryFilter.doFilter(RequestQueryFilter.java:90)
		at org.springframework.security.web.FilterChainProxy$VirtualFilterChain.doFilter(FilterChainProxy.java:346)
		at thredds.servlet.filter.HttpHeadFilter.doFilter(HttpHeadFilter.java:47)
		at org.springframework.security.web.FilterChainProxy$VirtualFilterChain.doFilter(FilterChainProxy.java:346)
		at org.springframework.security.web.FilterChainProxy.doFilterInternal(FilterChainProxy.java:221)
		at org.springframework.security.web.FilterChainProxy.doFilter(FilterChainProxy.java:186)
		at org.springframework.web.filter.DelegatingFilterProxy.invokeDelegate(DelegatingFilterProxy.java:354)
		at org.springframework.web.filter.DelegatingFilterProxy.doFilter(DelegatingFilterProxy.java:267)
		at org.apache.catalina.core.ApplicationFilterChain.internalDoFilter(ApplicationFilterChain.java:168)
		at org.apache.catalina.core.ApplicationFilterChain.doFilter(ApplicationFilterChain.java:144)
		at org.apache.logging.log4j.web.Log4jServletFilter.doFilter(Log4jServletFilter.java:71)
		at org.apache.catalina.core.ApplicationFilterChain.internalDoFilter(ApplicationFilterChain.java:168)
		at org.apache.catalina.core.ApplicationFilterChain.doFilter(ApplicationFilterChain.java:144)
		at org.apache.catalina.core.StandardWrapperValve.invoke(StandardWrapperValve.java:168)
		at org.apache.catalina.core.StandardContextValve.invoke(StandardContextValve.java:90)
		at org.apache.catalina.authenticator.AuthenticatorBase.invoke(AuthenticatorBase.java:482)
		at org.apache.catalina.core.StandardHostValve.invoke(StandardHostValve.java:130)
		at org.apache.catalina.valves.ErrorReportValve.invoke(ErrorReportValve.java:93)
		at org.apache.catalina.valves.AbstractAccessLogValve.invoke(AbstractAccessLogValve.java:660)
		at org.apache.catalina.core.StandardEngineValve.invoke(StandardEngineValve.java:74)
		at org.apache.catalina.connector.CoyoteAdapter.service(CoyoteAdapter.java:346)
		at org.apache.coyote.http11.Http11Processor.service(Http11Processor.java:388)
		at org.apache.coyote.AbstractProcessorLight.process(AbstractProcessorLight.java:63)
		at org.apache.coyote.AbstractProtocol$ConnectionHandler.process(AbstractProtocol.java:936)
		at org.apache.tomcat.util.net.NioEndpoint$SocketProcessor.doRun(NioEndpoint.java:1791)
		at org.apache.tomcat.util.net.SocketProcessorBase.run(SocketProcessorBase.java:52)
		at org.apache.tomcat.util.threads.ThreadPoolExecutor.runWorker(ThreadPoolExecutor.java:1190)
		at org.apache.tomcat.util.threads.ThreadPoolExecutor$Worker.run(ThreadPoolExecutor.java:659)
		at org.apache.tomcat.util.threads.TaskThread$WrappingRunnable.run(TaskThread.java:63)
		at java.base/java.lang.Thread.run(Thread.java:829)
	Caused by: java.lang.NullPointerException
		at uk.ac.rdg.resc.edal.graphics.style.RasterLayer.drawIntoImage(RasterLayer.java:82)
		at uk.ac.rdg.resc.edal.graphics.style.GriddedImageLayer.drawIntoImage(GriddedImageLayer.java:180)
		at uk.ac.rdg.resc.edal.graphics.style.ImageLayer.drawImage(ImageLayer.java:51)
		at uk.ac.rdg.resc.edal.graphics.style.MapImage.drawImage(MapImage.java:70)
		at uk.ac.rdg.resc.edal.wms.WmsServlet.getMap(WmsServlet.java:533)
		at uk.ac.rdg.resc.edal.wms.WmsServlet.dispatchWmsRequest(WmsServlet.java:365)
		at thredds.server.wms.ThreddsWmsServlet.dispatchWmsRequest(ThreddsWmsServlet.java:119)
		at uk.ac.rdg.resc.edal.wms.WmsServlet.doGet(WmsServlet.java:300)
		... 47 more
27-Jan-2025 22:11:13.221 SEVERE [http-nio-8080-exec-14] org.apache.catalina.core.StandardWrapperValve.invoke Servlet.service() for servlet [wms] in context with path [/thredds] threw exception
	java.io.IOException: java.lang.NullPointerException
		at uk.ac.rdg.resc.edal.wms.WmsServlet.doGet(WmsServlet.java:338)
		at javax.servlet.http.HttpServlet.service(HttpServlet.java:529)
		at javax.servlet.http.HttpServlet.service(HttpServlet.java:623)
		at org.apache.catalina.core.ApplicationFilterChain.internalDoFilter(ApplicationFilterChain.java:199)
		at org.apache.catalina.core.ApplicationFilterChain.doFilter(ApplicationFilterChain.java:144)
		at org.apache.tomcat.websocket.server.WsFilter.doFilter(WsFilter.java:51)
		at org.apache.catalina.core.ApplicationFilterChain.internalDoFilter(ApplicationFilterChain.java:168)
		at org.apache.catalina.core.ApplicationFilterChain.doFilter(ApplicationFilterChain.java:144)
		at org.apache.catalina.filters.CorsFilter.handleNonCORS(CorsFilter.java:331)
		at org.apache.catalina.filters.CorsFilter.doFilter(CorsFilter.java:158)
		at org.apache.catalina.core.ApplicationFilterChain.internalDoFilter(ApplicationFilterChain.java:168)
		at org.apache.catalina.core.ApplicationFilterChain.doFilter(ApplicationFilterChain.java:144)
		at org.apache.catalina.filters.HttpHeaderSecurityFilter.doFilter(HttpHeaderSecurityFilter.java:129)
		at org.apache.catalina.core.ApplicationFilterChain.internalDoFilter(ApplicationFilterChain.java:168)
		at org.apache.catalina.core.ApplicationFilterChain.doFilter(ApplicationFilterChain.java:144)
		at org.springframework.security.web.FilterChainProxy$VirtualFilterChain.doFilter(FilterChainProxy.java:337)
		at thredds.servlet.filter.RequestBracketingLogMessageFilter.doFilter(RequestBracketingLogMessageFilter.java:50)
		at org.springframework.security.web.FilterChainProxy$VirtualFilterChain.doFilter(FilterChainProxy.java:346)
		at thredds.servlet.filter.RequestQueryFilter.doFilter(RequestQueryFilter.java:90)
		at org.springframework.security.web.FilterChainProxy$VirtualFilterChain.doFilter(FilterChainProxy.java:346)
		at thredds.servlet.filter.HttpHeadFilter.doFilter(HttpHeadFilter.java:47)
		at org.springframework.security.web.FilterChainProxy$VirtualFilterChain.doFilter(FilterChainProxy.java:346)
		at org.springframework.security.web.FilterChainProxy.doFilterInternal(FilterChainProxy.java:221)
		at org.springframework.security.web.FilterChainProxy.doFilter(FilterChainProxy.java:186)
		at org.springframework.web.filter.DelegatingFilterProxy.invokeDelegate(DelegatingFilterProxy.java:354)
		at org.springframework.web.filter.DelegatingFilterProxy.doFilter(DelegatingFilterProxy.java:267)
		at org.apache.catalina.core.ApplicationFilterChain.internalDoFilter(ApplicationFilterChain.java:168)
		at org.apache.catalina.core.ApplicationFilterChain.doFilter(ApplicationFilterChain.java:144)
		at org.apache.logging.log4j.web.Log4jServletFilter.doFilter(Log4jServletFilter.java:71)
		at org.apache.catalina.core.ApplicationFilterChain.internalDoFilter(ApplicationFilterChain.java:168)
		at org.apache.catalina.core.ApplicationFilterChain.doFilter(ApplicationFilterChain.java:144)
		at org.apache.catalina.core.StandardWrapperValve.invoke(StandardWrapperValve.java:168)
		at org.apache.catalina.core.StandardContextValve.invoke(StandardContextValve.java:90)
		at org.apache.catalina.authenticator.AuthenticatorBase.invoke(AuthenticatorBase.java:482)
		at org.apache.catalina.core.StandardHostValve.invoke(StandardHostValve.java:130)
		at org.apache.catalina.valves.ErrorReportValve.invoke(ErrorReportValve.java:93)
		at org.apache.catalina.valves.AbstractAccessLogValve.invoke(AbstractAccessLogValve.java:660)
		at org.apache.catalina.core.StandardEngineValve.invoke(StandardEngineValve.java:74)
		at org.apache.catalina.connector.CoyoteAdapter.service(CoyoteAdapter.java:346)
		at org.apache.coyote.http11.Http11Processor.service(Http11Processor.java:388)
		at org.apache.coyote.AbstractProcessorLight.process(AbstractProcessorLight.java:63)
		at org.apache.coyote.AbstractProtocol$ConnectionHandler.process(AbstractProtocol.java:936)
		at org.apache.tomcat.util.net.NioEndpoint$SocketProcessor.doRun(NioEndpoint.java:1791)
		at org.apache.tomcat.util.net.SocketProcessorBase.run(SocketProcessorBase.java:52)
		at org.apache.tomcat.util.threads.ThreadPoolExecutor.runWorker(ThreadPoolExecutor.java:1190)
		at org.apache.tomcat.util.threads.ThreadPoolExecutor$Worker.run(ThreadPoolExecutor.java:659)
		at org.apache.tomcat.util.threads.TaskThread$WrappingRunnable.run(TaskThread.java:63)
		at java.base/java.lang.Thread.run(Thread.java:829)
	Caused by: java.lang.NullPointerException
		at uk.ac.rdg.resc.edal.graphics.style.RasterLayer.drawIntoImage(RasterLayer.java:82)
		at uk.ac.rdg.resc.edal.graphics.style.GriddedImageLayer.drawIntoImage(GriddedImageLayer.java:180)
		at uk.ac.rdg.resc.edal.graphics.style.ImageLayer.drawImage(ImageLayer.java:51)
		at uk.ac.rdg.resc.edal.graphics.style.MapImage.drawImage(MapImage.java:70)
		at uk.ac.rdg.resc.edal.wms.WmsServlet.getMap(WmsServlet.java:533)
		at uk.ac.rdg.resc.edal.wms.WmsServlet.dispatchWmsRequest(WmsServlet.java:365)
		at thredds.server.wms.ThreddsWmsServlet.dispatchWmsRequest(ThreddsWmsServlet.java:119)
		at uk.ac.rdg.resc.edal.wms.WmsServlet.doGet(WmsServlet.java:300)
		... 47 more
27-Jan-2025 22:11:13.287 SEVERE [http-nio-8080-exec-12] org.apache.catalina.core.StandardWrapperValve.invoke Servlet.service() for servlet [wms] in context with path [/thredds] threw exception
	java.io.IOException: java.lang.NullPointerException
		at uk.ac.rdg.resc.edal.wms.WmsServlet.doGet(WmsServlet.java:338)
		at javax.servlet.http.HttpServlet.service(HttpServlet.java:529)
		at javax.servlet.http.HttpServlet.service(HttpServlet.java:623)
		at org.apache.catalina.core.ApplicationFilterChain.internalDoFilter(ApplicationFilterChain.java:199)
		at org.apache.catalina.core.ApplicationFilterChain.doFilter(ApplicationFilterChain.java:144)
		at org.apache.tomcat.websocket.server.WsFilter.doFilter(WsFilter.java:51)
		at org.apache.catalina.core.ApplicationFilterChain.internalDoFilter(ApplicationFilterChain.java:168)
		at org.apache.catalina.core.ApplicationFilterChain.doFilter(ApplicationFilterChain.java:144)
		at org.apache.catalina.filters.CorsFilter.handleNonCORS(CorsFilter.java:331)
		at org.apache.catalina.filters.CorsFilter.doFilter(CorsFilter.java:158)
		at org.apache.catalina.core.ApplicationFilterChain.internalDoFilter(ApplicationFilterChain.java:168)
		at org.apache.catalina.core.ApplicationFilterChain.doFilter(ApplicationFilterChain.java:144)
		at org.apache.catalina.filters.HttpHeaderSecurityFilter.doFilter(HttpHeaderSecurityFilter.java:129)
		at org.apache.catalina.core.ApplicationFilterChain.internalDoFilter(ApplicationFilterChain.java:168)
		at org.apache.catalina.core.ApplicationFilterChain.doFilter(ApplicationFilterChain.java:144)
		at org.springframework.security.web.FilterChainProxy$VirtualFilterChain.doFilter(FilterChainProxy.java:337)
		at thredds.servlet.filter.RequestBracketingLogMessageFilter.doFilter(RequestBracketingLogMessageFilter.java:50)
		at org.springframework.security.web.FilterChainProxy$VirtualFilterChain.doFilter(FilterChainProxy.java:346)
		at thredds.servlet.filter.RequestQueryFilter.doFilter(RequestQueryFilter.java:90)
		at org.springframework.security.web.FilterChainProxy$VirtualFilterChain.doFilter(FilterChainProxy.java:346)
		at thredds.servlet.filter.HttpHeadFilter.doFilter(HttpHeadFilter.java:47)
		at org.springframework.security.web.FilterChainProxy$VirtualFilterChain.doFilter(FilterChainProxy.java:346)
		at org.springframework.security.web.FilterChainProxy.doFilterInternal(FilterChainProxy.java:221)
		at org.springframework.security.web.FilterChainProxy.doFilter(FilterChainProxy.java:186)
		at org.springframework.web.filter.DelegatingFilterProxy.invokeDelegate(DelegatingFilterProxy.java:354)
		at org.springframework.web.filter.DelegatingFilterProxy.doFilter(DelegatingFilterProxy.java:267)
		at org.apache.catalina.core.ApplicationFilterChain.internalDoFilter(ApplicationFilterChain.java:168)
		at org.apache.catalina.core.ApplicationFilterChain.doFilter(ApplicationFilterChain.java:144)
		at org.apache.logging.log4j.web.Log4jServletFilter.doFilter(Log4jServletFilter.java:71)
		at org.apache.catalina.core.ApplicationFilterChain.internalDoFilter(ApplicationFilterChain.java:168)
		at org.apache.catalina.core.ApplicationFilterChain.doFilter(ApplicationFilterChain.java:144)
		at org.apache.catalina.core.StandardWrapperValve.invoke(StandardWrapperValve.java:168)
		at org.apache.catalina.core.StandardContextValve.invoke(StandardContextValve.java:90)
		at org.apache.catalina.authenticator.AuthenticatorBase.invoke(AuthenticatorBase.java:482)
		at org.apache.catalina.core.StandardHostValve.invoke(StandardHostValve.java:130)
		at org.apache.catalina.valves.ErrorReportValve.invoke(ErrorReportValve.java:93)
		at org.apache.catalina.valves.AbstractAccessLogValve.invoke(AbstractAccessLogValve.java:660)
		at org.apache.catalina.core.StandardEngineValve.invoke(StandardEngineValve.java:74)
		at org.apache.catalina.connector.CoyoteAdapter.service(CoyoteAdapter.java:346)
		at org.apache.coyote.http11.Http11Processor.service(Http11Processor.java:388)
		at org.apache.coyote.AbstractProcessorLight.process(AbstractProcessorLight.java:63)
		at org.apache.coyote.AbstractProtocol$ConnectionHandler.process(AbstractProtocol.java:936)
		at org.apache.tomcat.util.net.NioEndpoint$SocketProcessor.doRun(NioEndpoint.java:1791)
		at org.apache.tomcat.util.net.SocketProcessorBase.run(SocketProcessorBase.java:52)
		at org.apache.tomcat.util.threads.ThreadPoolExecutor.runWorker(ThreadPoolExecutor.java:1190)
		at org.apache.tomcat.util.threads.ThreadPoolExecutor$Worker.run(ThreadPoolExecutor.java:659)
		at org.apache.tomcat.util.threads.TaskThread$WrappingRunnable.run(TaskThread.java:63)
		at java.base/java.lang.Thread.run(Thread.java:829)
	Caused by: java.lang.NullPointerException
		at uk.ac.rdg.resc.edal.graphics.style.RasterLayer.drawIntoImage(RasterLayer.java:82)
		at uk.ac.rdg.resc.edal.graphics.style.GriddedImageLayer.drawIntoImage(GriddedImageLayer.java:180)
		at uk.ac.rdg.resc.edal.graphics.style.ImageLayer.drawImage(ImageLayer.java:51)
		at uk.ac.rdg.resc.edal.graphics.style.MapImage.drawImage(MapImage.java:70)
		at uk.ac.rdg.resc.edal.wms.WmsServlet.getMap(WmsServlet.java:533)
		at uk.ac.rdg.resc.edal.wms.WmsServlet.dispatchWmsRequest(WmsServlet.java:365)
		at thredds.server.wms.ThreddsWmsServlet.dispatchWmsRequest(ThreddsWmsServlet.java:119)
		at uk.ac.rdg.resc.edal.wms.WmsServlet.doGet(WmsServlet.java:300)
		... 47 more
27-Jan-2025 22:11:13.304 SEVERE [http-nio-8080-exec-16] org.apache.catalina.core.StandardWrapperValve.invoke Servlet.service() for servlet [wms] in context with path [/thredds] threw exception
	java.io.IOException: java.lang.NullPointerException
		at uk.ac.rdg.resc.edal.wms.WmsServlet.doGet(WmsServlet.java:338)
		at javax.servlet.http.HttpServlet.service(HttpServlet.java:529)
		at javax.servlet.http.HttpServlet.service(HttpServlet.java:623)
		at org.apache.catalina.core.ApplicationFilterChain.internalDoFilter(ApplicationFilterChain.java:199)
		at org.apache.catalina.core.ApplicationFilterChain.doFilter(ApplicationFilterChain.java:144)
		at org.apache.tomcat.websocket.server.WsFilter.doFilter(WsFilter.java:51)
		at org.apache.catalina.core.ApplicationFilterChain.internalDoFilter(ApplicationFilterChain.java:168)
		at org.apache.catalina.core.ApplicationFilterChain.doFilter(ApplicationFilterChain.java:144)
		at org.apache.catalina.filters.CorsFilter.handleNonCORS(CorsFilter.java:331)
		at org.apache.catalina.filters.CorsFilter.doFilter(CorsFilter.java:158)
		at org.apache.catalina.core.ApplicationFilterChain.internalDoFilter(ApplicationFilterChain.java:168)
		at org.apache.catalina.core.ApplicationFilterChain.doFilter(ApplicationFilterChain.java:144)
		at org.apache.catalina.filters.HttpHeaderSecurityFilter.doFilter(HttpHeaderSecurityFilter.java:129)
		at org.apache.catalina.core.ApplicationFilterChain.internalDoFilter(ApplicationFilterChain.java:168)
		at org.apache.catalina.core.ApplicationFilterChain.doFilter(ApplicationFilterChain.java:144)
		at org.springframework.security.web.FilterChainProxy$VirtualFilterChain.doFilter(FilterChainProxy.java:337)
		at thredds.servlet.filter.RequestBracketingLogMessageFilter.doFilter(RequestBracketingLogMessageFilter.java:50)
		at org.springframework.security.web.FilterChainProxy$VirtualFilterChain.doFilter(FilterChainProxy.java:346)
		at thredds.servlet.filter.RequestQueryFilter.doFilter(RequestQueryFilter.java:90)
		at org.springframework.security.web.FilterChainProxy$VirtualFilterChain.doFilter(FilterChainProxy.java:346)
		at thredds.servlet.filter.HttpHeadFilter.doFilter(HttpHeadFilter.java:47)
		at org.springframework.security.web.FilterChainProxy$VirtualFilterChain.doFilter(FilterChainProxy.java:346)
		at org.springframework.security.web.FilterChainProxy.doFilterInternal(FilterChainProxy.java:221)
		at org.springframework.security.web.FilterChainProxy.doFilter(FilterChainProxy.java:186)
		at org.springframework.web.filter.DelegatingFilterProxy.invokeDelegate(DelegatingFilterProxy.java:354)
		at org.springframework.web.filter.DelegatingFilterProxy.doFilter(DelegatingFilterProxy.java:267)
		at org.apache.catalina.core.ApplicationFilterChain.internalDoFilter(ApplicationFilterChain.java:168)
		at org.apache.catalina.core.ApplicationFilterChain.doFilter(ApplicationFilterChain.java:144)
		at org.apache.logging.log4j.web.Log4jServletFilter.doFilter(Log4jServletFilter.java:71)
		at org.apache.catalina.core.ApplicationFilterChain.internalDoFilter(ApplicationFilterChain.java:168)
		at org.apache.catalina.core.ApplicationFilterChain.doFilter(ApplicationFilterChain.java:144)
		at org.apache.catalina.core.StandardWrapperValve.invoke(StandardWrapperValve.java:168)
		at org.apache.catalina.core.StandardContextValve.invoke(StandardContextValve.java:90)
		at org.apache.catalina.authenticator.AuthenticatorBase.invoke(AuthenticatorBase.java:482)
		at org.apache.catalina.core.StandardHostValve.invoke(StandardHostValve.java:130)
		at org.apache.catalina.valves.ErrorReportValve.invoke(ErrorReportValve.java:93)
		at org.apache.catalina.valves.AbstractAccessLogValve.invoke(AbstractAccessLogValve.java:660)
		at org.apache.catalina.core.StandardEngineValve.invoke(StandardEngineValve.java:74)
		at org.apache.catalina.connector.CoyoteAdapter.service(CoyoteAdapter.java:346)
		at org.apache.coyote.http11.Http11Processor.service(Http11Processor.java:388)
		at org.apache.coyote.AbstractProcessorLight.process(AbstractProcessorLight.java:63)
		at org.apache.coyote.AbstractProtocol$ConnectionHandler.process(AbstractProtocol.java:936)
		at org.apache.tomcat.util.net.NioEndpoint$SocketProcessor.doRun(NioEndpoint.java:1791)
		at org.apache.tomcat.util.net.SocketProcessorBase.run(SocketProcessorBase.java:52)
		at org.apache.tomcat.util.threads.ThreadPoolExecutor.runWorker(ThreadPoolExecutor.java:1190)
		at org.apache.tomcat.util.threads.ThreadPoolExecutor$Worker.run(ThreadPoolExecutor.java:659)
		at org.apache.tomcat.util.threads.TaskThread$WrappingRunnable.run(TaskThread.java:63)
		at java.base/java.lang.Thread.run(Thread.java:829)
	Caused by: java.lang.NullPointerException
		at uk.ac.rdg.resc.edal.graphics.style.RasterLayer.drawIntoImage(RasterLayer.java:82)
		at uk.ac.rdg.resc.edal.graphics.style.GriddedImageLayer.drawIntoImage(GriddedImageLayer.java:180)
		at uk.ac.rdg.resc.edal.graphics.style.ImageLayer.drawImage(ImageLayer.java:51)
		at uk.ac.rdg.resc.edal.graphics.style.MapImage.drawImage(MapImage.java:70)
		at uk.ac.rdg.resc.edal.wms.WmsServlet.getMap(WmsServlet.java:533)
		at uk.ac.rdg.resc.edal.wms.WmsServlet.dispatchWmsRequest(WmsServlet.java:365)
		at thredds.server.wms.ThreddsWmsServlet.dispatchWmsRequest(ThreddsWmsServlet.java:119)
		at uk.ac.rdg.resc.edal.wms.WmsServlet.doGet(WmsServlet.java:300)
		... 47 more
27-Jan-2025 22:11:14.568 SEVERE [http-nio-8080-exec-9] org.apache.catalina.core.StandardWrapperValve.invoke Servlet.service() for servlet [wms] in context with path [/thredds] threw exception
	java.io.IOException: java.lang.NullPointerException
		at uk.ac.rdg.resc.edal.wms.WmsServlet.doGet(WmsServlet.java:338)
		at javax.servlet.http.HttpServlet.service(HttpServlet.java:529)
		at javax.servlet.http.HttpServlet.service(HttpServlet.java:623)
		at org.apache.catalina.core.ApplicationFilterChain.internalDoFilter(ApplicationFilterChain.java:199)
		at org.apache.catalina.core.ApplicationFilterChain.doFilter(ApplicationFilterChain.java:144)
		at org.apache.tomcat.websocket.server.WsFilter.doFilter(WsFilter.java:51)
		at org.apache.catalina.core.ApplicationFilterChain.internalDoFilter(ApplicationFilterChain.java:168)
		at org.apache.catalina.core.ApplicationFilterChain.doFilter(ApplicationFilterChain.java:144)
		at org.apache.catalina.filters.CorsFilter.handleNonCORS(CorsFilter.java:331)
		at org.apache.catalina.filters.CorsFilter.doFilter(CorsFilter.java:158)
		at org.apache.catalina.core.ApplicationFilterChain.internalDoFilter(ApplicationFilterChain.java:168)
		at org.apache.catalina.core.ApplicationFilterChain.doFilter(ApplicationFilterChain.java:144)
		at org.apache.catalina.filters.HttpHeaderSecurityFilter.doFilter(HttpHeaderSecurityFilter.java:129)
		at org.apache.catalina.core.ApplicationFilterChain.internalDoFilter(ApplicationFilterChain.java:168)
		at org.apache.catalina.core.ApplicationFilterChain.doFilter(ApplicationFilterChain.java:144)
		at org.springframework.security.web.FilterChainProxy$VirtualFilterChain.doFilter(FilterChainProxy.java:337)
		at thredds.servlet.filter.RequestBracketingLogMessageFilter.doFilter(RequestBracketingLogMessageFilter.java:50)
		at org.springframework.security.web.FilterChainProxy$VirtualFilterChain.doFilter(FilterChainProxy.java:346)
		at thredds.servlet.filter.RequestQueryFilter.doFilter(RequestQueryFilter.java:90)
		at org.springframework.security.web.FilterChainProxy$VirtualFilterChain.doFilter(FilterChainProxy.java:346)
		at thredds.servlet.filter.HttpHeadFilter.doFilter(HttpHeadFilter.java:47)
		at org.springframework.security.web.FilterChainProxy$VirtualFilterChain.doFilter(FilterChainProxy.java:346)
		at org.springframework.security.web.FilterChainProxy.doFilterInternal(FilterChainProxy.java:221)
		at org.springframework.security.web.FilterChainProxy.doFilter(FilterChainProxy.java:186)
		at org.springframework.web.filter.DelegatingFilterProxy.invokeDelegate(DelegatingFilterProxy.java:354)
		at org.springframework.web.filter.DelegatingFilterProxy.doFilter(DelegatingFilterProxy.java:267)
		at org.apache.catalina.core.ApplicationFilterChain.internalDoFilter(ApplicationFilterChain.java:168)
		at org.apache.catalina.core.ApplicationFilterChain.doFilter(ApplicationFilterChain.java:144)
		at org.apache.logging.log4j.web.Log4jServletFilter.doFilter(Log4jServletFilter.java:71)
		at org.apache.catalina.core.ApplicationFilterChain.internalDoFilter(ApplicationFilterChain.java:168)
		at org.apache.catalina.core.ApplicationFilterChain.doFilter(ApplicationFilterChain.java:144)
		at org.apache.catalina.core.StandardWrapperValve.invoke(StandardWrapperValve.java:168)
		at org.apache.catalina.core.StandardContextValve.invoke(StandardContextValve.java:90)
		at org.apache.catalina.authenticator.AuthenticatorBase.invoke(AuthenticatorBase.java:482)
		at org.apache.catalina.core.StandardHostValve.invoke(StandardHostValve.java:130)
		at org.apache.catalina.valves.ErrorReportValve.invoke(ErrorReportValve.java:93)
		at org.apache.catalina.valves.AbstractAccessLogValve.invoke(AbstractAccessLogValve.java:660)
		at org.apache.catalina.core.StandardEngineValve.invoke(StandardEngineValve.java:74)
		at org.apache.catalina.connector.CoyoteAdapter.service(CoyoteAdapter.java:346)
		at org.apache.coyote.http11.Http11Processor.service(Http11Processor.java:388)
		at org.apache.coyote.AbstractProcessorLight.process(AbstractProcessorLight.java:63)
		at org.apache.coyote.AbstractProtocol$ConnectionHandler.process(AbstractProtocol.java:936)
		at org.apache.tomcat.util.net.NioEndpoint$SocketProcessor.doRun(NioEndpoint.java:1791)
		at org.apache.tomcat.util.net.SocketProcessorBase.run(SocketProcessorBase.java:52)
		at org.apache.tomcat.util.threads.ThreadPoolExecutor.runWorker(ThreadPoolExecutor.java:1190)
		at org.apache.tomcat.util.threads.ThreadPoolExecutor$Worker.run(ThreadPoolExecutor.java:659)
		at org.apache.tomcat.util.threads.TaskThread$WrappingRunnable.run(TaskThread.java:63)
		at java.base/java.lang.Thread.run(Thread.java:829)
	Caused by: java.lang.NullPointerException
27-Jan-2025 22:11:14.587 SEVERE [http-nio-8080-exec-7] org.apache.catalina.core.StandardWrapperValve.invoke Servlet.service() for servlet [wms] in context with path [/thredds] threw exception
	java.io.IOException: java.lang.NullPointerException
		at uk.ac.rdg.resc.edal.wms.WmsServlet.doGet(WmsServlet.java:338)
		at javax.servlet.http.HttpServlet.service(HttpServlet.java:529)
		at javax.servlet.http.HttpServlet.service(HttpServlet.java:623)
		at org.apache.catalina.core.ApplicationFilterChain.internalDoFilter(ApplicationFilterChain.java:199)
		at org.apache.catalina.core.ApplicationFilterChain.doFilter(ApplicationFilterChain.java:144)
		at org.apache.tomcat.websocket.server.WsFilter.doFilter(WsFilter.java:51)
		at org.apache.catalina.core.ApplicationFilterChain.internalDoFilter(ApplicationFilterChain.java:168)
		at org.apache.catalina.core.ApplicationFilterChain.doFilter(ApplicationFilterChain.java:144)
		at org.apache.catalina.filters.CorsFilter.handleNonCORS(CorsFilter.java:331)
		at org.apache.catalina.filters.CorsFilter.doFilter(CorsFilter.java:158)
		at org.apache.catalina.core.ApplicationFilterChain.internalDoFilter(ApplicationFilterChain.java:168)
		at org.apache.catalina.core.ApplicationFilterChain.doFilter(ApplicationFilterChain.java:144)
		at org.apache.catalina.filters.HttpHeaderSecurityFilter.doFilter(HttpHeaderSecurityFilter.java:129)
		at org.apache.catalina.core.ApplicationFilterChain.internalDoFilter(ApplicationFilterChain.java:168)
		at org.apache.catalina.core.ApplicationFilterChain.doFilter(ApplicationFilterChain.java:144)
		at org.springframework.security.web.FilterChainProxy$VirtualFilterChain.doFilter(FilterChainProxy.java:337)
		at thredds.servlet.filter.RequestBracketingLogMessageFilter.doFilter(RequestBracketingLogMessageFilter.java:50)
		at org.springframework.security.web.FilterChainProxy$VirtualFilterChain.doFilter(FilterChainProxy.java:346)
		at thredds.servlet.filter.RequestQueryFilter.doFilter(RequestQueryFilter.java:90)
		at org.springframework.security.web.FilterChainProxy$VirtualFilterChain.doFilter(FilterChainProxy.java:346)
		at thredds.servlet.filter.HttpHeadFilter.doFilter(HttpHeadFilter.java:47)
		at org.springframework.security.web.FilterChainProxy$VirtualFilterChain.doFilter(FilterChainProxy.java:346)
		at org.springframework.security.web.FilterChainProxy.doFilterInternal(FilterChainProxy.java:221)
		at org.springframework.security.web.FilterChainProxy.doFilter(FilterChainProxy.java:186)
		at org.springframework.web.filter.DelegatingFilterProxy.invokeDelegate(DelegatingFilterProxy.java:354)
		at org.springframework.web.filter.DelegatingFilterProxy.doFilter(DelegatingFilterProxy.java:267)
		at org.apache.catalina.core.ApplicationFilterChain.internalDoFilter(ApplicationFilterChain.java:168)
		at org.apache.catalina.core.ApplicationFilterChain.doFilter(ApplicationFilterChain.java:144)
		at org.apache.logging.log4j.web.Log4jServletFilter.doFilter(Log4jServletFilter.java:71)
		at org.apache.catalina.core.ApplicationFilterChain.internalDoFilter(ApplicationFilterChain.java:168)
		at org.apache.catalina.core.ApplicationFilterChain.doFilter(ApplicationFilterChain.java:144)
		at org.apache.catalina.core.StandardWrapperValve.invoke(StandardWrapperValve.java:168)
		at org.apache.catalina.core.StandardContextValve.invoke(StandardContextValve.java:90)
		at org.apache.catalina.authenticator.AuthenticatorBase.invoke(AuthenticatorBase.java:482)
		at org.apache.catalina.core.StandardHostValve.invoke(StandardHostValve.java:130)
		at org.apache.catalina.valves.ErrorReportValve.invoke(ErrorReportValve.java:93)
		at org.apache.catalina.valves.AbstractAccessLogValve.invoke(AbstractAccessLogValve.java:660)
		at org.apache.catalina.core.StandardEngineValve.invoke(StandardEngineValve.java:74)
		at org.apache.catalina.connector.CoyoteAdapter.service(CoyoteAdapter.java:346)
		at org.apache.coyote.http11.Http11Processor.service(Http11Processor.java:388)
		at org.apache.coyote.AbstractProcessorLight.process(AbstractProcessorLight.java:63)
		at org.apache.coyote.AbstractProtocol$ConnectionHandler.process(AbstractProtocol.java:936)
		at org.apache.tomcat.util.net.NioEndpoint$SocketProcessor.doRun(NioEndpoint.java:1791)
		at org.apache.tomcat.util.net.SocketProcessorBase.run(SocketProcessorBase.java:52)
		at org.apache.tomcat.util.threads.ThreadPoolExecutor.runWorker(ThreadPoolExecutor.java:1190)
		at org.apache.tomcat.util.threads.ThreadPoolExecutor$Worker.run(ThreadPoolExecutor.java:659)
		at org.apache.tomcat.util.threads.TaskThread$WrappingRunnable.run(TaskThread.java:63)
		at java.base/java.lang.Thread.run(Thread.java:829)
	Caused by: java.lang.NullPointerException
27-Jan-2025 22:12:44.794 INFO [main] org.apache.catalina.core.ApplicationContext.log No Spring WebApplicationInitializer types detected on classpath
27-Jan-2025 22:12:46.670 INFO [main] org.apache.catalina.core.ApplicationContext.log Initializing Spring root WebApplicationContext
27-Jan-2025 22:12:59.218 INFO [main] org.apache.catalina.core.ApplicationContext.log Initializing Spring DispatcherServlet 'spring'
