24-Jan-2025 00:58:15.838 INFO [main] org.apache.catalina.core.ApplicationContext.log No Spring WebApplicationInitializer types detected on classpath
24-Jan-2025 00:58:16.967 INFO [main] org.apache.catalina.core.ApplicationContext.log Initializing Spring root WebApplicationContext
24-Jan-2025 00:58:29.224 INFO [main] org.apache.catalina.core.ApplicationContext.log Initializing Spring DispatcherServlet 'spring'
24-Jan-2025 00:59:42.062 INFO [main] org.apache.catalina.core.ApplicationContext.log No Spring WebApplicationInitializer types detected on classpath
24-Jan-2025 00:59:43.447 INFO [main] org.apache.catalina.core.ApplicationContext.log Initializing Spring root WebApplicationContext
24-Jan-2025 00:59:54.935 INFO [main] org.apache.catalina.core.ApplicationContext.log Initializing Spring DispatcherServlet 'spring'
24-Jan-2025 02:07:42.302 INFO [main] org.apache.catalina.core.ApplicationContext.log No Spring WebApplicationInitializer types detected on classpath
24-Jan-2025 02:07:43.277 INFO [main] org.apache.catalina.core.ApplicationContext.log Initializing Spring root WebApplicationContext
24-Jan-2025 02:07:54.654 INFO [main] org.apache.catalina.core.ApplicationContext.log Initializing Spring DispatcherServlet 'spring'
24-Jan-2025 02:39:24.425 SEVERE [http-nio-8080-exec-169] org.apache.catalina.core.StandardWrapperValve.invoke Servlet.service() for servlet [wms] in context with path [/thredds] threw exception
	java.io.IOException: java.lang.NullPointerException
		at uk.ac.rdg.resc.edal.wms.WmsServlet.doGet(WmsServlet.java:338)
		at javax.servlet.http.HttpServlet.service(HttpServlet.java:529)
		at javax.servlet.http.HttpServlet.service(HttpServlet.java:623)
		at org.apache.catalina.core.ApplicationFilterChain.internalDoFilter(ApplicationFilterChain.java:199)
		at org.apache.catalina.core.ApplicationFilterChain.doFilter(ApplicationFilterChain.java:144)
		at org.apache.tomcat.websocket.server.WsFilter.doFilter(WsFilter.java:51)
		at org.apache.catalina.core.ApplicationFilterChain.internalDoFilter(ApplicationFilterChain.java:168)
		at org.apache.catalina.core.ApplicationFilterChain.doFilter(ApplicationFilterChain.java:144)
		at org.apache.catalina.filters.CorsFilter.handleNonCORS(CorsFilter.java:331)
		at org.apache.catalina.filters.CorsFilter.doFilter(CorsFilter.java:158)
		at org.apache.catalina.core.ApplicationFilterChain.internalDoFilter(ApplicationFilterChain.java:168)
		at org.apache.catalina.core.ApplicationFilterChain.doFilter(ApplicationFilterChain.java:144)
		at org.apache.catalina.filters.HttpHeaderSecurityFilter.doFilter(HttpHeaderSecurityFilter.java:129)
		at org.apache.catalina.core.ApplicationFilterChain.internalDoFilter(ApplicationFilterChain.java:168)
		at org.apache.catalina.core.ApplicationFilterChain.doFilter(ApplicationFilterChain.java:144)
		at org.springframework.security.web.FilterChainProxy$VirtualFilterChain.doFilter(FilterChainProxy.java:337)
		at thredds.servlet.filter.RequestBracketingLogMessageFilter.doFilter(RequestBracketingLogMessageFilter.java:50)
		at org.springframework.security.web.FilterChainProxy$VirtualFilterChain.doFilter(FilterChainProxy.java:346)
		at thredds.servlet.filter.RequestQueryFilter.doFilter(RequestQueryFilter.java:90)
		at org.springframework.security.web.FilterChainProxy$VirtualFilterChain.doFilter(FilterChainProxy.java:346)
		at thredds.servlet.filter.HttpHeadFilter.doFilter(HttpHeadFilter.java:47)
		at org.springframework.security.web.FilterChainProxy$VirtualFilterChain.doFilter(FilterChainProxy.java:346)
		at org.springframework.security.web.FilterChainProxy.doFilterInternal(FilterChainProxy.java:221)
		at org.springframework.security.web.FilterChainProxy.doFilter(FilterChainProxy.java:186)
		at org.springframework.web.filter.DelegatingFilterProxy.invokeDelegate(DelegatingFilterProxy.java:354)
		at org.springframework.web.filter.DelegatingFilterProxy.doFilter(DelegatingFilterProxy.java:267)
		at org.apache.catalina.core.ApplicationFilterChain.internalDoFilter(ApplicationFilterChain.java:168)
		at org.apache.catalina.core.ApplicationFilterChain.doFilter(ApplicationFilterChain.java:144)
		at org.apache.logging.log4j.web.Log4jServletFilter.doFilter(Log4jServletFilter.java:71)
		at org.apache.catalina.core.ApplicationFilterChain.internalDoFilter(ApplicationFilterChain.java:168)
		at org.apache.catalina.core.ApplicationFilterChain.doFilter(ApplicationFilterChain.java:144)
		at org.apache.catalina.core.StandardWrapperValve.invoke(StandardWrapperValve.java:168)
		at org.apache.catalina.core.StandardContextValve.invoke(StandardContextValve.java:90)
		at org.apache.catalina.authenticator.AuthenticatorBase.invoke(AuthenticatorBase.java:482)
		at org.apache.catalina.core.StandardHostValve.invoke(StandardHostValve.java:130)
		at org.apache.catalina.valves.ErrorReportValve.invoke(ErrorReportValve.java:93)
		at org.apache.catalina.valves.AbstractAccessLogValve.invoke(AbstractAccessLogValve.java:660)
		at org.apache.catalina.core.StandardEngineValve.invoke(StandardEngineValve.java:74)
		at org.apache.catalina.connector.CoyoteAdapter.service(CoyoteAdapter.java:346)
		at org.apache.coyote.http11.Http11Processor.service(Http11Processor.java:388)
		at org.apache.coyote.AbstractProcessorLight.process(AbstractProcessorLight.java:63)
		at org.apache.coyote.AbstractProtocol$ConnectionHandler.process(AbstractProtocol.java:936)
		at org.apache.tomcat.util.net.NioEndpoint$SocketProcessor.doRun(NioEndpoint.java:1791)
		at org.apache.tomcat.util.net.SocketProcessorBase.run(SocketProcessorBase.java:52)
		at org.apache.tomcat.util.threads.ThreadPoolExecutor.runWorker(ThreadPoolExecutor.java:1190)
		at org.apache.tomcat.util.threads.ThreadPoolExecutor$Worker.run(ThreadPoolExecutor.java:659)
		at org.apache.tomcat.util.threads.TaskThread$WrappingRunnable.run(TaskThread.java:63)
		at java.base/java.lang.Thread.run(Thread.java:829)
	Caused by: java.lang.NullPointerException
		at uk.ac.rdg.resc.edal.graphics.style.RasterLayer.drawIntoImage(RasterLayer.java:82)
		at uk.ac.rdg.resc.edal.graphics.style.GriddedImageLayer.drawIntoImage(GriddedImageLayer.java:180)
		at uk.ac.rdg.resc.edal.graphics.style.ImageLayer.drawImage(ImageLayer.java:51)
		at uk.ac.rdg.resc.edal.graphics.style.MapImage.drawImage(MapImage.java:70)
		at uk.ac.rdg.resc.edal.wms.WmsServlet.getMap(WmsServlet.java:533)
		at uk.ac.rdg.resc.edal.wms.WmsServlet.dispatchWmsRequest(WmsServlet.java:365)
		at thredds.server.wms.ThreddsWmsServlet.dispatchWmsRequest(ThreddsWmsServlet.java:119)
		at uk.ac.rdg.resc.edal.wms.WmsServlet.doGet(WmsServlet.java:300)
		... 47 more
24-Jan-2025 02:39:24.446 SEVERE [http-nio-8080-exec-163] org.apache.catalina.core.StandardWrapperValve.invoke Servlet.service() for servlet [wms] in context with path [/thredds] threw exception
	java.io.IOException: java.lang.NullPointerException
		at uk.ac.rdg.resc.edal.wms.WmsServlet.doGet(WmsServlet.java:338)
		at javax.servlet.http.HttpServlet.service(HttpServlet.java:529)
		at javax.servlet.http.HttpServlet.service(HttpServlet.java:623)
		at org.apache.catalina.core.ApplicationFilterChain.internalDoFilter(ApplicationFilterChain.java:199)
		at org.apache.catalina.core.ApplicationFilterChain.doFilter(ApplicationFilterChain.java:144)
		at org.apache.tomcat.websocket.server.WsFilter.doFilter(WsFilter.java:51)
		at org.apache.catalina.core.ApplicationFilterChain.internalDoFilter(ApplicationFilterChain.java:168)
		at org.apache.catalina.core.ApplicationFilterChain.doFilter(ApplicationFilterChain.java:144)
		at org.apache.catalina.filters.CorsFilter.handleNonCORS(CorsFilter.java:331)
		at org.apache.catalina.filters.CorsFilter.doFilter(CorsFilter.java:158)
		at org.apache.catalina.core.ApplicationFilterChain.internalDoFilter(ApplicationFilterChain.java:168)
		at org.apache.catalina.core.ApplicationFilterChain.doFilter(ApplicationFilterChain.java:144)
		at org.apache.catalina.filters.HttpHeaderSecurityFilter.doFilter(HttpHeaderSecurityFilter.java:129)
		at org.apache.catalina.core.ApplicationFilterChain.internalDoFilter(ApplicationFilterChain.java:168)
		at org.apache.catalina.core.ApplicationFilterChain.doFilter(ApplicationFilterChain.java:144)
		at org.springframework.security.web.FilterChainProxy$VirtualFilterChain.doFilter(FilterChainProxy.java:337)
		at thredds.servlet.filter.RequestBracketingLogMessageFilter.doFilter(RequestBracketingLogMessageFilter.java:50)
		at org.springframework.security.web.FilterChainProxy$VirtualFilterChain.doFilter(FilterChainProxy.java:346)
		at thredds.servlet.filter.RequestQueryFilter.doFilter(RequestQueryFilter.java:90)
		at org.springframework.security.web.FilterChainProxy$VirtualFilterChain.doFilter(FilterChainProxy.java:346)
		at thredds.servlet.filter.HttpHeadFilter.doFilter(HttpHeadFilter.java:47)
		at org.springframework.security.web.FilterChainProxy$VirtualFilterChain.doFilter(FilterChainProxy.java:346)
		at org.springframework.security.web.FilterChainProxy.doFilterInternal(FilterChainProxy.java:221)
		at org.springframework.security.web.FilterChainProxy.doFilter(FilterChainProxy.java:186)
		at org.springframework.web.filter.DelegatingFilterProxy.invokeDelegate(DelegatingFilterProxy.java:354)
		at org.springframework.web.filter.DelegatingFilterProxy.doFilter(DelegatingFilterProxy.java:267)
		at org.apache.catalina.core.ApplicationFilterChain.internalDoFilter(ApplicationFilterChain.java:168)
		at org.apache.catalina.core.ApplicationFilterChain.doFilter(ApplicationFilterChain.java:144)
		at org.apache.logging.log4j.web.Log4jServletFilter.doFilter(Log4jServletFilter.java:71)
		at org.apache.catalina.core.ApplicationFilterChain.internalDoFilter(ApplicationFilterChain.java:168)
		at org.apache.catalina.core.ApplicationFilterChain.doFilter(ApplicationFilterChain.java:144)
		at org.apache.catalina.core.StandardWrapperValve.invoke(StandardWrapperValve.java:168)
		at org.apache.catalina.core.StandardContextValve.invoke(StandardContextValve.java:90)
		at org.apache.catalina.authenticator.AuthenticatorBase.invoke(AuthenticatorBase.java:482)
		at org.apache.catalina.core.StandardHostValve.invoke(StandardHostValve.java:130)
		at org.apache.catalina.valves.ErrorReportValve.invoke(ErrorReportValve.java:93)
		at org.apache.catalina.valves.AbstractAccessLogValve.invoke(AbstractAccessLogValve.java:660)
		at org.apache.catalina.core.StandardEngineValve.invoke(StandardEngineValve.java:74)
		at org.apache.catalina.connector.CoyoteAdapter.service(CoyoteAdapter.java:346)
		at org.apache.coyote.http11.Http11Processor.service(Http11Processor.java:388)
		at org.apache.coyote.AbstractProcessorLight.process(AbstractProcessorLight.java:63)
		at org.apache.coyote.AbstractProtocol$ConnectionHandler.process(AbstractProtocol.java:936)
		at org.apache.tomcat.util.net.NioEndpoint$SocketProcessor.doRun(NioEndpoint.java:1791)
		at org.apache.tomcat.util.net.SocketProcessorBase.run(SocketProcessorBase.java:52)
		at org.apache.tomcat.util.threads.ThreadPoolExecutor.runWorker(ThreadPoolExecutor.java:1190)
		at org.apache.tomcat.util.threads.ThreadPoolExecutor$Worker.run(ThreadPoolExecutor.java:659)
		at org.apache.tomcat.util.threads.TaskThread$WrappingRunnable.run(TaskThread.java:63)
		at java.base/java.lang.Thread.run(Thread.java:829)
	Caused by: java.lang.NullPointerException
		at uk.ac.rdg.resc.edal.graphics.style.RasterLayer.drawIntoImage(RasterLayer.java:82)
		at uk.ac.rdg.resc.edal.graphics.style.GriddedImageLayer.drawIntoImage(GriddedImageLayer.java:180)
		at uk.ac.rdg.resc.edal.graphics.style.ImageLayer.drawImage(ImageLayer.java:51)
		at uk.ac.rdg.resc.edal.graphics.style.MapImage.drawImage(MapImage.java:70)
		at uk.ac.rdg.resc.edal.wms.WmsServlet.getMap(WmsServlet.java:533)
		at uk.ac.rdg.resc.edal.wms.WmsServlet.dispatchWmsRequest(WmsServlet.java:365)
		at thredds.server.wms.ThreddsWmsServlet.dispatchWmsRequest(ThreddsWmsServlet.java:119)
		at uk.ac.rdg.resc.edal.wms.WmsServlet.doGet(WmsServlet.java:300)
		... 47 more
24-Jan-2025 02:41:23.552 INFO [main] org.apache.catalina.core.ApplicationContext.log No Spring WebApplicationInitializer types detected on classpath
24-Jan-2025 02:41:24.609 INFO [main] org.apache.catalina.core.ApplicationContext.log Initializing Spring root WebApplicationContext
24-Jan-2025 02:41:35.231 INFO [main] org.apache.catalina.core.ApplicationContext.log Initializing Spring DispatcherServlet 'spring'
24-Jan-2025 02:44:13.448 INFO [main] org.apache.catalina.core.ApplicationContext.log No Spring WebApplicationInitializer types detected on classpath
24-Jan-2025 02:44:14.480 INFO [main] org.apache.catalina.core.ApplicationContext.log Initializing Spring root WebApplicationContext
24-Jan-2025 02:44:27.017 INFO [main] org.apache.catalina.core.ApplicationContext.log Initializing Spring DispatcherServlet 'spring'
24-Jan-2025 02:44:39.435 SEVERE [http-nio-8080-exec-3] org.apache.catalina.core.StandardWrapperValve.invoke Servlet.service() for servlet [wms] in context with path [/thredds] threw exception
	java.io.IOException: java.lang.NullPointerException
		at uk.ac.rdg.resc.edal.wms.WmsServlet.doGet(WmsServlet.java:338)
		at javax.servlet.http.HttpServlet.service(HttpServlet.java:529)
		at javax.servlet.http.HttpServlet.service(HttpServlet.java:623)
		at org.apache.catalina.core.ApplicationFilterChain.internalDoFilter(ApplicationFilterChain.java:199)
		at org.apache.catalina.core.ApplicationFilterChain.doFilter(ApplicationFilterChain.java:144)
		at org.apache.tomcat.websocket.server.WsFilter.doFilter(WsFilter.java:51)
		at org.apache.catalina.core.ApplicationFilterChain.internalDoFilter(ApplicationFilterChain.java:168)
		at org.apache.catalina.core.ApplicationFilterChain.doFilter(ApplicationFilterChain.java:144)
		at org.apache.catalina.filters.CorsFilter.handleNonCORS(CorsFilter.java:331)
		at org.apache.catalina.filters.CorsFilter.doFilter(CorsFilter.java:158)
		at org.apache.catalina.core.ApplicationFilterChain.internalDoFilter(ApplicationFilterChain.java:168)
		at org.apache.catalina.core.ApplicationFilterChain.doFilter(ApplicationFilterChain.java:144)
		at org.apache.catalina.filters.HttpHeaderSecurityFilter.doFilter(HttpHeaderSecurityFilter.java:129)
		at org.apache.catalina.core.ApplicationFilterChain.internalDoFilter(ApplicationFilterChain.java:168)
		at org.apache.catalina.core.ApplicationFilterChain.doFilter(ApplicationFilterChain.java:144)
		at org.springframework.security.web.FilterChainProxy$VirtualFilterChain.doFilter(FilterChainProxy.java:337)
		at thredds.servlet.filter.RequestBracketingLogMessageFilter.doFilter(RequestBracketingLogMessageFilter.java:50)
		at org.springframework.security.web.FilterChainProxy$VirtualFilterChain.doFilter(FilterChainProxy.java:346)
		at thredds.servlet.filter.RequestQueryFilter.doFilter(RequestQueryFilter.java:90)
		at org.springframework.security.web.FilterChainProxy$VirtualFilterChain.doFilter(FilterChainProxy.java:346)
		at thredds.servlet.filter.HttpHeadFilter.doFilter(HttpHeadFilter.java:47)
		at org.springframework.security.web.FilterChainProxy$VirtualFilterChain.doFilter(FilterChainProxy.java:346)
		at org.springframework.security.web.FilterChainProxy.doFilterInternal(FilterChainProxy.java:221)
		at org.springframework.security.web.FilterChainProxy.doFilter(FilterChainProxy.java:186)
		at org.springframework.web.filter.DelegatingFilterProxy.invokeDelegate(DelegatingFilterProxy.java:354)
		at org.springframework.web.filter.DelegatingFilterProxy.doFilter(DelegatingFilterProxy.java:267)
		at org.apache.catalina.core.ApplicationFilterChain.internalDoFilter(ApplicationFilterChain.java:168)
		at org.apache.catalina.core.ApplicationFilterChain.doFilter(ApplicationFilterChain.java:144)
		at org.apache.logging.log4j.web.Log4jServletFilter.doFilter(Log4jServletFilter.java:71)
		at org.apache.catalina.core.ApplicationFilterChain.internalDoFilter(ApplicationFilterChain.java:168)
		at org.apache.catalina.core.ApplicationFilterChain.doFilter(ApplicationFilterChain.java:144)
		at org.apache.catalina.core.StandardWrapperValve.invoke(StandardWrapperValve.java:168)
		at org.apache.catalina.core.StandardContextValve.invoke(StandardContextValve.java:90)
		at org.apache.catalina.authenticator.AuthenticatorBase.invoke(AuthenticatorBase.java:482)
		at org.apache.catalina.core.StandardHostValve.invoke(StandardHostValve.java:130)
		at org.apache.catalina.valves.ErrorReportValve.invoke(ErrorReportValve.java:93)
		at org.apache.catalina.valves.AbstractAccessLogValve.invoke(AbstractAccessLogValve.java:660)
		at org.apache.catalina.core.StandardEngineValve.invoke(StandardEngineValve.java:74)
		at org.apache.catalina.connector.CoyoteAdapter.service(CoyoteAdapter.java:346)
		at org.apache.coyote.http11.Http11Processor.service(Http11Processor.java:388)
		at org.apache.coyote.AbstractProcessorLight.process(AbstractProcessorLight.java:63)
		at org.apache.coyote.AbstractProtocol$ConnectionHandler.process(AbstractProtocol.java:936)
		at org.apache.tomcat.util.net.NioEndpoint$SocketProcessor.doRun(NioEndpoint.java:1791)
		at org.apache.tomcat.util.net.SocketProcessorBase.run(SocketProcessorBase.java:52)
		at org.apache.tomcat.util.threads.ThreadPoolExecutor.runWorker(ThreadPoolExecutor.java:1190)
		at org.apache.tomcat.util.threads.ThreadPoolExecutor$Worker.run(ThreadPoolExecutor.java:659)
		at org.apache.tomcat.util.threads.TaskThread$WrappingRunnable.run(TaskThread.java:63)
		at java.base/java.lang.Thread.run(Thread.java:829)
	Caused by: java.lang.NullPointerException
		at uk.ac.rdg.resc.edal.graphics.style.RasterLayer.drawIntoImage(RasterLayer.java:82)
		at uk.ac.rdg.resc.edal.graphics.style.GriddedImageLayer.drawIntoImage(GriddedImageLayer.java:180)
		at uk.ac.rdg.resc.edal.graphics.style.ImageLayer.drawImage(ImageLayer.java:51)
		at uk.ac.rdg.resc.edal.graphics.style.MapImage.drawImage(MapImage.java:70)
		at uk.ac.rdg.resc.edal.wms.WmsServlet.getMap(WmsServlet.java:533)
		at uk.ac.rdg.resc.edal.wms.WmsServlet.dispatchWmsRequest(WmsServlet.java:365)
		at thredds.server.wms.ThreddsWmsServlet.dispatchWmsRequest(ThreddsWmsServlet.java:119)
		at uk.ac.rdg.resc.edal.wms.WmsServlet.doGet(WmsServlet.java:300)
		... 47 more
24-Jan-2025 02:44:39.569 SEVERE [http-nio-8080-exec-5] org.apache.catalina.core.StandardWrapperValve.invoke Servlet.service() for servlet [wms] in context with path [/thredds] threw exception
	java.io.IOException: java.lang.NullPointerException
		at uk.ac.rdg.resc.edal.wms.WmsServlet.doGet(WmsServlet.java:338)
		at javax.servlet.http.HttpServlet.service(HttpServlet.java:529)
		at javax.servlet.http.HttpServlet.service(HttpServlet.java:623)
		at org.apache.catalina.core.ApplicationFilterChain.internalDoFilter(ApplicationFilterChain.java:199)
		at org.apache.catalina.core.ApplicationFilterChain.doFilter(ApplicationFilterChain.java:144)
		at org.apache.tomcat.websocket.server.WsFilter.doFilter(WsFilter.java:51)
		at org.apache.catalina.core.ApplicationFilterChain.internalDoFilter(ApplicationFilterChain.java:168)
		at org.apache.catalina.core.ApplicationFilterChain.doFilter(ApplicationFilterChain.java:144)
		at org.apache.catalina.filters.CorsFilter.handleNonCORS(CorsFilter.java:331)
		at org.apache.catalina.filters.CorsFilter.doFilter(CorsFilter.java:158)
		at org.apache.catalina.core.ApplicationFilterChain.internalDoFilter(ApplicationFilterChain.java:168)
		at org.apache.catalina.core.ApplicationFilterChain.doFilter(ApplicationFilterChain.java:144)
		at org.apache.catalina.filters.HttpHeaderSecurityFilter.doFilter(HttpHeaderSecurityFilter.java:129)
		at org.apache.catalina.core.ApplicationFilterChain.internalDoFilter(ApplicationFilterChain.java:168)
		at org.apache.catalina.core.ApplicationFilterChain.doFilter(ApplicationFilterChain.java:144)
		at org.springframework.security.web.FilterChainProxy$VirtualFilterChain.doFilter(FilterChainProxy.java:337)
		at thredds.servlet.filter.RequestBracketingLogMessageFilter.doFilter(RequestBracketingLogMessageFilter.java:50)
		at org.springframework.security.web.FilterChainProxy$VirtualFilterChain.doFilter(FilterChainProxy.java:346)
		at thredds.servlet.filter.RequestQueryFilter.doFilter(RequestQueryFilter.java:90)
		at org.springframework.security.web.FilterChainProxy$VirtualFilterChain.doFilter(FilterChainProxy.java:346)
		at thredds.servlet.filter.HttpHeadFilter.doFilter(HttpHeadFilter.java:47)
		at org.springframework.security.web.FilterChainProxy$VirtualFilterChain.doFilter(FilterChainProxy.java:346)
		at org.springframework.security.web.FilterChainProxy.doFilterInternal(FilterChainProxy.java:221)
		at org.springframework.security.web.FilterChainProxy.doFilter(FilterChainProxy.java:186)
		at org.springframework.web.filter.DelegatingFilterProxy.invokeDelegate(DelegatingFilterProxy.java:354)
		at org.springframework.web.filter.DelegatingFilterProxy.doFilter(DelegatingFilterProxy.java:267)
		at org.apache.catalina.core.ApplicationFilterChain.internalDoFilter(ApplicationFilterChain.java:168)
		at org.apache.catalina.core.ApplicationFilterChain.doFilter(ApplicationFilterChain.java:144)
		at org.apache.logging.log4j.web.Log4jServletFilter.doFilter(Log4jServletFilter.java:71)
		at org.apache.catalina.core.ApplicationFilterChain.internalDoFilter(ApplicationFilterChain.java:168)
		at org.apache.catalina.core.ApplicationFilterChain.doFilter(ApplicationFilterChain.java:144)
		at org.apache.catalina.core.StandardWrapperValve.invoke(StandardWrapperValve.java:168)
		at org.apache.catalina.core.StandardContextValve.invoke(StandardContextValve.java:90)
		at org.apache.catalina.authenticator.AuthenticatorBase.invoke(AuthenticatorBase.java:482)
		at org.apache.catalina.core.StandardHostValve.invoke(StandardHostValve.java:130)
		at org.apache.catalina.valves.ErrorReportValve.invoke(ErrorReportValve.java:93)
		at org.apache.catalina.valves.AbstractAccessLogValve.invoke(AbstractAccessLogValve.java:660)
		at org.apache.catalina.core.StandardEngineValve.invoke(StandardEngineValve.java:74)
		at org.apache.catalina.connector.CoyoteAdapter.service(CoyoteAdapter.java:346)
		at org.apache.coyote.http11.Http11Processor.service(Http11Processor.java:388)
		at org.apache.coyote.AbstractProcessorLight.process(AbstractProcessorLight.java:63)
		at org.apache.coyote.AbstractProtocol$ConnectionHandler.process(AbstractProtocol.java:936)
		at org.apache.tomcat.util.net.NioEndpoint$SocketProcessor.doRun(NioEndpoint.java:1791)
		at org.apache.tomcat.util.net.SocketProcessorBase.run(SocketProcessorBase.java:52)
		at org.apache.tomcat.util.threads.ThreadPoolExecutor.runWorker(ThreadPoolExecutor.java:1190)
		at org.apache.tomcat.util.threads.ThreadPoolExecutor$Worker.run(ThreadPoolExecutor.java:659)
		at org.apache.tomcat.util.threads.TaskThread$WrappingRunnable.run(TaskThread.java:63)
		at java.base/java.lang.Thread.run(Thread.java:829)
	Caused by: java.lang.NullPointerException
		at uk.ac.rdg.resc.edal.graphics.style.RasterLayer.drawIntoImage(RasterLayer.java:82)
		at uk.ac.rdg.resc.edal.graphics.style.GriddedImageLayer.drawIntoImage(GriddedImageLayer.java:180)
		at uk.ac.rdg.resc.edal.graphics.style.ImageLayer.drawImage(ImageLayer.java:51)
		at uk.ac.rdg.resc.edal.graphics.style.MapImage.drawImage(MapImage.java:70)
		at uk.ac.rdg.resc.edal.wms.WmsServlet.getMap(WmsServlet.java:533)
		at uk.ac.rdg.resc.edal.wms.WmsServlet.dispatchWmsRequest(WmsServlet.java:365)
		at thredds.server.wms.ThreddsWmsServlet.dispatchWmsRequest(ThreddsWmsServlet.java:119)
		at uk.ac.rdg.resc.edal.wms.WmsServlet.doGet(WmsServlet.java:300)
		... 47 more
24-Jan-2025 02:44:39.606 SEVERE [http-nio-8080-exec-4] org.apache.catalina.core.StandardWrapperValve.invoke Servlet.service() for servlet [wms] in context with path [/thredds] threw exception
	java.io.IOException: java.lang.NullPointerException
		at uk.ac.rdg.resc.edal.wms.WmsServlet.doGet(WmsServlet.java:338)
		at javax.servlet.http.HttpServlet.service(HttpServlet.java:529)
		at javax.servlet.http.HttpServlet.service(HttpServlet.java:623)
		at org.apache.catalina.core.ApplicationFilterChain.internalDoFilter(ApplicationFilterChain.java:199)
		at org.apache.catalina.core.ApplicationFilterChain.doFilter(ApplicationFilterChain.java:144)
		at org.apache.tomcat.websocket.server.WsFilter.doFilter(WsFilter.java:51)
		at org.apache.catalina.core.ApplicationFilterChain.internalDoFilter(ApplicationFilterChain.java:168)
		at org.apache.catalina.core.ApplicationFilterChain.doFilter(ApplicationFilterChain.java:144)
		at org.apache.catalina.filters.CorsFilter.handleNonCORS(CorsFilter.java:331)
		at org.apache.catalina.filters.CorsFilter.doFilter(CorsFilter.java:158)
		at org.apache.catalina.core.ApplicationFilterChain.internalDoFilter(ApplicationFilterChain.java:168)
		at org.apache.catalina.core.ApplicationFilterChain.doFilter(ApplicationFilterChain.java:144)
		at org.apache.catalina.filters.HttpHeaderSecurityFilter.doFilter(HttpHeaderSecurityFilter.java:129)
		at org.apache.catalina.core.ApplicationFilterChain.internalDoFilter(ApplicationFilterChain.java:168)
		at org.apache.catalina.core.ApplicationFilterChain.doFilter(ApplicationFilterChain.java:144)
		at org.springframework.security.web.FilterChainProxy$VirtualFilterChain.doFilter(FilterChainProxy.java:337)
		at thredds.servlet.filter.RequestBracketingLogMessageFilter.doFilter(RequestBracketingLogMessageFilter.java:50)
		at org.springframework.security.web.FilterChainProxy$VirtualFilterChain.doFilter(FilterChainProxy.java:346)
		at thredds.servlet.filter.RequestQueryFilter.doFilter(RequestQueryFilter.java:90)
		at org.springframework.security.web.FilterChainProxy$VirtualFilterChain.doFilter(FilterChainProxy.java:346)
		at thredds.servlet.filter.HttpHeadFilter.doFilter(HttpHeadFilter.java:47)
		at org.springframework.security.web.FilterChainProxy$VirtualFilterChain.doFilter(FilterChainProxy.java:346)
		at org.springframework.security.web.FilterChainProxy.doFilterInternal(FilterChainProxy.java:221)
		at org.springframework.security.web.FilterChainProxy.doFilter(FilterChainProxy.java:186)
		at org.springframework.web.filter.DelegatingFilterProxy.invokeDelegate(DelegatingFilterProxy.java:354)
		at org.springframework.web.filter.DelegatingFilterProxy.doFilter(DelegatingFilterProxy.java:267)
		at org.apache.catalina.core.ApplicationFilterChain.internalDoFilter(ApplicationFilterChain.java:168)
		at org.apache.catalina.core.ApplicationFilterChain.doFilter(ApplicationFilterChain.java:144)
		at org.apache.logging.log4j.web.Log4jServletFilter.doFilter(Log4jServletFilter.java:71)
		at org.apache.catalina.core.ApplicationFilterChain.internalDoFilter(ApplicationFilterChain.java:168)
		at org.apache.catalina.core.ApplicationFilterChain.doFilter(ApplicationFilterChain.java:144)
		at org.apache.catalina.core.StandardWrapperValve.invoke(StandardWrapperValve.java:168)
		at org.apache.catalina.core.StandardContextValve.invoke(StandardContextValve.java:90)
		at org.apache.catalina.authenticator.AuthenticatorBase.invoke(AuthenticatorBase.java:482)
		at org.apache.catalina.core.StandardHostValve.invoke(StandardHostValve.java:130)
		at org.apache.catalina.valves.ErrorReportValve.invoke(ErrorReportValve.java:93)
		at org.apache.catalina.valves.AbstractAccessLogValve.invoke(AbstractAccessLogValve.java:660)
		at org.apache.catalina.core.StandardEngineValve.invoke(StandardEngineValve.java:74)
		at org.apache.catalina.connector.CoyoteAdapter.service(CoyoteAdapter.java:346)
		at org.apache.coyote.http11.Http11Processor.service(Http11Processor.java:388)
		at org.apache.coyote.AbstractProcessorLight.process(AbstractProcessorLight.java:63)
		at org.apache.coyote.AbstractProtocol$ConnectionHandler.process(AbstractProtocol.java:936)
		at org.apache.tomcat.util.net.NioEndpoint$SocketProcessor.doRun(NioEndpoint.java:1791)
		at org.apache.tomcat.util.net.SocketProcessorBase.run(SocketProcessorBase.java:52)
		at org.apache.tomcat.util.threads.ThreadPoolExecutor.runWorker(ThreadPoolExecutor.java:1190)
		at org.apache.tomcat.util.threads.ThreadPoolExecutor$Worker.run(ThreadPoolExecutor.java:659)
		at org.apache.tomcat.util.threads.TaskThread$WrappingRunnable.run(TaskThread.java:63)
		at java.base/java.lang.Thread.run(Thread.java:829)
	Caused by: java.lang.NullPointerException
		at uk.ac.rdg.resc.edal.graphics.style.RasterLayer.drawIntoImage(RasterLayer.java:82)
		at uk.ac.rdg.resc.edal.graphics.style.GriddedImageLayer.drawIntoImage(GriddedImageLayer.java:180)
		at uk.ac.rdg.resc.edal.graphics.style.ImageLayer.drawImage(ImageLayer.java:51)
		at uk.ac.rdg.resc.edal.graphics.style.MapImage.drawImage(MapImage.java:70)
		at uk.ac.rdg.resc.edal.wms.WmsServlet.getMap(WmsServlet.java:533)
		at uk.ac.rdg.resc.edal.wms.WmsServlet.dispatchWmsRequest(WmsServlet.java:365)
		at thredds.server.wms.ThreddsWmsServlet.dispatchWmsRequest(ThreddsWmsServlet.java:119)
		at uk.ac.rdg.resc.edal.wms.WmsServlet.doGet(WmsServlet.java:300)
		... 47 more
24-Jan-2025 02:44:39.652 SEVERE [http-nio-8080-exec-6] org.apache.catalina.core.StandardWrapperValve.invoke Servlet.service() for servlet [wms] in context with path [/thredds] threw exception
	java.io.IOException: java.lang.NullPointerException
		at uk.ac.rdg.resc.edal.wms.WmsServlet.doGet(WmsServlet.java:338)
		at javax.servlet.http.HttpServlet.service(HttpServlet.java:529)
		at javax.servlet.http.HttpServlet.service(HttpServlet.java:623)
		at org.apache.catalina.core.ApplicationFilterChain.internalDoFilter(ApplicationFilterChain.java:199)
		at org.apache.catalina.core.ApplicationFilterChain.doFilter(ApplicationFilterChain.java:144)
		at org.apache.tomcat.websocket.server.WsFilter.doFilter(WsFilter.java:51)
		at org.apache.catalina.core.ApplicationFilterChain.internalDoFilter(ApplicationFilterChain.java:168)
		at org.apache.catalina.core.ApplicationFilterChain.doFilter(ApplicationFilterChain.java:144)
		at org.apache.catalina.filters.CorsFilter.handleNonCORS(CorsFilter.java:331)
		at org.apache.catalina.filters.CorsFilter.doFilter(CorsFilter.java:158)
		at org.apache.catalina.core.ApplicationFilterChain.internalDoFilter(ApplicationFilterChain.java:168)
		at org.apache.catalina.core.ApplicationFilterChain.doFilter(ApplicationFilterChain.java:144)
		at org.apache.catalina.filters.HttpHeaderSecurityFilter.doFilter(HttpHeaderSecurityFilter.java:129)
		at org.apache.catalina.core.ApplicationFilterChain.internalDoFilter(ApplicationFilterChain.java:168)
		at org.apache.catalina.core.ApplicationFilterChain.doFilter(ApplicationFilterChain.java:144)
		at org.springframework.security.web.FilterChainProxy$VirtualFilterChain.doFilter(FilterChainProxy.java:337)
		at thredds.servlet.filter.RequestBracketingLogMessageFilter.doFilter(RequestBracketingLogMessageFilter.java:50)
		at org.springframework.security.web.FilterChainProxy$VirtualFilterChain.doFilter(FilterChainProxy.java:346)
		at thredds.servlet.filter.RequestQueryFilter.doFilter(RequestQueryFilter.java:90)
		at org.springframework.security.web.FilterChainProxy$VirtualFilterChain.doFilter(FilterChainProxy.java:346)
		at thredds.servlet.filter.HttpHeadFilter.doFilter(HttpHeadFilter.java:47)
		at org.springframework.security.web.FilterChainProxy$VirtualFilterChain.doFilter(FilterChainProxy.java:346)
		at org.springframework.security.web.FilterChainProxy.doFilterInternal(FilterChainProxy.java:221)
		at org.springframework.security.web.FilterChainProxy.doFilter(FilterChainProxy.java:186)
		at org.springframework.web.filter.DelegatingFilterProxy.invokeDelegate(DelegatingFilterProxy.java:354)
		at org.springframework.web.filter.DelegatingFilterProxy.doFilter(DelegatingFilterProxy.java:267)
		at org.apache.catalina.core.ApplicationFilterChain.internalDoFilter(ApplicationFilterChain.java:168)
		at org.apache.catalina.core.ApplicationFilterChain.doFilter(ApplicationFilterChain.java:144)
		at org.apache.logging.log4j.web.Log4jServletFilter.doFilter(Log4jServletFilter.java:71)
		at org.apache.catalina.core.ApplicationFilterChain.internalDoFilter(ApplicationFilterChain.java:168)
		at org.apache.catalina.core.ApplicationFilterChain.doFilter(ApplicationFilterChain.java:144)
		at org.apache.catalina.core.StandardWrapperValve.invoke(StandardWrapperValve.java:168)
		at org.apache.catalina.core.StandardContextValve.invoke(StandardContextValve.java:90)
		at org.apache.catalina.authenticator.AuthenticatorBase.invoke(AuthenticatorBase.java:482)
		at org.apache.catalina.core.StandardHostValve.invoke(StandardHostValve.java:130)
		at org.apache.catalina.valves.ErrorReportValve.invoke(ErrorReportValve.java:93)
		at org.apache.catalina.valves.AbstractAccessLogValve.invoke(AbstractAccessLogValve.java:660)
		at org.apache.catalina.core.StandardEngineValve.invoke(StandardEngineValve.java:74)
		at org.apache.catalina.connector.CoyoteAdapter.service(CoyoteAdapter.java:346)
		at org.apache.coyote.http11.Http11Processor.service(Http11Processor.java:388)
		at org.apache.coyote.AbstractProcessorLight.process(AbstractProcessorLight.java:63)
		at org.apache.coyote.AbstractProtocol$ConnectionHandler.process(AbstractProtocol.java:936)
		at org.apache.tomcat.util.net.NioEndpoint$SocketProcessor.doRun(NioEndpoint.java:1791)
		at org.apache.tomcat.util.net.SocketProcessorBase.run(SocketProcessorBase.java:52)
		at org.apache.tomcat.util.threads.ThreadPoolExecutor.runWorker(ThreadPoolExecutor.java:1190)
		at org.apache.tomcat.util.threads.ThreadPoolExecutor$Worker.run(ThreadPoolExecutor.java:659)
		at org.apache.tomcat.util.threads.TaskThread$WrappingRunnable.run(TaskThread.java:63)
		at java.base/java.lang.Thread.run(Thread.java:829)
	Caused by: java.lang.NullPointerException
		at uk.ac.rdg.resc.edal.graphics.style.RasterLayer.drawIntoImage(RasterLayer.java:82)
		at uk.ac.rdg.resc.edal.graphics.style.GriddedImageLayer.drawIntoImage(GriddedImageLayer.java:180)
		at uk.ac.rdg.resc.edal.graphics.style.ImageLayer.drawImage(ImageLayer.java:51)
		at uk.ac.rdg.resc.edal.graphics.style.MapImage.drawImage(MapImage.java:70)
		at uk.ac.rdg.resc.edal.wms.WmsServlet.getMap(WmsServlet.java:533)
		at uk.ac.rdg.resc.edal.wms.WmsServlet.dispatchWmsRequest(WmsServlet.java:365)
		at thredds.server.wms.ThreddsWmsServlet.dispatchWmsRequest(ThreddsWmsServlet.java:119)
		at uk.ac.rdg.resc.edal.wms.WmsServlet.doGet(WmsServlet.java:300)
		... 47 more
24-Jan-2025 02:44:39.702 SEVERE [http-nio-8080-exec-7] org.apache.catalina.core.StandardWrapperValve.invoke Servlet.service() for servlet [wms] in context with path [/thredds] threw exception
	java.io.IOException: java.lang.NullPointerException
		at uk.ac.rdg.resc.edal.wms.WmsServlet.doGet(WmsServlet.java:338)
		at javax.servlet.http.HttpServlet.service(HttpServlet.java:529)
		at javax.servlet.http.HttpServlet.service(HttpServlet.java:623)
		at org.apache.catalina.core.ApplicationFilterChain.internalDoFilter(ApplicationFilterChain.java:199)
		at org.apache.catalina.core.ApplicationFilterChain.doFilter(ApplicationFilterChain.java:144)
		at org.apache.tomcat.websocket.server.WsFilter.doFilter(WsFilter.java:51)
		at org.apache.catalina.core.ApplicationFilterChain.internalDoFilter(ApplicationFilterChain.java:168)
		at org.apache.catalina.core.ApplicationFilterChain.doFilter(ApplicationFilterChain.java:144)
		at org.apache.catalina.filters.CorsFilter.handleNonCORS(CorsFilter.java:331)
		at org.apache.catalina.filters.CorsFilter.doFilter(CorsFilter.java:158)
		at org.apache.catalina.core.ApplicationFilterChain.internalDoFilter(ApplicationFilterChain.java:168)
		at org.apache.catalina.core.ApplicationFilterChain.doFilter(ApplicationFilterChain.java:144)
		at org.apache.catalina.filters.HttpHeaderSecurityFilter.doFilter(HttpHeaderSecurityFilter.java:129)
		at org.apache.catalina.core.ApplicationFilterChain.internalDoFilter(ApplicationFilterChain.java:168)
		at org.apache.catalina.core.ApplicationFilterChain.doFilter(ApplicationFilterChain.java:144)
		at org.springframework.security.web.FilterChainProxy$VirtualFilterChain.doFilter(FilterChainProxy.java:337)
		at thredds.servlet.filter.RequestBracketingLogMessageFilter.doFilter(RequestBracketingLogMessageFilter.java:50)
		at org.springframework.security.web.FilterChainProxy$VirtualFilterChain.doFilter(FilterChainProxy.java:346)
		at thredds.servlet.filter.RequestQueryFilter.doFilter(RequestQueryFilter.java:90)
		at org.springframework.security.web.FilterChainProxy$VirtualFilterChain.doFilter(FilterChainProxy.java:346)
		at thredds.servlet.filter.HttpHeadFilter.doFilter(HttpHeadFilter.java:47)
		at org.springframework.security.web.FilterChainProxy$VirtualFilterChain.doFilter(FilterChainProxy.java:346)
		at org.springframework.security.web.FilterChainProxy.doFilterInternal(FilterChainProxy.java:221)
		at org.springframework.security.web.FilterChainProxy.doFilter(FilterChainProxy.java:186)
		at org.springframework.web.filter.DelegatingFilterProxy.invokeDelegate(DelegatingFilterProxy.java:354)
		at org.springframework.web.filter.DelegatingFilterProxy.doFilter(DelegatingFilterProxy.java:267)
		at org.apache.catalina.core.ApplicationFilterChain.internalDoFilter(ApplicationFilterChain.java:168)
		at org.apache.catalina.core.ApplicationFilterChain.doFilter(ApplicationFilterChain.java:144)
		at org.apache.logging.log4j.web.Log4jServletFilter.doFilter(Log4jServletFilter.java:71)
		at org.apache.catalina.core.ApplicationFilterChain.internalDoFilter(ApplicationFilterChain.java:168)
		at org.apache.catalina.core.ApplicationFilterChain.doFilter(ApplicationFilterChain.java:144)
		at org.apache.catalina.core.StandardWrapperValve.invoke(StandardWrapperValve.java:168)
		at org.apache.catalina.core.StandardContextValve.invoke(StandardContextValve.java:90)
		at org.apache.catalina.authenticator.AuthenticatorBase.invoke(AuthenticatorBase.java:482)
		at org.apache.catalina.core.StandardHostValve.invoke(StandardHostValve.java:130)
		at org.apache.catalina.valves.ErrorReportValve.invoke(ErrorReportValve.java:93)
		at org.apache.catalina.valves.AbstractAccessLogValve.invoke(AbstractAccessLogValve.java:660)
		at org.apache.catalina.core.StandardEngineValve.invoke(StandardEngineValve.java:74)
		at org.apache.catalina.connector.CoyoteAdapter.service(CoyoteAdapter.java:346)
		at org.apache.coyote.http11.Http11Processor.service(Http11Processor.java:388)
		at org.apache.coyote.AbstractProcessorLight.process(AbstractProcessorLight.java:63)
		at org.apache.coyote.AbstractProtocol$ConnectionHandler.process(AbstractProtocol.java:936)
		at org.apache.tomcat.util.net.NioEndpoint$SocketProcessor.doRun(NioEndpoint.java:1791)
		at org.apache.tomcat.util.net.SocketProcessorBase.run(SocketProcessorBase.java:52)
		at org.apache.tomcat.util.threads.ThreadPoolExecutor.runWorker(ThreadPoolExecutor.java:1190)
		at org.apache.tomcat.util.threads.ThreadPoolExecutor$Worker.run(ThreadPoolExecutor.java:659)
		at org.apache.tomcat.util.threads.TaskThread$WrappingRunnable.run(TaskThread.java:63)
		at java.base/java.lang.Thread.run(Thread.java:829)
	Caused by: java.lang.NullPointerException
		at uk.ac.rdg.resc.edal.graphics.style.RasterLayer.drawIntoImage(RasterLayer.java:82)
		at uk.ac.rdg.resc.edal.graphics.style.GriddedImageLayer.drawIntoImage(GriddedImageLayer.java:180)
		at uk.ac.rdg.resc.edal.graphics.style.ImageLayer.drawImage(ImageLayer.java:51)
		at uk.ac.rdg.resc.edal.graphics.style.MapImage.drawImage(MapImage.java:70)
		at uk.ac.rdg.resc.edal.wms.WmsServlet.getMap(WmsServlet.java:533)
		at uk.ac.rdg.resc.edal.wms.WmsServlet.dispatchWmsRequest(WmsServlet.java:365)
		at thredds.server.wms.ThreddsWmsServlet.dispatchWmsRequest(ThreddsWmsServlet.java:119)
		at uk.ac.rdg.resc.edal.wms.WmsServlet.doGet(WmsServlet.java:300)
		... 47 more
24-Jan-2025 02:44:39.717 SEVERE [http-nio-8080-exec-1] org.apache.catalina.core.StandardWrapperValve.invoke Servlet.service() for servlet [wms] in context with path [/thredds] threw exception
	java.io.IOException: java.lang.NullPointerException
		at uk.ac.rdg.resc.edal.wms.WmsServlet.doGet(WmsServlet.java:338)
		at javax.servlet.http.HttpServlet.service(HttpServlet.java:529)
		at javax.servlet.http.HttpServlet.service(HttpServlet.java:623)
		at org.apache.catalina.core.ApplicationFilterChain.internalDoFilter(ApplicationFilterChain.java:199)
		at org.apache.catalina.core.ApplicationFilterChain.doFilter(ApplicationFilterChain.java:144)
		at org.apache.tomcat.websocket.server.WsFilter.doFilter(WsFilter.java:51)
		at org.apache.catalina.core.ApplicationFilterChain.internalDoFilter(ApplicationFilterChain.java:168)
		at org.apache.catalina.core.ApplicationFilterChain.doFilter(ApplicationFilterChain.java:144)
		at org.apache.catalina.filters.CorsFilter.handleNonCORS(CorsFilter.java:331)
		at org.apache.catalina.filters.CorsFilter.doFilter(CorsFilter.java:158)
		at org.apache.catalina.core.ApplicationFilterChain.internalDoFilter(ApplicationFilterChain.java:168)
		at org.apache.catalina.core.ApplicationFilterChain.doFilter(ApplicationFilterChain.java:144)
		at org.apache.catalina.filters.HttpHeaderSecurityFilter.doFilter(HttpHeaderSecurityFilter.java:129)
		at org.apache.catalina.core.ApplicationFilterChain.internalDoFilter(ApplicationFilterChain.java:168)
		at org.apache.catalina.core.ApplicationFilterChain.doFilter(ApplicationFilterChain.java:144)
		at org.springframework.security.web.FilterChainProxy$VirtualFilterChain.doFilter(FilterChainProxy.java:337)
		at thredds.servlet.filter.RequestBracketingLogMessageFilter.doFilter(RequestBracketingLogMessageFilter.java:50)
		at org.springframework.security.web.FilterChainProxy$VirtualFilterChain.doFilter(FilterChainProxy.java:346)
		at thredds.servlet.filter.RequestQueryFilter.doFilter(RequestQueryFilter.java:90)
		at org.springframework.security.web.FilterChainProxy$VirtualFilterChain.doFilter(FilterChainProxy.java:346)
		at thredds.servlet.filter.HttpHeadFilter.doFilter(HttpHeadFilter.java:47)
		at org.springframework.security.web.FilterChainProxy$VirtualFilterChain.doFilter(FilterChainProxy.java:346)
		at org.springframework.security.web.FilterChainProxy.doFilterInternal(FilterChainProxy.java:221)
		at org.springframework.security.web.FilterChainProxy.doFilter(FilterChainProxy.java:186)
		at org.springframework.web.filter.DelegatingFilterProxy.invokeDelegate(DelegatingFilterProxy.java:354)
		at org.springframework.web.filter.DelegatingFilterProxy.doFilter(DelegatingFilterProxy.java:267)
		at org.apache.catalina.core.ApplicationFilterChain.internalDoFilter(ApplicationFilterChain.java:168)
		at org.apache.catalina.core.ApplicationFilterChain.doFilter(ApplicationFilterChain.java:144)
		at org.apache.logging.log4j.web.Log4jServletFilter.doFilter(Log4jServletFilter.java:71)
		at org.apache.catalina.core.ApplicationFilterChain.internalDoFilter(ApplicationFilterChain.java:168)
		at org.apache.catalina.core.ApplicationFilterChain.doFilter(ApplicationFilterChain.java:144)
		at org.apache.catalina.core.StandardWrapperValve.invoke(StandardWrapperValve.java:168)
		at org.apache.catalina.core.StandardContextValve.invoke(StandardContextValve.java:90)
		at org.apache.catalina.authenticator.AuthenticatorBase.invoke(AuthenticatorBase.java:482)
		at org.apache.catalina.core.StandardHostValve.invoke(StandardHostValve.java:130)
		at org.apache.catalina.valves.ErrorReportValve.invoke(ErrorReportValve.java:93)
		at org.apache.catalina.valves.AbstractAccessLogValve.invoke(AbstractAccessLogValve.java:660)
		at org.apache.catalina.core.StandardEngineValve.invoke(StandardEngineValve.java:74)
		at org.apache.catalina.connector.CoyoteAdapter.service(CoyoteAdapter.java:346)
		at org.apache.coyote.http11.Http11Processor.service(Http11Processor.java:388)
		at org.apache.coyote.AbstractProcessorLight.process(AbstractProcessorLight.java:63)
		at org.apache.coyote.AbstractProtocol$ConnectionHandler.process(AbstractProtocol.java:936)
		at org.apache.tomcat.util.net.NioEndpoint$SocketProcessor.doRun(NioEndpoint.java:1791)
		at org.apache.tomcat.util.net.SocketProcessorBase.run(SocketProcessorBase.java:52)
		at org.apache.tomcat.util.threads.ThreadPoolExecutor.runWorker(ThreadPoolExecutor.java:1190)
		at org.apache.tomcat.util.threads.ThreadPoolExecutor$Worker.run(ThreadPoolExecutor.java:659)
		at org.apache.tomcat.util.threads.TaskThread$WrappingRunnable.run(TaskThread.java:63)
		at java.base/java.lang.Thread.run(Thread.java:829)
	Caused by: java.lang.NullPointerException
		at uk.ac.rdg.resc.edal.graphics.style.RasterLayer.drawIntoImage(RasterLayer.java:82)
		at uk.ac.rdg.resc.edal.graphics.style.GriddedImageLayer.drawIntoImage(GriddedImageLayer.java:180)
		at uk.ac.rdg.resc.edal.graphics.style.ImageLayer.drawImage(ImageLayer.java:51)
		at uk.ac.rdg.resc.edal.graphics.style.MapImage.drawImage(MapImage.java:70)
		at uk.ac.rdg.resc.edal.wms.WmsServlet.getMap(WmsServlet.java:533)
		at uk.ac.rdg.resc.edal.wms.WmsServlet.dispatchWmsRequest(WmsServlet.java:365)
		at thredds.server.wms.ThreddsWmsServlet.dispatchWmsRequest(ThreddsWmsServlet.java:119)
		at uk.ac.rdg.resc.edal.wms.WmsServlet.doGet(WmsServlet.java:300)
		... 47 more
24-Jan-2025 02:46:08.667 INFO [main] org.apache.catalina.core.ApplicationContext.log No Spring WebApplicationInitializer types detected on classpath
24-Jan-2025 02:46:09.741 INFO [main] org.apache.catalina.core.ApplicationContext.log Initializing Spring root WebApplicationContext
24-Jan-2025 02:46:20.609 INFO [main] org.apache.catalina.core.ApplicationContext.log Initializing Spring DispatcherServlet 'spring'
24-Jan-2025 02:51:57.100 INFO [main] org.apache.catalina.core.ApplicationContext.log No Spring WebApplicationInitializer types detected on classpath
24-Jan-2025 02:51:58.242 INFO [main] org.apache.catalina.core.ApplicationContext.log Initializing Spring root WebApplicationContext
24-Jan-2025 02:52:07.040 INFO [main] org.apache.catalina.core.ApplicationContext.log Initializing Spring DispatcherServlet 'spring'
24-Jan-2025 02:55:00.439 INFO [main] org.apache.catalina.core.ApplicationContext.log No Spring WebApplicationInitializer types detected on classpath
24-Jan-2025 02:55:02.168 INFO [main] org.apache.catalina.core.ApplicationContext.log Initializing Spring root WebApplicationContext
24-Jan-2025 02:55:12.847 INFO [main] org.apache.catalina.core.ApplicationContext.log Initializing Spring DispatcherServlet 'spring'
24-Jan-2025 02:57:51.655 INFO [main] org.apache.catalina.core.ApplicationContext.log No Spring WebApplicationInitializer types detected on classpath
24-Jan-2025 02:57:52.508 INFO [main] org.apache.catalina.core.ApplicationContext.log Initializing Spring root WebApplicationContext
24-Jan-2025 02:58:04.173 INFO [main] org.apache.catalina.core.ApplicationContext.log Initializing Spring DispatcherServlet 'spring'
24-Jan-2025 02:59:57.928 INFO [main] org.apache.catalina.core.ApplicationContext.log No Spring WebApplicationInitializer types detected on classpath
24-Jan-2025 02:59:58.837 INFO [main] org.apache.catalina.core.ApplicationContext.log Initializing Spring root WebApplicationContext
24-Jan-2025 03:00:16.491 INFO [main] org.apache.catalina.core.ApplicationContext.log Initializing Spring DispatcherServlet 'spring'
24-Jan-2025 03:02:35.354 INFO [main] org.apache.catalina.core.ApplicationContext.log No Spring WebApplicationInitializer types detected on classpath
24-Jan-2025 03:02:36.817 INFO [main] org.apache.catalina.core.ApplicationContext.log Initializing Spring root WebApplicationContext
24-Jan-2025 03:02:47.857 INFO [main] org.apache.catalina.core.ApplicationContext.log Initializing Spring DispatcherServlet 'spring'
24-Jan-2025 03:09:20.948 INFO [main] org.apache.catalina.core.ApplicationContext.log No Spring WebApplicationInitializer types detected on classpath
24-Jan-2025 03:09:22.395 INFO [main] org.apache.catalina.core.ApplicationContext.log Initializing Spring root WebApplicationContext
24-Jan-2025 03:09:35.273 INFO [main] org.apache.catalina.core.ApplicationContext.log Initializing Spring DispatcherServlet 'spring'
24-Jan-2025 03:10:59.145 INFO [main] org.apache.catalina.core.ApplicationContext.log No Spring WebApplicationInitializer types detected on classpath
24-Jan-2025 03:11:00.005 INFO [main] org.apache.catalina.core.ApplicationContext.log Initializing Spring root WebApplicationContext
24-Jan-2025 03:11:10.590 INFO [main] org.apache.catalina.core.ApplicationContext.log Initializing Spring DispatcherServlet 'spring'
24-Jan-2025 03:17:13.652 INFO [main] org.apache.catalina.core.ApplicationContext.log No Spring WebApplicationInitializer types detected on classpath
24-Jan-2025 03:17:14.942 INFO [main] org.apache.catalina.core.ApplicationContext.log Initializing Spring root WebApplicationContext
24-Jan-2025 03:17:26.859 INFO [main] org.apache.catalina.core.ApplicationContext.log Initializing Spring DispatcherServlet 'spring'
24-Jan-2025 03:20:38.569 INFO [main] org.apache.catalina.core.ApplicationContext.log No Spring WebApplicationInitializer types detected on classpath
24-Jan-2025 03:20:39.450 INFO [main] org.apache.catalina.core.ApplicationContext.log Initializing Spring root WebApplicationContext
24-Jan-2025 03:20:50.961 INFO [main] org.apache.catalina.core.ApplicationContext.log Initializing Spring DispatcherServlet 'spring'
